Added Member To Class: ClassName=Module_CYW20737A1KML2G Member=Component C1 DNP  NoBom
Added Member To Class: ClassName=Module_CYW20737A1KML2G Member=Component C2 DNP  NoBom
Added Member To Class: ClassName=Module_CYW20737A1KML2G Member=Component C3 DNP  NoBom
Added Member To Class: ClassName=Module_CYW20737A1KML2G Member=Component C4 1.5p 50V
Added Member To Class: ClassName=Module_CYW20737A1KML2G Member=Component C5 2.2u 10V
Added Member To Class: ClassName=Module_CYW20737A1KML2G Member=Component C6 2.2u 10V
Added Member To Class: ClassName=Module_CYW20737A1KML2G Member=Component C7 2.2u 10V
Added Member To Class: ClassName=Module_CYW20737A1KML2G Member=Component C8 10p 50V
Added Member To Class: ClassName=Module_CYW20737A1KML2G Member=Component C9 100n 25V
Added Member To Class: ClassName=Module_CYW20737A1KML2G Member=Component C10 10n 50V
Added Member To Class: ClassName=Module_CYW20737A1KML2G Member=Component C12 100n 25V
Added Member To Class: ClassName=Module_CYW20737A1KML2G Member=Component C13 100n 25V
Added Member To Class: ClassName=Module_CYW20737A1KML2G Member=Component C14 100n 25V
Added Member To Class: ClassName=Module_CYW20737A1KML2G Member=Component C15 10p
Added Member To Class: ClassName=Module_CYW20737A1KML2G Member=Component C16 20pF ±5% 50V
Added Member To Class: ClassName=Module_CYW20737A1KML2G Member=Component C17 10p
Added Member To Class: ClassName=Module_CYW20737A1KML2G Member=Component C18 100n 25V
Added Member To Class: ClassName=Module_CYW20737A1KML2G Member=Component C19 20pF ±5% 50V
Added Member To Class: ClassName=Module_CYW20737A1KML2G Member=Component C20 2.2u 10V
Added Member To Class: ClassName=Module_CYW20737A1KML2G Member=Component C21 100n 25V
Added Member To Class: ClassName=Module_CYW20737A1KML2G Member=Component DA1 MIC5317-3.3YM5-TR
Added Member To Class: ClassName=Module_CYW20737A1KML2G Member=Component DD1 CYW20737A1KML2G
Added Member To Class: ClassName=Module_CYW20737A1KML2G Member=Component DD2 MX25R4035FM1IL0 4Mb SPI
Added Member To Class: ClassName=Module_CYW20737A1KML2G Member=Component G1 32.768kHz ±20ppm
Added Member To Class: ClassName=Module_CYW20737A1KML2G Member=Component G2 24.0000MHZ 10ppM
Added Member To Class: ClassName=Module_CYW20737A1KML2G Member=Component L1 0 ohm NoBom
Added Member To Class: ClassName=Module_CYW20737A1KML2G Member=Component L2 0 ohm NoBom
Added Member To Class: ClassName=Module_CYW20737A1KML2G Member=Component R3 10k
Added Member To Class: ClassName=Module_CYW20737A1KML2G Member=Component R4 10k
Added Member To Class: ClassName=Module_CYW20737A1KML2G Member=Component R5 0
Added Member To Class: ClassName=Module_CYW20737A1KML2G Member=Component R6 10M 5%
Added Member To Class: ClassName=Module_CYW20737A1KML2G Member=Component R7 0
Added Member To Class: ClassName=Module_CYW20737A1KML2G Member=Component R8 10k
Added Member To Class: ClassName=Module_CYW20737A1KML2G Member=Component WA1 INVERTED-F ANTENNA-MIFA  2,4Ghz
Added Member To Class: ClassName=Module_CYW20737A1KML2G Member=Component XP1 PLS-4
Added Member To Class: ClassName=Module_CYW20737A1KML2G Member=Component XP2 PLS-6
Added Member To Class: ClassName=Module_CYW20737A1KML2G Member=Component ZL1 600Ohms@100MHz
Added Member To Class: ClassName=Module_CYW20737A1KML2G Member=Component ZL2 600Ohms@100MHz
