Removed Pin From Net: NetName=NetC1_2 Pin=XS1-1
Added Component: Designator=C16(CAPC1608(0603)N)
Add component (AddParameter): Name = "Digi-Key Part Number"; Value = "?"; VariantName = "[No Variations]"
Add component (AddParameter): Name = "HelpURL"; Value = "?"; VariantName = "[No Variations]"
Add component (AddParameter): Name = "Manufacturer Part Number"; Value = "?"; VariantName = "[No Variations]"
Add component (AddParameter): Name = "Note"; Value = "?"; VariantName = "[No Variations]"
Add component (AddParameter): Name = "Package"; Value = "?"; VariantName = "[No Variations]"
Add component (AddParameter): Name = "Part Number"; Value = "CAPC1608(0603)"; VariantName = "[No Variations]"
Add component (AddParameter): Name = "Price$"; Value = "?"; VariantName = "[No Variations]"
Added Component: Designator=C17(CAPC1608(0603)N)
Add component (AddParameter): Name = "Digi-Key Part Number"; Value = "?"; VariantName = "[No Variations]"
Add component (AddParameter): Name = "HelpURL"; Value = "?"; VariantName = "[No Variations]"
Add component (AddParameter): Name = "Manufacturer Part Number"; Value = "?"; VariantName = "[No Variations]"
Add component (AddParameter): Name = "Note"; Value = "?"; VariantName = "[No Variations]"
Add component (AddParameter): Name = "Package"; Value = "?"; VariantName = "[No Variations]"
Add component (AddParameter): Name = "Part Number"; Value = "CAPC1608(0603)"; VariantName = "[No Variations]"
Add component (AddParameter): Name = "Price$"; Value = "?"; VariantName = "[No Variations]"
Added Component: Designator=C18(CAPC1608(0603)N)
Add component (AddParameter): Name = "Digi-Key Part Number"; Value = "?"; VariantName = "[No Variations]"
Add component (AddParameter): Name = "HelpURL"; Value = "?"; VariantName = "[No Variations]"
Add component (AddParameter): Name = "Manufacturer Part Number"; Value = "?"; VariantName = "[No Variations]"
Add component (AddParameter): Name = "Note"; Value = "?"; VariantName = "[No Variations]"
Add component (AddParameter): Name = "Package"; Value = "?"; VariantName = "[No Variations]"
Add component (AddParameter): Name = "Part Number"; Value = "CAPC1608(0603)"; VariantName = "[No Variations]"
Add component (AddParameter): Name = "Price$"; Value = "?"; VariantName = "[No Variations]"
Added Component: Designator=C19(CAPC1608(0603)N)
Add component (AddParameter): Name = "Digi-Key Part Number"; Value = "?"; VariantName = "[No Variations]"
Add component (AddParameter): Name = "HelpURL"; Value = "?"; VariantName = "[No Variations]"
Add component (AddParameter): Name = "Manufacturer Part Number"; Value = "?"; VariantName = "[No Variations]"
Add component (AddParameter): Name = "Note"; Value = "?"; VariantName = "[No Variations]"
Add component (AddParameter): Name = "Package"; Value = "?"; VariantName = "[No Variations]"
Add component (AddParameter): Name = "Part Number"; Value = "CAPC1608(0603)"; VariantName = "[No Variations]"
Add component (AddParameter): Name = "Price$"; Value = "?"; VariantName = "[No Variations]"
Added Component: Designator=DD2(QFN24_L)
Add component (AddParameter): Name = "Digi-Key Part Number"; Value = "336-2006-5-ND"; VariantName = "[No Variations]"
Add component (AddParameter): Name = "HelpURL"; Value = "https://www.digikey.com/product-detail/en/silicon-labs/CP2110-F01-GM/336-2006-5-ND/2486180"; VariantName = "[No Variations]"
Add component (AddParameter): Name = "Manufacturer Part Number"; Value = "CP2110-F01-GM"; VariantName = "[No Variations]"
Add component (AddParameter): Name = "Package"; Value = "24-QFN (4x4)"; VariantName = "[No Variations]"
Add component (AddParameter): Name = "Part Number"; Value = "CP2110-F01-GM"; VariantName = "[No Variations]"
Add component (AddParameter): Name = "Price$"; Value = "1,54"; VariantName = "[No Variations]"
Added Component: Designator=HL9(LED-0603-GREEN)
Add component (AddParameter): Name = "Digi-Key Part Number"; Value = "732-12017-1-ND"; VariantName = "[No Variations]"
Add component (AddParameter): Name = "HelpURL"; Value = "https://www.digikey.com/products/en?keywords=732-12017-1-ND"; VariantName = "[No Variations]"
Add component (AddParameter): Name = "Manufacturer Part Number"; Value = "150060VS55040"; VariantName = "[No Variations]"
Add component (AddParameter): Name = "Note"; Value = "?"; VariantName = "[No Variations]"
Add component (AddParameter): Name = "Package"; Value = "?"; VariantName = "[No Variations]"
Add component (AddParameter): Name = "Part Number"; Value = "LED-0603-GREEN"; VariantName = "[No Variations]"
Add component (AddParameter): Name = "Price$"; Value = "?"; VariantName = "[No Variations]"
Added Component: Designator=HL10(LED-0603-GREEN)
Add component (AddParameter): Name = "Digi-Key Part Number"; Value = "732-12017-1-ND"; VariantName = "[No Variations]"
Add component (AddParameter): Name = "HelpURL"; Value = "https://www.digikey.com/products/en?keywords=732-12017-1-ND"; VariantName = "[No Variations]"
Add component (AddParameter): Name = "Manufacturer Part Number"; Value = "150060VS55040"; VariantName = "[No Variations]"
Add component (AddParameter): Name = "Note"; Value = "?"; VariantName = "[No Variations]"
Add component (AddParameter): Name = "Package"; Value = "?"; VariantName = "[No Variations]"
Add component (AddParameter): Name = "Part Number"; Value = "LED-0603-GREEN"; VariantName = "[No Variations]"
Add component (AddParameter): Name = "Price$"; Value = "?"; VariantName = "[No Variations]"
Added Component: Designator=R20(RESC1608(0603)N)
Add component (AddParameter): Name = "Digi-Key Part Number"; Value = "???"; VariantName = "[No Variations]"
Add component (AddParameter): Name = "HelpURL"; Value = "???"; VariantName = "[No Variations]"
Add component (AddParameter): Name = "Manufacturer Part Number"; Value = "???"; VariantName = "[No Variations]"
Add component (AddParameter): Name = "Note"; Value = "???"; VariantName = "[No Variations]"
Add component (AddParameter): Name = "Package"; Value = "???"; VariantName = "[No Variations]"
Add component (AddParameter): Name = "Part Number"; Value = "RESC1608(0603)"; VariantName = "[No Variations]"
Add component (AddParameter): Name = "Price$"; Value = "???"; VariantName = "[No Variations]"
Added Component: Designator=R21(RESC1608(0603)N)
Add component (AddParameter): Name = "Digi-Key Part Number"; Value = "???"; VariantName = "[No Variations]"
Add component (AddParameter): Name = "HelpURL"; Value = "???"; VariantName = "[No Variations]"
Add component (AddParameter): Name = "Manufacturer Part Number"; Value = "???"; VariantName = "[No Variations]"
Add component (AddParameter): Name = "Note"; Value = "???"; VariantName = "[No Variations]"
Add component (AddParameter): Name = "Package"; Value = "???"; VariantName = "[No Variations]"
Add component (AddParameter): Name = "Part Number"; Value = "RESC1608(0603)"; VariantName = "[No Variations]"
Add component (AddParameter): Name = "Price$"; Value = "???"; VariantName = "[No Variations]"
Added Component: Designator=R22(RESC1608(0603)N)
Add component (AddParameter): Name = "Digi-Key Part Number"; Value = "???"; VariantName = "[No Variations]"
Add component (AddParameter): Name = "HelpURL"; Value = "???"; VariantName = "[No Variations]"
Add component (AddParameter): Name = "Manufacturer Part Number"; Value = "???"; VariantName = "[No Variations]"
Add component (AddParameter): Name = "Note"; Value = "???"; VariantName = "[No Variations]"
Add component (AddParameter): Name = "Package"; Value = "???"; VariantName = "[No Variations]"
Add component (AddParameter): Name = "Part Number"; Value = "RESC1608(0603)"; VariantName = "[No Variations]"
Add component (AddParameter): Name = "Price$"; Value = "???"; VariantName = "[No Variations]"
Added Component: Designator=SW1(OS102011MS2QN1)
Add component (AddParameter): Name = "ComponentLink1Description"; Value = "Manufacturer Link"; VariantName = "[No Variations]"
Add component (AddParameter): Name = "ComponentLink1URL"; Value = "http://www.apem.com"; VariantName = "[No Variations]"
Add component (AddParameter): Name = "Digi-Key Part Number"; Value = "CKN9565-ND"; VariantName = "[No Variations]"
Add component (AddParameter): Name = "HelpURL"; Value = "https://www.digikey.com/product-detail/en/c-k/OS102011MS2QN1/CKN9565-ND/411602"; VariantName = "[No Variations]"
Add component (AddParameter): Name = "Manufacturer Part Number"; Value = "OS102011MS2QN1"; VariantName = "[No Variations]"
Add component (AddParameter): Name = "Note"; Value = "???"; VariantName = "[No Variations]"
Add component (AddParameter): Name = "Package"; Value = "???"; VariantName = "[No Variations]"
Add component (AddParameter): Name = "Part Number"; Value = "OS102011MS2QN1"; VariantName = "[No Variations]"
Add component (AddParameter): Name = "Price$"; Value = "???"; VariantName = "[No Variations]"
Added Pin To Net: NetName=GND Pin=C16-1
Added Pin To Net: NetName=GND Pin=C17-1
Added Pin To Net: NetName=+3V3 Pin=C17-2
Added Pin To Net: NetName=GND Pin=C18-1
Added Pin To Net: NetName=+3V3 Pin=C18-2
Added Pin To Net: NetName=GND Pin=C19-1
Added Pin To Net: NetName=NetC1_2 Pin=C19-2
Added Pin To Net: NetName=GND Pin=DD2-2
Added Pin To Net: NetName=+3V3 Pin=DD2-5
Added Pin To Net: NetName=+3V3 Pin=DD2-6
Added Pin To Net: NetName=NetC1_2 Pin=DD2-7
Added Pin To Net: NetName=NetC1_2 Pin=DD2-8
Added Pin To Net: NetName=Pin74 Pin=DD2-23
Added Pin To Net: NetName=Pin75 Pin=DD2-24
Added Pin To Net: NetName=GND Pin=DD2-25
Added Pin To Net: NetName=+3V3 Pin=R20-2
Added Pin To Net: NetName=+3V3 Pin=R21-2
Added Pin To Net: NetName=+3V3 Pin=R22-2
Added Pin To Net: NetName=NetC1_2 Pin=SW1-1
Added Pin To Net: NetName=NetC16_2 Pin=C16-2
Added Pin To Net: NetName=NetC16_2 Pin=DD2-16
Added Net: Name=NetC16_2
Added Pin To Net: NetName=NetDD2_3 Pin=DD2-3
Added Pin To Net: NetName=NetDD2_3 Pin=XS1-3
Added Net: Name=NetDD2_3
Added Pin To Net: NetName=NetDD2_4 Pin=DD2-4
Added Pin To Net: NetName=NetDD2_4 Pin=XS1-2
Added Net: Name=NetDD2_4
Added Pin To Net: NetName=NetDD2_9 Pin=DD2-9
Added Pin To Net: NetName=NetDD2_9 Pin=R20-1
Added Net: Name=NetDD2_9
Added Pin To Net: NetName=NetHL9_A Pin=HL9-A
Added Pin To Net: NetName=NetHL9_A Pin=R21-1
Added Net: Name=NetHL9_A
Added Pin To Net: NetName=NetHL10_A Pin=HL10-A
Added Pin To Net: NetName=NetHL10_A Pin=R22-1
Added Net: Name=NetHL10_A
Added Pin To Net: NetName=NetSW1_2 Pin=SW1-2
Added Pin To Net: NetName=NetSW1_2 Pin=XS1-1
Added Net: Name=NetSW1_2
Added Pin To Net: NetName=Pin72 Pin=DD2-20
Added Pin To Net: NetName=Pin72 Pin=HL10-K
Added Net: Name=Pin72
Added Pin To Net: NetName=Pin73 Pin=DD2-21
Added Pin To Net: NetName=Pin73 Pin=HL9-K
Added Net: Name=Pin73
Added Member To Class: ClassName=BRD_XC95144XL Member=Component C16 4.7u
Added Member To Class: ClassName=BRD_XC95144XL Member=Component C17 4.7u
Added Member To Class: ClassName=BRD_XC95144XL Member=Component C18 100n
Added Member To Class: ClassName=BRD_XC95144XL Member=Component C19 4.7u
Added Member To Class: ClassName=BRD_XC95144XL Member=Component DD2 CP2110-F01-GM
Added Member To Class: ClassName=BRD_XC95144XL Member=Component HL9 LED_Green
Added Member To Class: ClassName=BRD_XC95144XL Member=Component HL10 LED_Green
Added Member To Class: ClassName=BRD_XC95144XL Member=Component R20 10k
Added Member To Class: ClassName=BRD_XC95144XL Member=Component R21 520
Added Member To Class: ClassName=BRD_XC95144XL Member=Component R22 520
Added Member To Class: ClassName=BRD_XC95144XL Member=Component SW1 OS102011MS2QN1
