Change Component Designator: Old Designator=BLD1 New Designator=BLD?
Change Component Designator: Old Designator=C1 New Designator=C?
Change Component Designator: Old Designator=C2 New Designator=C?
Change Component Designator: Old Designator=C3 New Designator=C?
Change Component Designator: Old Designator=C4 New Designator=C?
Change Component Designator: Old Designator=C5 New Designator=C?
Change Component Designator: Old Designator=C6 New Designator=C?
Change Component Designator: Old Designator=C7 New Designator=C?
Change Component Designator: Old Designator=C8 New Designator=C?
Change Component Designator: Old Designator=C9 New Designator=C?
Change Component Designator: Old Designator=C10 New Designator=C?
Change Component Designator: Old Designator=C11 New Designator=C?
Change Component Designator: Old Designator=C12 New Designator=C?
Change Component Designator: Old Designator=C13 New Designator=C?
Change Component Designator: Old Designator=C14 New Designator=C?
Change Component Designator: Old Designator=C15 New Designator=C?
Change Component Designator: Old Designator=C16 New Designator=C?
Change Component Designator: Old Designator=C17 New Designator=C?
Change Component Designator: Old Designator=C18 New Designator=C?
Change Component Designator: Old Designator=C19 New Designator=C?
Change Component Designator: Old Designator=C20 New Designator=C?
Change Component Designator: Old Designator=C21 New Designator=C?
Change Component Designator: Old Designator=C22 New Designator=C?
Change Component Designator: Old Designator=DA1 New Designator=DA?
Change Component Designator: Old Designator=DD1 New Designator=DD?
Change Component Designator: Old Designator=DD1 New Designator=DD?
Change Component Designator: Old Designator=DD1 New Designator=DD?
Change Component Designator: Old Designator=DD1 New Designator=DD?
Change Component Designator: Old Designator=DD1 New Designator=DD?
Change Component Designator: Old Designator=DD1 New Designator=DD?
Change Component Designator: Old Designator=DD1 New Designator=DD?
Change Component Designator: Old Designator=DD1 New Designator=DD?
Change Component Designator: Old Designator=DD1 New Designator=DD?
Change Component Designator: Old Designator=DD1 New Designator=DD?
Change Component Designator: Old Designator=DD1 New Designator=DD?
Change Component Designator: Old Designator=DD2 New Designator=DD?
Change Component Designator: Old Designator=G1 New Designator=G?
Change Component Designator: Old Designator=HL1 New Designator=HL?
Change Component Designator: Old Designator=HL1 New Designator=HL?
Change Component Designator: Old Designator=HL2 New Designator=HL?
Change Component Designator: Old Designator=HL3 New Designator=HL?
Change Component Designator: Old Designator=HL4 New Designator=HL?
Change Component Designator: Old Designator=HL5 New Designator=HL?
Change Component Designator: Old Designator=HL6 New Designator=HL?
Change Component Designator: Old Designator=HL7 New Designator=HL?
Change Component Designator: Old Designator=HL8 New Designator=HL?
Change Component Designator: Old Designator=HL9 New Designator=HL?
Change Component Designator: Old Designator=HL10 New Designator=HL?
Change Component Designator: Old Designator=HL11 New Designator=HL?
Change Component Designator: Old Designator=HL12 New Designator=HL?
Change Component Designator: Old Designator=R1 New Designator=R?
Change Component Designator: Old Designator=R2 New Designator=R?
Change Component Designator: Old Designator=R3 New Designator=R?
Change Component Designator: Old Designator=R4 New Designator=R?
Change Component Designator: Old Designator=R5 New Designator=R?
Change Component Designator: Old Designator=R6 New Designator=R?
Change Component Designator: Old Designator=R7 New Designator=R?
Change Component Designator: Old Designator=R8 New Designator=R?
Change Component Designator: Old Designator=R9 New Designator=R?
Change Component Designator: Old Designator=R10 New Designator=R?
Change Component Designator: Old Designator=R11 New Designator=R?
Change Component Designator: Old Designator=R12 New Designator=R?
Change Component Designator: Old Designator=R13 New Designator=R?
Change Component Designator: Old Designator=R14 New Designator=R?
Change Component Designator: Old Designator=R15 New Designator=R?
Change Component Designator: Old Designator=R16 New Designator=R?
Change Component Designator: Old Designator=R17 New Designator=R?
Change Component Designator: Old Designator=R18 New Designator=R?
Change Component Designator: Old Designator=R19 New Designator=R?
Change Component Designator: Old Designator=R20 New Designator=R?
Change Component Designator: Old Designator=R21 New Designator=R?
Change Component Designator: Old Designator=R22 New Designator=R?
Change Component Designator: Old Designator=R23 New Designator=R?
Change Component Designator: Old Designator=R24 New Designator=R?
Change Component Designator: Old Designator=R25 New Designator=R?
Change Component Designator: Old Designator=R26 New Designator=R?
Change Component Designator: Old Designator=R27 New Designator=R?
Change Component Designator: Old Designator=R28 New Designator=R?
Change Component Designator: Old Designator=R29 New Designator=R?
Change Component Designator: Old Designator=R30 New Designator=R?
Change Component Designator: Old Designator=R31 New Designator=R?
Change Component Designator: Old Designator=R32 New Designator=R?
Change Component Designator: Old Designator=R33 New Designator=R?
Change Component Designator: Old Designator=R34 New Designator=R?
Change Component Designator: Old Designator=R35 New Designator=R?
Change Component Designator: Old Designator=R36 New Designator=R?
Change Component Designator: Old Designator=R37 New Designator=R?
Change Component Designator: Old Designator=R38 New Designator=R?
Change Component Designator: Old Designator=R39 New Designator=R?
Change Component Designator: Old Designator=R40 New Designator=R?
Change Component Designator: Old Designator=R41 New Designator=R?
Change Component Designator: Old Designator=R42 New Designator=R?
Change Component Designator: Old Designator=R43 New Designator=R?
Change Component Designator: Old Designator=R44 New Designator=R?
Change Component Designator: Old Designator=R45 New Designator=R?
Change Component Designator: Old Designator=R46 New Designator=R?
Change Component Designator: Old Designator=R47 New Designator=R?
Change Component Designator: Old Designator=R48 New Designator=R?
Change Component Designator: Old Designator=R49 New Designator=R?
Change Component Designator: Old Designator=R50 New Designator=R?
Change Component Designator: Old Designator=R51 New Designator=R?
Change Component Designator: Old Designator=R52 New Designator=R?
Change Component Designator: Old Designator=R53 New Designator=R?
Change Component Designator: Old Designator=R54 New Designator=R?
Change Component Designator: Old Designator=RP1 New Designator=RP?
Change Component Designator: Old Designator=S1 New Designator=S?
Change Component Designator: Old Designator=S1 New Designator=S?
Change Component Designator: Old Designator=S1 New Designator=S?
Change Component Designator: Old Designator=S1 New Designator=S?
Change Component Designator: Old Designator=S1 New Designator=S?
Change Component Designator: Old Designator=S1 New Designator=S?
Change Component Designator: Old Designator=S1 New Designator=S?
Change Component Designator: Old Designator=S1 New Designator=S?
Change Component Designator: Old Designator=SB1 New Designator=SB?
Change Component Designator: Old Designator=SB2 New Designator=SB?
Change Component Designator: Old Designator=SB3 New Designator=SB?
Change Component Designator: Old Designator=SB4 New Designator=SB?
Change Component Designator: Old Designator=SB5 New Designator=SB?
Change Component Designator: Old Designator=SB6 New Designator=SB?
Change Component Designator: Old Designator=SB7 New Designator=SB?
Change Component Designator: Old Designator=SB8 New Designator=SB?
Change Component Designator: Old Designator=SW1 New Designator=SW?
Change Component Designator: Old Designator=VT1 New Designator=VT?
Change Component Designator: Old Designator=VT2 New Designator=VT?
Change Component Designator: Old Designator=VT3 New Designator=VT?
Change Component Designator: Old Designator=VT4 New Designator=VT?
Change Component Designator: Old Designator=VT5 New Designator=VT?
Change Component Designator: Old Designator=VT6 New Designator=VT?
Change Component Designator: Old Designator=VT7 New Designator=VT?
Change Component Designator: Old Designator=VT8 New Designator=VT?
Change Component Designator: Old Designator=X1 New Designator=X?
Change Component Designator: Old Designator=X2 New Designator=X?
Change Component Designator: Old Designator=X3 New Designator=X?
Change Component Designator: Old Designator=X4 New Designator=X?
Change Component Designator: Old Designator=X5 New Designator=X?
Change Component Designator: Old Designator=X6 New Designator=X?
Change Component Designator: Old Designator=X7 New Designator=X?
Change Component Designator: Old Designator=X8 New Designator=X?
Change Component Designator: Old Designator=X9 New Designator=X?
Change Component Designator: Old Designator=X10 New Designator=X?
Change Component Designator: Old Designator=X11 New Designator=X?
Change Component Designator: Old Designator=X12 New Designator=X?
Change Component Designator: Old Designator=X13 New Designator=X?
Change Component Designator: Old Designator=X14 New Designator=X?
Change Component Designator: Old Designator=X15 New Designator=X?
Change Component Designator: Old Designator=X16 New Designator=X?
Change Component Designator: Old Designator=X17 New Designator=X?
Change Component Designator: Old Designator=X18 New Designator=X?
Change Component Designator: Old Designator=X19 New Designator=X?
Change Component Designator: Old Designator=X20 New Designator=X?
Change Component Designator: Old Designator=X21 New Designator=X?
Change Component Designator: Old Designator=X22 New Designator=X?
Change Component Designator: Old Designator=X23 New Designator=X?
Change Component Designator: Old Designator=X24 New Designator=X?
Change Component Designator: Old Designator=X25 New Designator=X?
Change Component Designator: Old Designator=X26 New Designator=X?
Change Component Designator: Old Designator=X27 New Designator=X?
Change Component Designator: Old Designator=X28 New Designator=X?
Change Component Designator: Old Designator=X29 New Designator=X?
Change Component Designator: Old Designator=X30 New Designator=X?
Change Component Designator: Old Designator=X31 New Designator=X?
Change Component Designator: Old Designator=X32 New Designator=X?
Change Component Designator: Old Designator=X33 New Designator=X?
Change Component Designator: Old Designator=X34 New Designator=X?
Change Component Designator: Old Designator=X35 New Designator=X?
Change Component Designator: Old Designator=X36 New Designator=X?
Change Component Designator: Old Designator=X37 New Designator=X?
Change Component Designator: Old Designator=X38 New Designator=X?
Change Component Designator: Old Designator=X39 New Designator=X?
Change Component Designator: Old Designator=X40 New Designator=X?
Change Component Designator: Old Designator=X41 New Designator=X?
Change Component Designator: Old Designator=X42 New Designator=X?
Change Component Designator: Old Designator=X43 New Designator=X?
Change Component Designator: Old Designator=X44 New Designator=X?
Change Component Designator: Old Designator=X45 New Designator=X?
Change Component Designator: Old Designator=X46 New Designator=X?
Change Component Designator: Old Designator=X47 New Designator=X?
Change Component Designator: Old Designator=X48 New Designator=X?
Change Component Designator: Old Designator=X49 New Designator=X?
Change Component Designator: Old Designator=X50 New Designator=X?
Change Component Designator: Old Designator=X51 New Designator=X?
Change Component Designator: Old Designator=X52 New Designator=X?
Change Component Designator: Old Designator=X53 New Designator=X?
Change Component Designator: Old Designator=X54 New Designator=X?
Change Component Designator: Old Designator=X55 New Designator=X?
Change Component Designator: Old Designator=X56 New Designator=X?
Change Component Designator: Old Designator=X57 New Designator=X?
Change Component Designator: Old Designator=X58 New Designator=X?
Change Component Designator: Old Designator=X59 New Designator=X?
Change Component Designator: Old Designator=X60 New Designator=X?
Change Component Designator: Old Designator=X61 New Designator=X?
Change Component Designator: Old Designator=X62 New Designator=X?
Change Component Designator: Old Designator=X63 New Designator=X?
Change Component Designator: Old Designator=X64 New Designator=X?
Change Component Designator: Old Designator=X65 New Designator=X?
Change Component Designator: Old Designator=X66 New Designator=X?
Change Component Designator: Old Designator=X67 New Designator=X?
Change Component Designator: Old Designator=X68 New Designator=X?
Change Component Designator: Old Designator=X69 New Designator=X?
Change Component Designator: Old Designator=X70 New Designator=X?
Change Component Designator: Old Designator=X71 New Designator=X?
Change Component Designator: Old Designator=X72 New Designator=X?
Change Component Designator: Old Designator=X73 New Designator=X?
Change Component Designator: Old Designator=X74 New Designator=X?
Change Component Designator: Old Designator=X75 New Designator=X?
Change Component Designator: Old Designator=X76 New Designator=X?
Change Component Designator: Old Designator=X77 New Designator=X?
Change Component Designator: Old Designator=X78 New Designator=X?
Change Component Designator: Old Designator=X79 New Designator=X?
Change Component Designator: Old Designator=X80 New Designator=X?
Change Component Designator: Old Designator=X81 New Designator=X?
Change Component Designator: Old Designator=X82 New Designator=X?
Change Component Designator: Old Designator=X83 New Designator=X?
Change Component Designator: Old Designator=X84 New Designator=X?
Change Component Designator: Old Designator=X85 New Designator=X?
Change Component Designator: Old Designator=X86 New Designator=X?
Change Component Designator: Old Designator=X87 New Designator=X?
Change Component Designator: Old Designator=X88 New Designator=X?
Change Component Designator: Old Designator=X89 New Designator=X?
Change Component Designator: Old Designator=X90 New Designator=X?
Change Component Designator: Old Designator=X91 New Designator=X?
Change Component Designator: Old Designator=X92 New Designator=X?
Change Component Designator: Old Designator=X93 New Designator=X?
Change Component Designator: Old Designator=X94 New Designator=X?
Change Component Designator: Old Designator=X95 New Designator=X?
Change Component Designator: Old Designator=X96 New Designator=X?
Change Component Designator: Old Designator=X97 New Designator=X?
Change Component Designator: Old Designator=X98 New Designator=X?
Change Component Designator: Old Designator=X99 New Designator=X?
Change Component Designator: Old Designator=X100 New Designator=X?
Change Component Designator: Old Designator=X101 New Designator=X?
Change Component Designator: Old Designator=X102 New Designator=X?
Change Component Designator: Old Designator=X103 New Designator=X?
Change Component Designator: Old Designator=X104 New Designator=X?
Change Component Designator: Old Designator=X105 New Designator=X?
Change Component Designator: Old Designator=X106 New Designator=X?
Change Component Designator: Old Designator=X107 New Designator=X?
Change Component Designator: Old Designator=X108 New Designator=X?
Change Component Designator: Old Designator=X109 New Designator=X?
Change Component Designator: Old Designator=X110 New Designator=X?
Change Component Designator: Old Designator=X111 New Designator=X?
Change Component Designator: Old Designator=X112 New Designator=X?
Change Component Designator: Old Designator=X113 New Designator=X?
Change Component Designator: Old Designator=X114 New Designator=X?
Change Component Designator: Old Designator=X115 New Designator=X?
Change Component Designator: Old Designator=X116 New Designator=X?
Change Component Designator: Old Designator=X117 New Designator=X?
Change Component Designator: Old Designator=XP1 New Designator=XP?
Change Component Designator: Old Designator=XP2 New Designator=XP?
Change Component Designator: Old Designator=XP3 New Designator=XP?
Change Component Designator: Old Designator=XP3 New Designator=XP?
Change Component Designator: Old Designator=XP4 New Designator=XP?
Change Component Designator: Old Designator=XP4 New Designator=XP?
Change Component Designator: Old Designator=XP5 New Designator=XP?
Change Component Designator: Old Designator=XP5 New Designator=XP?
Change Component Designator: Old Designator=XP6 New Designator=XP?
Change Component Designator: Old Designator=XP6 New Designator=XP?
Change Component Designator: Old Designator=XS1 New Designator=XS?
