Added Component: Designator=BLD?(TSOP98638)
Add component (AddParameter): Name = "HelpURL"; Value = "https://eu.mouser.com/ProductDetail/Vishay-Semiconductors/TSOP98638?qs=sGAEpiMZZMvAL21a%2FDhxMux9%252B3JMN1KByARZ0rnwx0RiIZEfXUI3Hg%3D%3D"; VariantName = "[No Variations]"
Add component (AddParameter): Name = "Manufacturer Part Number"; Value = "TSOP98638"; VariantName = "[No Variations]"
Add component (AddParameter): Name = "MouserPart Number"; Value = "78-TSOP98638"; VariantName = "[No Variations]"
Add component (AddParameter): Name = "Part Number"; Value = "TSOP98638"; VariantName = "[No Variations]"
Add component (AddParameter): Name = "Price$"; Value = "0.34"; VariantName = "[No Variations]"
Added Component: Designator=C?(CAPC1608(0603)N)
Add component (AddParameter): Name = "Digi-Key Part Number"; Value = "?"; VariantName = "[No Variations]"
Add component (AddParameter): Name = "HelpURL"; Value = "?"; VariantName = "[No Variations]"
Add component (AddParameter): Name = "Manufacturer Part Number"; Value = "?"; VariantName = "[No Variations]"
Add component (AddParameter): Name = "Note"; Value = "?"; VariantName = "[No Variations]"
Add component (AddParameter): Name = "Package"; Value = "?"; VariantName = "[No Variations]"
Add component (AddParameter): Name = "Part Number"; Value = "CAPC1608(0603)"; VariantName = "[No Variations]"
Add component (AddParameter): Name = "Price$"; Value = "?"; VariantName = "[No Variations]"
Added Component: Designator=R?(RESC1608(0603)N)
Add component (AddParameter): Name = "Digi-Key Part Number"; Value = "???"; VariantName = "[No Variations]"
Add component (AddParameter): Name = "HelpURL"; Value = "???"; VariantName = "[No Variations]"
Add component (AddParameter): Name = "Manufacturer Part Number"; Value = "???"; VariantName = "[No Variations]"
Add component (AddParameter): Name = "Note"; Value = "???"; VariantName = "[No Variations]"
Add component (AddParameter): Name = "Package"; Value = "???"; VariantName = "[No Variations]"
Add component (AddParameter): Name = "Part Number"; Value = "RESC1608(0603)"; VariantName = "[No Variations]"
Add component (AddParameter): Name = "Price$"; Value = "???"; VariantName = "[No Variations]"
Added Pin To Net: NetName=GND Pin=BLD?-2
Added Pin To Net: NetName=+3V3 Pin=BLD?-3
Added Pin To Net: NetName=GND Pin=C?-1
Added Pin To Net: NetName=+3V3 Pin=C?-2
Added Pin To Net: NetName=NetBLD?_1 Pin=BLD?-1
Added Pin To Net: NetName=NetBLD?_1 Pin=R?-1
Added Net: Name=NetBLD?_1
Added Member To Class: ClassName=BRD_XC95144XL Member=Component BLD? TSOP98638
Added Member To Class: ClassName=BRD_XC95144XL Member=Component C? 100n
Added Member To Class: ClassName=BRD_XC95144XL Member=Component HL1 LED_Green
Added Member To Class: ClassName=BRD_XC95144XL Member=Component R? 520
