Added Component: Designator=C1(CAPC1608(0603)N)
Add component (AddParameter): Name = "Digi-Key Part Number"; Value = "?"; VariantName = "[No Variations]"
Add component (AddParameter): Name = "HelpURL"; Value = "?"; VariantName = "[No Variations]"
Add component (AddParameter): Name = "Manufacturer Part Number"; Value = "?"; VariantName = "[No Variations]"
Add component (AddParameter): Name = "Note"; Value = "?"; VariantName = "[No Variations]"
Add component (AddParameter): Name = "Package"; Value = "?"; VariantName = "[No Variations]"
Add component (AddParameter): Name = "Part Number"; Value = "CAPC1608(0603)"; VariantName = "[No Variations]"
Add component (AddParameter): Name = "Price$"; Value = "?"; VariantName = "[No Variations]"
Added Component: Designator=C2(CAPC1608(0603)N)
Add component (AddParameter): Name = "Digi-Key Part Number"; Value = "?"; VariantName = "[No Variations]"
Add component (AddParameter): Name = "HelpURL"; Value = "?"; VariantName = "[No Variations]"
Add component (AddParameter): Name = "Manufacturer Part Number"; Value = "?"; VariantName = "[No Variations]"
Add component (AddParameter): Name = "Note"; Value = "?"; VariantName = "[No Variations]"
Add component (AddParameter): Name = "Package"; Value = "?"; VariantName = "[No Variations]"
Add component (AddParameter): Name = "Part Number"; Value = "CAPC1608(0603)"; VariantName = "[No Variations]"
Add component (AddParameter): Name = "Price$"; Value = "?"; VariantName = "[No Variations]"
Added Component: Designator=C3(CAPC1608(0603)N)
Add component (AddParameter): Name = "Digi-Key Part Number"; Value = "?"; VariantName = "[No Variations]"
Add component (AddParameter): Name = "HelpURL"; Value = "?"; VariantName = "[No Variations]"
Add component (AddParameter): Name = "Manufacturer Part Number"; Value = "?"; VariantName = "[No Variations]"
Add component (AddParameter): Name = "Note"; Value = "?"; VariantName = "[No Variations]"
Add component (AddParameter): Name = "Package"; Value = "?"; VariantName = "[No Variations]"
Add component (AddParameter): Name = "Part Number"; Value = "CAPC1608(0603)"; VariantName = "[No Variations]"
Add component (AddParameter): Name = "Price$"; Value = "?"; VariantName = "[No Variations]"
Added Component: Designator=C4(CAPC1608(0603)N)
Add component (AddParameter): Name = "Digi-Key Part Number"; Value = "?"; VariantName = "[No Variations]"
Add component (AddParameter): Name = "HelpURL"; Value = "?"; VariantName = "[No Variations]"
Add component (AddParameter): Name = "Manufacturer Part Number"; Value = "?"; VariantName = "[No Variations]"
Add component (AddParameter): Name = "Note"; Value = "?"; VariantName = "[No Variations]"
Add component (AddParameter): Name = "Package"; Value = "?"; VariantName = "[No Variations]"
Add component (AddParameter): Name = "Part Number"; Value = "CAPC1608(0603)"; VariantName = "[No Variations]"
Add component (AddParameter): Name = "Price$"; Value = "?"; VariantName = "[No Variations]"
Added Component: Designator=C5(CAPC1608(0603)N)
Add component (AddParameter): Name = "Digi-Key Part Number"; Value = "?"; VariantName = "[No Variations]"
Add component (AddParameter): Name = "HelpURL"; Value = "?"; VariantName = "[No Variations]"
Add component (AddParameter): Name = "Manufacturer Part Number"; Value = "?"; VariantName = "[No Variations]"
Add component (AddParameter): Name = "Note"; Value = "?"; VariantName = "[No Variations]"
Add component (AddParameter): Name = "Package"; Value = "?"; VariantName = "[No Variations]"
Add component (AddParameter): Name = "Part Number"; Value = "CAPC1608(0603)"; VariantName = "[No Variations]"
Add component (AddParameter): Name = "Price$"; Value = "?"; VariantName = "[No Variations]"
Added Component: Designator=C6(CAPC1608(0603)N)
Add component (AddParameter): Name = "Digi-Key Part Number"; Value = "?"; VariantName = "[No Variations]"
Add component (AddParameter): Name = "HelpURL"; Value = "?"; VariantName = "[No Variations]"
Add component (AddParameter): Name = "Manufacturer Part Number"; Value = "?"; VariantName = "[No Variations]"
Add component (AddParameter): Name = "Note"; Value = "?"; VariantName = "[No Variations]"
Add component (AddParameter): Name = "Package"; Value = "?"; VariantName = "[No Variations]"
Add component (AddParameter): Name = "Part Number"; Value = "CAPC1608(0603)"; VariantName = "[No Variations]"
Add component (AddParameter): Name = "Price$"; Value = "?"; VariantName = "[No Variations]"
Added Component: Designator=C7(CAPC1608(0603)N)
Add component (AddParameter): Name = "Digi-Key Part Number"; Value = "?"; VariantName = "[No Variations]"
Add component (AddParameter): Name = "HelpURL"; Value = "?"; VariantName = "[No Variations]"
Add component (AddParameter): Name = "Manufacturer Part Number"; Value = "?"; VariantName = "[No Variations]"
Add component (AddParameter): Name = "Note"; Value = "?"; VariantName = "[No Variations]"
Add component (AddParameter): Name = "Package"; Value = "?"; VariantName = "[No Variations]"
Add component (AddParameter): Name = "Part Number"; Value = "CAPC1608(0603)"; VariantName = "[No Variations]"
Add component (AddParameter): Name = "Price$"; Value = "?"; VariantName = "[No Variations]"
Added Component: Designator=C8(CAPC1608(0603)N)
Add component (AddParameter): Name = "Digi-Key Part Number"; Value = "?"; VariantName = "[No Variations]"
Add component (AddParameter): Name = "HelpURL"; Value = "?"; VariantName = "[No Variations]"
Add component (AddParameter): Name = "Manufacturer Part Number"; Value = "?"; VariantName = "[No Variations]"
Add component (AddParameter): Name = "Note"; Value = "?"; VariantName = "[No Variations]"
Add component (AddParameter): Name = "Package"; Value = "?"; VariantName = "[No Variations]"
Add component (AddParameter): Name = "Part Number"; Value = "CAPC1608(0603)"; VariantName = "[No Variations]"
Add component (AddParameter): Name = "Price$"; Value = "?"; VariantName = "[No Variations]"
Added Component: Designator=C9(CAPC1608(0603)N)
Add component (AddParameter): Name = "Digi-Key Part Number"; Value = "?"; VariantName = "[No Variations]"
Add component (AddParameter): Name = "HelpURL"; Value = "?"; VariantName = "[No Variations]"
Add component (AddParameter): Name = "Manufacturer Part Number"; Value = "?"; VariantName = "[No Variations]"
Add component (AddParameter): Name = "Note"; Value = "?"; VariantName = "[No Variations]"
Add component (AddParameter): Name = "Package"; Value = "?"; VariantName = "[No Variations]"
Add component (AddParameter): Name = "Part Number"; Value = "CAPC1608(0603)"; VariantName = "[No Variations]"
Add component (AddParameter): Name = "Price$"; Value = "?"; VariantName = "[No Variations]"
Added Component: Designator=C10(CAPC1608(0603)N)
Add component (AddParameter): Name = "Digi-Key Part Number"; Value = "?"; VariantName = "[No Variations]"
Add component (AddParameter): Name = "HelpURL"; Value = "?"; VariantName = "[No Variations]"
Add component (AddParameter): Name = "Manufacturer Part Number"; Value = "?"; VariantName = "[No Variations]"
Add component (AddParameter): Name = "Note"; Value = "?"; VariantName = "[No Variations]"
Add component (AddParameter): Name = "Package"; Value = "?"; VariantName = "[No Variations]"
Add component (AddParameter): Name = "Part Number"; Value = "CAPC1608(0603)"; VariantName = "[No Variations]"
Add component (AddParameter): Name = "Price$"; Value = "?"; VariantName = "[No Variations]"
Added Component: Designator=C11(CAPC1608(0603)N)
Add component (AddParameter): Name = "Digi-Key Part Number"; Value = "?"; VariantName = "[No Variations]"
Add component (AddParameter): Name = "HelpURL"; Value = "?"; VariantName = "[No Variations]"
Add component (AddParameter): Name = "Manufacturer Part Number"; Value = "?"; VariantName = "[No Variations]"
Add component (AddParameter): Name = "Note"; Value = "?"; VariantName = "[No Variations]"
Add component (AddParameter): Name = "Package"; Value = "?"; VariantName = "[No Variations]"
Add component (AddParameter): Name = "Part Number"; Value = "CAPC1608(0603)"; VariantName = "[No Variations]"
Add component (AddParameter): Name = "Price$"; Value = "?"; VariantName = "[No Variations]"
Added Component: Designator=C12(CAPC1608(0603)N)
Add component (AddParameter): Name = "Digi-Key Part Number"; Value = "?"; VariantName = "[No Variations]"
Add component (AddParameter): Name = "HelpURL"; Value = "?"; VariantName = "[No Variations]"
Add component (AddParameter): Name = "Manufacturer Part Number"; Value = "?"; VariantName = "[No Variations]"
Add component (AddParameter): Name = "Note"; Value = "?"; VariantName = "[No Variations]"
Add component (AddParameter): Name = "Package"; Value = "?"; VariantName = "[No Variations]"
Add component (AddParameter): Name = "Part Number"; Value = "CAPC1608(0603)"; VariantName = "[No Variations]"
Add component (AddParameter): Name = "Price$"; Value = "?"; VariantName = "[No Variations]"
Added Component: Designator=C13(CAPC1608(0603)N)
Add component (AddParameter): Name = "Digi-Key Part Number"; Value = "?"; VariantName = "[No Variations]"
Add component (AddParameter): Name = "HelpURL"; Value = "?"; VariantName = "[No Variations]"
Add component (AddParameter): Name = "Manufacturer Part Number"; Value = "?"; VariantName = "[No Variations]"
Add component (AddParameter): Name = "Note"; Value = "?"; VariantName = "[No Variations]"
Add component (AddParameter): Name = "Package"; Value = "?"; VariantName = "[No Variations]"
Add component (AddParameter): Name = "Part Number"; Value = "CAPC1608(0603)"; VariantName = "[No Variations]"
Add component (AddParameter): Name = "Price$"; Value = "?"; VariantName = "[No Variations]"
Added Component: Designator=C14(CAPC1608(0603)N)
Add component (AddParameter): Name = "Digi-Key Part Number"; Value = "?"; VariantName = "[No Variations]"
Add component (AddParameter): Name = "HelpURL"; Value = "?"; VariantName = "[No Variations]"
Add component (AddParameter): Name = "Manufacturer Part Number"; Value = "?"; VariantName = "[No Variations]"
Add component (AddParameter): Name = "Note"; Value = "?"; VariantName = "[No Variations]"
Add component (AddParameter): Name = "Package"; Value = "?"; VariantName = "[No Variations]"
Add component (AddParameter): Name = "Part Number"; Value = "CAPC1608(0603)"; VariantName = "[No Variations]"
Add component (AddParameter): Name = "Price$"; Value = "?"; VariantName = "[No Variations]"
Added Component: Designator=C15(CAPC1608(0603)N)
Add component (AddParameter): Name = "Digi-Key Part Number"; Value = "?"; VariantName = "[No Variations]"
Add component (AddParameter): Name = "HelpURL"; Value = "?"; VariantName = "[No Variations]"
Add component (AddParameter): Name = "Manufacturer Part Number"; Value = "?"; VariantName = "[No Variations]"
Add component (AddParameter): Name = "Note"; Value = "?"; VariantName = "[No Variations]"
Add component (AddParameter): Name = "Package"; Value = "?"; VariantName = "[No Variations]"
Add component (AddParameter): Name = "Part Number"; Value = "CAPC1608(0603)"; VariantName = "[No Variations]"
Add component (AddParameter): Name = "Price$"; Value = "?"; VariantName = "[No Variations]"
Added Component: Designator=DA1(SOT223_M)
Add component (AddParameter): Name = "Digi-Key Part Number"; Value = "?"; VariantName = "[No Variations]"
Add component (AddParameter): Name = "HelpURL"; Value = "http://www.mouser.com/ds/2/389/CD00000544-310772.pdf"; VariantName = "[No Variations]"
Add component (AddParameter): Name = "Manufacturer Part Number"; Value = "?"; VariantName = "[No Variations]"
Add component (AddParameter): Name = "Note"; Value = "?"; VariantName = "[No Variations]"
Add component (AddParameter): Name = "Package"; Value = "?"; VariantName = "[No Variations]"
Add component (AddParameter): Name = "Part Number"; Value = "LD1117S33T"; VariantName = "[No Variations]"
Add component (AddParameter): Name = "Price$"; Value = "?"; VariantName = "[No Variations]"
Added Component: Designator=DD1(TQ144_M)
Add component (AddParameter): Name = "Code_JEDEC"; Value = "MS-026-BFB"; VariantName = "[No Variations]"
Add component (AddParameter): Name = "ComponentLink1Description"; Value = "XC95144XL Datasheet"; VariantName = "[No Variations]"
Add component (AddParameter): Name = "ComponentLink1URL"; Value = "http://www.xilinx.com/support/documentation/data_sheets/ds056.pdf"; VariantName = "[No Variations]"
Add component (AddParameter): Name = "ComponentLink2Description"; Value = "TQ144 Package Drawing"; VariantName = "[No Variations]"
Add component (AddParameter): Name = "ComponentLink2URL"; Value = "http://www.xilinx.com/support/documentation/package_specs/tq144.pdf"; VariantName = "[No Variations]"
Add component (AddParameter): Name = "ComponentLink3Description"; Value = "XC9500XL Documents"; VariantName = "[No Variations]"
Add component (AddParameter): Name = "ComponentLink3URL"; Value = "http://www.xilinx.com/support/documentation/xc9500xl.htm"; VariantName = "[No Variations]"
Add component (AddParameter): Name = "ComponentLink4Description"; Value = "Xilinx.com Home"; VariantName = "[No Variations]"
Add component (AddParameter): Name = "ComponentLink4URL"; Value = "http://www.xilinx.com"; VariantName = "[No Variations]"
Add component (AddParameter): Name = "DatasheetVersion"; Value = "ver2.0, Apr-2007"; VariantName = "[No Variations]"
Add component (AddParameter): Name = "HelpURL"; Value = "https://eu.mouser.com/ProductDetail/Xilinx/XC95144XL-10TQ144C?qs=%2Fha2pyFadugTsCOhII8KNhsdGgeTmifNm2GEPSy%2F%252BVgXqq8fbWDCPCTEWIHflfdW"; VariantName = "[No Variations]"
Add component (AddParameter): Name = "LatestRevisionDate"; Value = "18-Nov-2009"; VariantName = "[No Variations]"
Add component (AddParameter): Name = "LatestRevisionNote"; Value = "Updated to datasheet version 2.5 May-2009."; VariantName = "[No Variations]"
Add component (AddParameter): Name = "Manufacturer Part Number"; Value = "XC95144XL-10TQ144C"; VariantName = "[No Variations]"
Add component (AddParameter): Name = "Mouser Part Number"; Value = "217-95144XL-10TQ144C
XC95144XL-10TQ144C"; VariantName = "[No Variations]"
Add component (AddParameter): Name = "PackageDescription"; Value = "144-Pin Thin Quad Flat Pack (TQ144)"; VariantName = "[No Variations]"
Add component (AddParameter): Name = "PackageReference"; Value = "TQ144"; VariantName = "[No Variations]"
Add component (AddParameter): Name = "PackageVersion"; Value = "ver1.2, Jun-2004"; VariantName = "[No Variations]"
Add component (AddParameter): Name = "Part Number"; Value = "XC95144XL-10TQ144C"; VariantName = "[No Variations]"
Add component (AddParameter): Name = "Published"; Value = "17-Jul-2002"; VariantName = "[No Variations]"
Add component (AddParameter): Name = "Publisher"; Value = "Altium Limited"; VariantName = "[No Variations]"
Add component (AddParameter): Name = "Supplier 1"; Value = "Newark"; VariantName = "[No Variations]"
Add component (AddParameter): Name = "Supplier Part Number 1"; Value = "57K6676"; VariantName = "[No Variations]"
Added Component: Designator=G1(SG-8018CA)
Add component (AddParameter): Name = "HelpURL"; Value = "https://eu.mouser.com/ProductDetail/Epson-Timing/SG-8018CA-500000M-TJHPA3?qs=sGAEpiMZZMtldj7qu1ydrbV2KlGvrVWIY9gBdo%252BVXqTvRWd88c1eVw%3D%3D"; VariantName = "[No Variations]"
Add component (AddParameter): Name = "Manufacturer Part Number"; Value = "SG-8018CA 50.0000M-TJHPA3"; VariantName = "[No Variations]"
Add component (AddParameter): Name = "Part Number"; Value = "SG-8018CA 50.0000M-TJHPA3"; VariantName = "[No Variations]"
Add component (AddParameter): Name = "Price$"; Value = "0.763"; VariantName = "[No Variations]"
Added Component: Designator=HL1(LED-0603-GREEN)
Add component (AddParameter): Name = "Digi-Key Part Number"; Value = "732-12017-1-ND"; VariantName = "[No Variations]"
Add component (AddParameter): Name = "HelpURL"; Value = "https://www.digikey.com/products/en?keywords=732-12017-1-ND"; VariantName = "[No Variations]"
Add component (AddParameter): Name = "Manufacturer Part Number"; Value = "150060VS55040"; VariantName = "[No Variations]"
Add component (AddParameter): Name = "Note"; Value = "?"; VariantName = "[No Variations]"
Add component (AddParameter): Name = "Package"; Value = "?"; VariantName = "[No Variations]"
Add component (AddParameter): Name = "Part Number"; Value = "LED-0603-GREEN"; VariantName = "[No Variations]"
Add component (AddParameter): Name = "Price$"; Value = "?"; VariantName = "[No Variations]"
Added Component: Designator=HL2(LED-0603-GREEN)
Add component (AddParameter): Name = "Digi-Key Part Number"; Value = "732-12017-1-ND"; VariantName = "[No Variations]"
Add component (AddParameter): Name = "HelpURL"; Value = "https://www.digikey.com/products/en?keywords=732-12017-1-ND"; VariantName = "[No Variations]"
Add component (AddParameter): Name = "Manufacturer Part Number"; Value = "150060VS55040"; VariantName = "[No Variations]"
Add component (AddParameter): Name = "Note"; Value = "?"; VariantName = "[No Variations]"
Add component (AddParameter): Name = "Package"; Value = "?"; VariantName = "[No Variations]"
Add component (AddParameter): Name = "Part Number"; Value = "LED-0603-GREEN"; VariantName = "[No Variations]"
Add component (AddParameter): Name = "Price$"; Value = "?"; VariantName = "[No Variations]"
Added Component: Designator=HL3(LED-0603-GREEN)
Add component (AddParameter): Name = "Digi-Key Part Number"; Value = "732-12017-1-ND"; VariantName = "[No Variations]"
Add component (AddParameter): Name = "HelpURL"; Value = "https://www.digikey.com/products/en?keywords=732-12017-1-ND"; VariantName = "[No Variations]"
Add component (AddParameter): Name = "Manufacturer Part Number"; Value = "150060VS55040"; VariantName = "[No Variations]"
Add component (AddParameter): Name = "Note"; Value = "?"; VariantName = "[No Variations]"
Add component (AddParameter): Name = "Package"; Value = "?"; VariantName = "[No Variations]"
Add component (AddParameter): Name = "Part Number"; Value = "LED-0603-GREEN"; VariantName = "[No Variations]"
Add component (AddParameter): Name = "Price$"; Value = "?"; VariantName = "[No Variations]"
Added Component: Designator=HL4(LED-0603-GREEN)
Add component (AddParameter): Name = "Digi-Key Part Number"; Value = "732-12017-1-ND"; VariantName = "[No Variations]"
Add component (AddParameter): Name = "HelpURL"; Value = "https://www.digikey.com/products/en?keywords=732-12017-1-ND"; VariantName = "[No Variations]"
Add component (AddParameter): Name = "Manufacturer Part Number"; Value = "150060VS55040"; VariantName = "[No Variations]"
Add component (AddParameter): Name = "Note"; Value = "?"; VariantName = "[No Variations]"
Add component (AddParameter): Name = "Package"; Value = "?"; VariantName = "[No Variations]"
Add component (AddParameter): Name = "Part Number"; Value = "LED-0603-GREEN"; VariantName = "[No Variations]"
Add component (AddParameter): Name = "Price$"; Value = "?"; VariantName = "[No Variations]"
Added Component: Designator=HL5(LED-0603-GREEN)
Add component (AddParameter): Name = "Digi-Key Part Number"; Value = "732-12017-1-ND"; VariantName = "[No Variations]"
Add component (AddParameter): Name = "HelpURL"; Value = "https://www.digikey.com/products/en?keywords=732-12017-1-ND"; VariantName = "[No Variations]"
Add component (AddParameter): Name = "Manufacturer Part Number"; Value = "150060VS55040"; VariantName = "[No Variations]"
Add component (AddParameter): Name = "Note"; Value = "?"; VariantName = "[No Variations]"
Add component (AddParameter): Name = "Package"; Value = "?"; VariantName = "[No Variations]"
Add component (AddParameter): Name = "Part Number"; Value = "LED-0603-GREEN"; VariantName = "[No Variations]"
Add component (AddParameter): Name = "Price$"; Value = "?"; VariantName = "[No Variations]"
Added Component: Designator=HL6(LED-0603-GREEN)
Add component (AddParameter): Name = "Digi-Key Part Number"; Value = "732-12017-1-ND"; VariantName = "[No Variations]"
Add component (AddParameter): Name = "HelpURL"; Value = "https://www.digikey.com/products/en?keywords=732-12017-1-ND"; VariantName = "[No Variations]"
Add component (AddParameter): Name = "Manufacturer Part Number"; Value = "150060VS55040"; VariantName = "[No Variations]"
Add component (AddParameter): Name = "Note"; Value = "?"; VariantName = "[No Variations]"
Add component (AddParameter): Name = "Package"; Value = "?"; VariantName = "[No Variations]"
Add component (AddParameter): Name = "Part Number"; Value = "LED-0603-GREEN"; VariantName = "[No Variations]"
Add component (AddParameter): Name = "Price$"; Value = "?"; VariantName = "[No Variations]"
Added Component: Designator=HL7(LED-0603-GREEN)
Add component (AddParameter): Name = "Digi-Key Part Number"; Value = "732-12017-1-ND"; VariantName = "[No Variations]"
Add component (AddParameter): Name = "HelpURL"; Value = "https://www.digikey.com/products/en?keywords=732-12017-1-ND"; VariantName = "[No Variations]"
Add component (AddParameter): Name = "Manufacturer Part Number"; Value = "150060VS55040"; VariantName = "[No Variations]"
Add component (AddParameter): Name = "Note"; Value = "?"; VariantName = "[No Variations]"
Add component (AddParameter): Name = "Package"; Value = "?"; VariantName = "[No Variations]"
Add component (AddParameter): Name = "Part Number"; Value = "LED-0603-GREEN"; VariantName = "[No Variations]"
Add component (AddParameter): Name = "Price$"; Value = "?"; VariantName = "[No Variations]"
Added Component: Designator=HL8(LED-0603-GREEN)
Add component (AddParameter): Name = "Digi-Key Part Number"; Value = "732-12017-1-ND"; VariantName = "[No Variations]"
Add component (AddParameter): Name = "HelpURL"; Value = "https://www.digikey.com/products/en?keywords=732-12017-1-ND"; VariantName = "[No Variations]"
Add component (AddParameter): Name = "Manufacturer Part Number"; Value = "150060VS55040"; VariantName = "[No Variations]"
Add component (AddParameter): Name = "Note"; Value = "?"; VariantName = "[No Variations]"
Add component (AddParameter): Name = "Package"; Value = "?"; VariantName = "[No Variations]"
Add component (AddParameter): Name = "Part Number"; Value = "LED-0603-GREEN"; VariantName = "[No Variations]"
Add component (AddParameter): Name = "Price$"; Value = "?"; VariantName = "[No Variations]"
Added Component: Designator=R1(RESC1608(0603)N)
Add component (AddParameter): Name = "Digi-Key Part Number"; Value = "???"; VariantName = "[No Variations]"
Add component (AddParameter): Name = "HelpURL"; Value = "???"; VariantName = "[No Variations]"
Add component (AddParameter): Name = "Manufacturer Part Number"; Value = "???"; VariantName = "[No Variations]"
Add component (AddParameter): Name = "Note"; Value = "???"; VariantName = "[No Variations]"
Add component (AddParameter): Name = "Package"; Value = "???"; VariantName = "[No Variations]"
Add component (AddParameter): Name = "Part Number"; Value = "RESC1608(0603)"; VariantName = "[No Variations]"
Add component (AddParameter): Name = "Price$"; Value = "???"; VariantName = "[No Variations]"
Added Component: Designator=R2(RESC1608(0603)N)
Add component (AddParameter): Name = "Digi-Key Part Number"; Value = "???"; VariantName = "[No Variations]"
Add component (AddParameter): Name = "HelpURL"; Value = "???"; VariantName = "[No Variations]"
Add component (AddParameter): Name = "Manufacturer Part Number"; Value = "???"; VariantName = "[No Variations]"
Add component (AddParameter): Name = "Note"; Value = "???"; VariantName = "[No Variations]"
Add component (AddParameter): Name = "Package"; Value = "???"; VariantName = "[No Variations]"
Add component (AddParameter): Name = "Part Number"; Value = "RESC1608(0603)"; VariantName = "[No Variations]"
Add component (AddParameter): Name = "Price$"; Value = "???"; VariantName = "[No Variations]"
Added Component: Designator=R3(RESC1608(0603)N)
Add component (AddParameter): Name = "Digi-Key Part Number"; Value = "???"; VariantName = "[No Variations]"
Add component (AddParameter): Name = "HelpURL"; Value = "???"; VariantName = "[No Variations]"
Add component (AddParameter): Name = "Manufacturer Part Number"; Value = "???"; VariantName = "[No Variations]"
Add component (AddParameter): Name = "Note"; Value = "???"; VariantName = "[No Variations]"
Add component (AddParameter): Name = "Package"; Value = "???"; VariantName = "[No Variations]"
Add component (AddParameter): Name = "Part Number"; Value = "RESC1608(0603)"; VariantName = "[No Variations]"
Add component (AddParameter): Name = "Price$"; Value = "???"; VariantName = "[No Variations]"
Added Component: Designator=R4(RESC1608(0603)N)
Add component (AddParameter): Name = "Digi-Key Part Number"; Value = "???"; VariantName = "[No Variations]"
Add component (AddParameter): Name = "HelpURL"; Value = "???"; VariantName = "[No Variations]"
Add component (AddParameter): Name = "Manufacturer Part Number"; Value = "???"; VariantName = "[No Variations]"
Add component (AddParameter): Name = "Note"; Value = "???"; VariantName = "[No Variations]"
Add component (AddParameter): Name = "Package"; Value = "???"; VariantName = "[No Variations]"
Add component (AddParameter): Name = "Part Number"; Value = "RESC1608(0603)"; VariantName = "[No Variations]"
Add component (AddParameter): Name = "Price$"; Value = "???"; VariantName = "[No Variations]"
Added Component: Designator=R5(RESC1608(0603)N)
Add component (AddParameter): Name = "Digi-Key Part Number"; Value = "???"; VariantName = "[No Variations]"
Add component (AddParameter): Name = "HelpURL"; Value = "???"; VariantName = "[No Variations]"
Add component (AddParameter): Name = "Manufacturer Part Number"; Value = "???"; VariantName = "[No Variations]"
Add component (AddParameter): Name = "Note"; Value = "???"; VariantName = "[No Variations]"
Add component (AddParameter): Name = "Package"; Value = "???"; VariantName = "[No Variations]"
Add component (AddParameter): Name = "Part Number"; Value = "RESC1608(0603)"; VariantName = "[No Variations]"
Add component (AddParameter): Name = "Price$"; Value = "???"; VariantName = "[No Variations]"
Added Component: Designator=R6(RESC1608(0603)N)
Add component (AddParameter): Name = "Digi-Key Part Number"; Value = "???"; VariantName = "[No Variations]"
Add component (AddParameter): Name = "HelpURL"; Value = "???"; VariantName = "[No Variations]"
Add component (AddParameter): Name = "Manufacturer Part Number"; Value = "???"; VariantName = "[No Variations]"
Add component (AddParameter): Name = "Note"; Value = "???"; VariantName = "[No Variations]"
Add component (AddParameter): Name = "Package"; Value = "???"; VariantName = "[No Variations]"
Add component (AddParameter): Name = "Part Number"; Value = "RESC1608(0603)"; VariantName = "[No Variations]"
Add component (AddParameter): Name = "Price$"; Value = "???"; VariantName = "[No Variations]"
Added Component: Designator=R7(RESC1608(0603)N)
Add component (AddParameter): Name = "Digi-Key Part Number"; Value = "???"; VariantName = "[No Variations]"
Add component (AddParameter): Name = "HelpURL"; Value = "???"; VariantName = "[No Variations]"
Add component (AddParameter): Name = "Manufacturer Part Number"; Value = "???"; VariantName = "[No Variations]"
Add component (AddParameter): Name = "Note"; Value = "???"; VariantName = "[No Variations]"
Add component (AddParameter): Name = "Package"; Value = "???"; VariantName = "[No Variations]"
Add component (AddParameter): Name = "Part Number"; Value = "RESC1608(0603)"; VariantName = "[No Variations]"
Add component (AddParameter): Name = "Price$"; Value = "???"; VariantName = "[No Variations]"
Added Component: Designator=R8(RESC1608(0603)N)
Add component (AddParameter): Name = "Digi-Key Part Number"; Value = "???"; VariantName = "[No Variations]"
Add component (AddParameter): Name = "HelpURL"; Value = "???"; VariantName = "[No Variations]"
Add component (AddParameter): Name = "Manufacturer Part Number"; Value = "???"; VariantName = "[No Variations]"
Add component (AddParameter): Name = "Note"; Value = "???"; VariantName = "[No Variations]"
Add component (AddParameter): Name = "Package"; Value = "???"; VariantName = "[No Variations]"
Add component (AddParameter): Name = "Part Number"; Value = "RESC1608(0603)"; VariantName = "[No Variations]"
Add component (AddParameter): Name = "Price$"; Value = "???"; VariantName = "[No Variations]"
Added Component: Designator=R9(RESC1608(0603)N)
Add component (AddParameter): Name = "Digi-Key Part Number"; Value = "???"; VariantName = "[No Variations]"
Add component (AddParameter): Name = "HelpURL"; Value = "???"; VariantName = "[No Variations]"
Add component (AddParameter): Name = "Manufacturer Part Number"; Value = "???"; VariantName = "[No Variations]"
Add component (AddParameter): Name = "Note"; Value = "???"; VariantName = "[No Variations]"
Add component (AddParameter): Name = "Package"; Value = "???"; VariantName = "[No Variations]"
Add component (AddParameter): Name = "Part Number"; Value = "RESC1608(0603)"; VariantName = "[No Variations]"
Add component (AddParameter): Name = "Price$"; Value = "???"; VariantName = "[No Variations]"
Added Component: Designator=R10(RESC1608(0603)N)
Add component (AddParameter): Name = "Digi-Key Part Number"; Value = "???"; VariantName = "[No Variations]"
Add component (AddParameter): Name = "HelpURL"; Value = "???"; VariantName = "[No Variations]"
Add component (AddParameter): Name = "Manufacturer Part Number"; Value = "???"; VariantName = "[No Variations]"
Add component (AddParameter): Name = "Note"; Value = "???"; VariantName = "[No Variations]"
Add component (AddParameter): Name = "Package"; Value = "???"; VariantName = "[No Variations]"
Add component (AddParameter): Name = "Part Number"; Value = "RESC1608(0603)"; VariantName = "[No Variations]"
Add component (AddParameter): Name = "Price$"; Value = "???"; VariantName = "[No Variations]"
Added Component: Designator=R11(RESC1608(0603)N)
Add component (AddParameter): Name = "Digi-Key Part Number"; Value = "???"; VariantName = "[No Variations]"
Add component (AddParameter): Name = "HelpURL"; Value = "???"; VariantName = "[No Variations]"
Add component (AddParameter): Name = "Manufacturer Part Number"; Value = "???"; VariantName = "[No Variations]"
Add component (AddParameter): Name = "Note"; Value = "???"; VariantName = "[No Variations]"
Add component (AddParameter): Name = "Package"; Value = "???"; VariantName = "[No Variations]"
Add component (AddParameter): Name = "Part Number"; Value = "RESC1608(0603)"; VariantName = "[No Variations]"
Add component (AddParameter): Name = "Price$"; Value = "???"; VariantName = "[No Variations]"
Added Component: Designator=R12(RESC1608(0603)N)
Add component (AddParameter): Name = "Digi-Key Part Number"; Value = "???"; VariantName = "[No Variations]"
Add component (AddParameter): Name = "HelpURL"; Value = "???"; VariantName = "[No Variations]"
Add component (AddParameter): Name = "Manufacturer Part Number"; Value = "???"; VariantName = "[No Variations]"
Add component (AddParameter): Name = "Note"; Value = "???"; VariantName = "[No Variations]"
Add component (AddParameter): Name = "Package"; Value = "???"; VariantName = "[No Variations]"
Add component (AddParameter): Name = "Part Number"; Value = "RESC1608(0603)"; VariantName = "[No Variations]"
Add component (AddParameter): Name = "Price$"; Value = "???"; VariantName = "[No Variations]"
Added Component: Designator=R13(RESC1608(0603)N)
Add component (AddParameter): Name = "Digi-Key Part Number"; Value = "???"; VariantName = "[No Variations]"
Add component (AddParameter): Name = "HelpURL"; Value = "???"; VariantName = "[No Variations]"
Add component (AddParameter): Name = "Manufacturer Part Number"; Value = "???"; VariantName = "[No Variations]"
Add component (AddParameter): Name = "Note"; Value = "???"; VariantName = "[No Variations]"
Add component (AddParameter): Name = "Package"; Value = "???"; VariantName = "[No Variations]"
Add component (AddParameter): Name = "Part Number"; Value = "RESC1608(0603)"; VariantName = "[No Variations]"
Add component (AddParameter): Name = "Price$"; Value = "???"; VariantName = "[No Variations]"
Added Component: Designator=R14(RESC1608(0603)N)
Add component (AddParameter): Name = "Digi-Key Part Number"; Value = "???"; VariantName = "[No Variations]"
Add component (AddParameter): Name = "HelpURL"; Value = "???"; VariantName = "[No Variations]"
Add component (AddParameter): Name = "Manufacturer Part Number"; Value = "???"; VariantName = "[No Variations]"
Add component (AddParameter): Name = "Note"; Value = "???"; VariantName = "[No Variations]"
Add component (AddParameter): Name = "Package"; Value = "???"; VariantName = "[No Variations]"
Add component (AddParameter): Name = "Part Number"; Value = "RESC1608(0603)"; VariantName = "[No Variations]"
Add component (AddParameter): Name = "Price$"; Value = "???"; VariantName = "[No Variations]"
Added Component: Designator=R15(RESC1608(0603)N)
Add component (AddParameter): Name = "Digi-Key Part Number"; Value = "???"; VariantName = "[No Variations]"
Add component (AddParameter): Name = "HelpURL"; Value = "???"; VariantName = "[No Variations]"
Add component (AddParameter): Name = "Manufacturer Part Number"; Value = "???"; VariantName = "[No Variations]"
Add component (AddParameter): Name = "Note"; Value = "???"; VariantName = "[No Variations]"
Add component (AddParameter): Name = "Package"; Value = "???"; VariantName = "[No Variations]"
Add component (AddParameter): Name = "Part Number"; Value = "RESC1608(0603)"; VariantName = "[No Variations]"
Add component (AddParameter): Name = "Price$"; Value = "???"; VariantName = "[No Variations]"
Added Component: Designator=R16(RESC1608(0603)N)
Add component (AddParameter): Name = "Digi-Key Part Number"; Value = "???"; VariantName = "[No Variations]"
Add component (AddParameter): Name = "HelpURL"; Value = "???"; VariantName = "[No Variations]"
Add component (AddParameter): Name = "Manufacturer Part Number"; Value = "???"; VariantName = "[No Variations]"
Add component (AddParameter): Name = "Note"; Value = "???"; VariantName = "[No Variations]"
Add component (AddParameter): Name = "Package"; Value = "???"; VariantName = "[No Variations]"
Add component (AddParameter): Name = "Part Number"; Value = "RESC1608(0603)"; VariantName = "[No Variations]"
Add component (AddParameter): Name = "Price$"; Value = "???"; VariantName = "[No Variations]"
Added Component: Designator=R17(RESC1608(0603)N)
Add component (AddParameter): Name = "Digi-Key Part Number"; Value = "???"; VariantName = "[No Variations]"
Add component (AddParameter): Name = "HelpURL"; Value = "???"; VariantName = "[No Variations]"
Add component (AddParameter): Name = "Manufacturer Part Number"; Value = "???"; VariantName = "[No Variations]"
Add component (AddParameter): Name = "Note"; Value = "???"; VariantName = "[No Variations]"
Add component (AddParameter): Name = "Package"; Value = "???"; VariantName = "[No Variations]"
Add component (AddParameter): Name = "Part Number"; Value = "RESC1608(0603)"; VariantName = "[No Variations]"
Add component (AddParameter): Name = "Price$"; Value = "???"; VariantName = "[No Variations]"
Added Component: Designator=R18(RESC1608(0603)N)
Add component (AddParameter): Name = "Digi-Key Part Number"; Value = "???"; VariantName = "[No Variations]"
Add component (AddParameter): Name = "HelpURL"; Value = "???"; VariantName = "[No Variations]"
Add component (AddParameter): Name = "Manufacturer Part Number"; Value = "???"; VariantName = "[No Variations]"
Add component (AddParameter): Name = "Note"; Value = "???"; VariantName = "[No Variations]"
Add component (AddParameter): Name = "Package"; Value = "???"; VariantName = "[No Variations]"
Add component (AddParameter): Name = "Part Number"; Value = "RESC1608(0603)"; VariantName = "[No Variations]"
Add component (AddParameter): Name = "Price$"; Value = "???"; VariantName = "[No Variations]"
Added Component: Designator=R19(RESC1608(0603)N)
Add component (AddParameter): Name = "Digi-Key Part Number"; Value = "???"; VariantName = "[No Variations]"
Add component (AddParameter): Name = "HelpURL"; Value = "???"; VariantName = "[No Variations]"
Add component (AddParameter): Name = "Manufacturer Part Number"; Value = "???"; VariantName = "[No Variations]"
Add component (AddParameter): Name = "Note"; Value = "???"; VariantName = "[No Variations]"
Add component (AddParameter): Name = "Package"; Value = "???"; VariantName = "[No Variations]"
Add component (AddParameter): Name = "Part Number"; Value = "RESC1608(0603)"; VariantName = "[No Variations]"
Add component (AddParameter): Name = "Price$"; Value = "???"; VariantName = "[No Variations]"
Added Component: Designator=SB1(PTS636 SM43 SMTR LFS)
Add component (AddParameter): Name = "HelpURL"; Value = "https://eu.mouser.com/ProductDetail/CK/PTS636-SM43-SMTR-LFS?qs=sGAEpiMZZMsgGjVA3toVBC4OPD95ORcgaeKhIDqe9Es%3D"; VariantName = "[No Variations]"
Add component (AddParameter): Name = "Manufacturer Part Number"; Value = "PTS636 SM43 SMTR LFS"; VariantName = "[No Variations]"
Add component (AddParameter): Name = "Mouser Part Number"; Value = "611-PTS636SM43SMTRLF"; VariantName = "[No Variations]"
Add component (AddParameter): Name = "Package"; Value = "2pinSMD"; VariantName = "[No Variations]"
Add component (AddParameter): Name = "Part Number"; Value = "PTS636 SM43 SMTR LFS"; VariantName = "[No Variations]"
Add component (AddParameter): Name = "Price$"; Value = "0.11"; VariantName = "[No Variations]"
Added Component: Designator=SB2(PTS636 SM43 SMTR LFS)
Add component (AddParameter): Name = "HelpURL"; Value = "https://eu.mouser.com/ProductDetail/CK/PTS636-SM43-SMTR-LFS?qs=sGAEpiMZZMsgGjVA3toVBC4OPD95ORcgaeKhIDqe9Es%3D"; VariantName = "[No Variations]"
Add component (AddParameter): Name = "Manufacturer Part Number"; Value = "PTS636 SM43 SMTR LFS"; VariantName = "[No Variations]"
Add component (AddParameter): Name = "Mouser Part Number"; Value = "611-PTS636SM43SMTRLF"; VariantName = "[No Variations]"
Add component (AddParameter): Name = "Package"; Value = "2pinSMD"; VariantName = "[No Variations]"
Add component (AddParameter): Name = "Part Number"; Value = "PTS636 SM43 SMTR LFS"; VariantName = "[No Variations]"
Add component (AddParameter): Name = "Price$"; Value = "0.11"; VariantName = "[No Variations]"
Added Component: Designator=SB3(PTS636 SM43 SMTR LFS)
Add component (AddParameter): Name = "HelpURL"; Value = "https://eu.mouser.com/ProductDetail/CK/PTS636-SM43-SMTR-LFS?qs=sGAEpiMZZMsgGjVA3toVBC4OPD95ORcgaeKhIDqe9Es%3D"; VariantName = "[No Variations]"
Add component (AddParameter): Name = "Manufacturer Part Number"; Value = "PTS636 SM43 SMTR LFS"; VariantName = "[No Variations]"
Add component (AddParameter): Name = "Mouser Part Number"; Value = "611-PTS636SM43SMTRLF"; VariantName = "[No Variations]"
Add component (AddParameter): Name = "Package"; Value = "2pinSMD"; VariantName = "[No Variations]"
Add component (AddParameter): Name = "Part Number"; Value = "PTS636 SM43 SMTR LFS"; VariantName = "[No Variations]"
Add component (AddParameter): Name = "Price$"; Value = "0.11"; VariantName = "[No Variations]"
Added Component: Designator=SB4(PTS636 SM43 SMTR LFS)
Add component (AddParameter): Name = "HelpURL"; Value = "https://eu.mouser.com/ProductDetail/CK/PTS636-SM43-SMTR-LFS?qs=sGAEpiMZZMsgGjVA3toVBC4OPD95ORcgaeKhIDqe9Es%3D"; VariantName = "[No Variations]"
Add component (AddParameter): Name = "Manufacturer Part Number"; Value = "PTS636 SM43 SMTR LFS"; VariantName = "[No Variations]"
Add component (AddParameter): Name = "Mouser Part Number"; Value = "611-PTS636SM43SMTRLF"; VariantName = "[No Variations]"
Add component (AddParameter): Name = "Package"; Value = "2pinSMD"; VariantName = "[No Variations]"
Add component (AddParameter): Name = "Part Number"; Value = "PTS636 SM43 SMTR LFS"; VariantName = "[No Variations]"
Add component (AddParameter): Name = "Price$"; Value = "0.11"; VariantName = "[No Variations]"
Added Component: Designator=SB5(PTS636 SM43 SMTR LFS)
Add component (AddParameter): Name = "HelpURL"; Value = "https://eu.mouser.com/ProductDetail/CK/PTS636-SM43-SMTR-LFS?qs=sGAEpiMZZMsgGjVA3toVBC4OPD95ORcgaeKhIDqe9Es%3D"; VariantName = "[No Variations]"
Add component (AddParameter): Name = "Manufacturer Part Number"; Value = "PTS636 SM43 SMTR LFS"; VariantName = "[No Variations]"
Add component (AddParameter): Name = "Mouser Part Number"; Value = "611-PTS636SM43SMTRLF"; VariantName = "[No Variations]"
Add component (AddParameter): Name = "Package"; Value = "2pinSMD"; VariantName = "[No Variations]"
Add component (AddParameter): Name = "Part Number"; Value = "PTS636 SM43 SMTR LFS"; VariantName = "[No Variations]"
Add component (AddParameter): Name = "Price$"; Value = "0.11"; VariantName = "[No Variations]"
Added Component: Designator=SB6(PTS636 SM43 SMTR LFS)
Add component (AddParameter): Name = "HelpURL"; Value = "https://eu.mouser.com/ProductDetail/CK/PTS636-SM43-SMTR-LFS?qs=sGAEpiMZZMsgGjVA3toVBC4OPD95ORcgaeKhIDqe9Es%3D"; VariantName = "[No Variations]"
Add component (AddParameter): Name = "Manufacturer Part Number"; Value = "PTS636 SM43 SMTR LFS"; VariantName = "[No Variations]"
Add component (AddParameter): Name = "Mouser Part Number"; Value = "611-PTS636SM43SMTRLF"; VariantName = "[No Variations]"
Add component (AddParameter): Name = "Package"; Value = "2pinSMD"; VariantName = "[No Variations]"
Add component (AddParameter): Name = "Part Number"; Value = "PTS636 SM43 SMTR LFS"; VariantName = "[No Variations]"
Add component (AddParameter): Name = "Price$"; Value = "0.11"; VariantName = "[No Variations]"
Added Component: Designator=SB7(PTS636 SM43 SMTR LFS)
Add component (AddParameter): Name = "HelpURL"; Value = "https://eu.mouser.com/ProductDetail/CK/PTS636-SM43-SMTR-LFS?qs=sGAEpiMZZMsgGjVA3toVBC4OPD95ORcgaeKhIDqe9Es%3D"; VariantName = "[No Variations]"
Add component (AddParameter): Name = "Manufacturer Part Number"; Value = "PTS636 SM43 SMTR LFS"; VariantName = "[No Variations]"
Add component (AddParameter): Name = "Mouser Part Number"; Value = "611-PTS636SM43SMTRLF"; VariantName = "[No Variations]"
Add component (AddParameter): Name = "Package"; Value = "2pinSMD"; VariantName = "[No Variations]"
Add component (AddParameter): Name = "Part Number"; Value = "PTS636 SM43 SMTR LFS"; VariantName = "[No Variations]"
Add component (AddParameter): Name = "Price$"; Value = "0.11"; VariantName = "[No Variations]"
Added Component: Designator=SB8(PTS636 SM43 SMTR LFS)
Add component (AddParameter): Name = "HelpURL"; Value = "https://eu.mouser.com/ProductDetail/CK/PTS636-SM43-SMTR-LFS?qs=sGAEpiMZZMsgGjVA3toVBC4OPD95ORcgaeKhIDqe9Es%3D"; VariantName = "[No Variations]"
Add component (AddParameter): Name = "Manufacturer Part Number"; Value = "PTS636 SM43 SMTR LFS"; VariantName = "[No Variations]"
Add component (AddParameter): Name = "Mouser Part Number"; Value = "611-PTS636SM43SMTRLF"; VariantName = "[No Variations]"
Add component (AddParameter): Name = "Package"; Value = "2pinSMD"; VariantName = "[No Variations]"
Add component (AddParameter): Name = "Part Number"; Value = "PTS636 SM43 SMTR LFS"; VariantName = "[No Variations]"
Add component (AddParameter): Name = "Price$"; Value = "0.11"; VariantName = "[No Variations]"
Added Component: Designator=XP1(PLS-2-3D)
Add component (AddParameter): Name = "Digi-Key Part Number"; Value = "S1011EC-02-ND"; VariantName = "[No Variations]"
Add component (AddParameter): Name = "HelpURL"; Value = "https://www.digikey.com/product-detail/en/sullins-connector-solutions/PRPC002SAAN-RC/S1011EC-02-ND/2775252"; VariantName = "[No Variations]"
Add component (AddParameter): Name = "Manufacturer Part Number"; Value = "PRPC002SAAN-RC"; VariantName = "[No Variations]"
Add component (AddParameter): Name = "Note"; Value = "???"; VariantName = "[No Variations]"
Add component (AddParameter): Name = "Package"; Value = "Header 2POS 2.54mm"; VariantName = "[No Variations]"
Add component (AddParameter): Name = "Part Number"; Value = "PLS-2_Jump"; VariantName = "[No Variations]"
Add component (AddParameter): Name = "Price$"; Value = "0.08"; VariantName = "[No Variations]"
Added Component: Designator=XP2(BH-10)
Add component (AddParameter): Name = "Digi-Key Part Number"; Value = "-"; VariantName = "[No Variations]"
Add component (AddParameter): Name = "Note"; Value = "???"; VariantName = "[No Variations]"
Add component (AddParameter): Name = "Part Number"; Value = "BH-10"; VariantName = "[No Variations]"
Added Component: Designator=XS1(MICRO_USB _B)
Add component (AddParameter): Name = "Digi-Key Part Number"; Value = "???"; VariantName = "[No Variations]"
Add component (AddParameter): Name = "HelpURL"; Value = "https://www.digikey.com/product-detail/en/amphenol-icc-fci/10118194-0001LF/609-4618-1-ND/2785382"; VariantName = "[No Variations]"
Add component (AddParameter): Name = "Manufacturer Part Number"; Value = "???"; VariantName = "[No Variations]"
Add component (AddParameter): Name = "Note"; Value = "???"; VariantName = "[No Variations]"
Add component (AddParameter): Name = "Package"; Value = "???"; VariantName = "[No Variations]"
Add component (AddParameter): Name = "Part Number"; Value = "MICRO_USB _B"; VariantName = "[No Variations]"
Add component (AddParameter): Name = "Price$"; Value = "???"; VariantName = "[No Variations]"
Added Pin To Net: NetName=+3V3 Pin=C3-2
Added Pin To Net: NetName=+3V3 Pin=C4-2
Added Pin To Net: NetName=+3V3 Pin=C5-2
Added Pin To Net: NetName=+3V3 Pin=C6-2
Added Pin To Net: NetName=+3V3 Pin=C7-2
Added Pin To Net: NetName=+3V3 Pin=C8-2
Added Pin To Net: NetName=+3V3 Pin=C9-2
Added Pin To Net: NetName=+3V3 Pin=C10-2
Added Pin To Net: NetName=+3V3 Pin=C11-2
Added Pin To Net: NetName=+3V3 Pin=C12-2
Added Pin To Net: NetName=+3V3 Pin=C13-2
Added Pin To Net: NetName=+3V3 Pin=C14-2
Added Pin To Net: NetName=+3V3 Pin=C15-2
Added Pin To Net: NetName=+3V3 Pin=DA1-2
Added Pin To Net: NetName=+3V3 Pin=DA1-4
Added Pin To Net: NetName=+3V3 Pin=DD1-1
Added Pin To Net: NetName=+3V3 Pin=DD1-8
Added Pin To Net: NetName=+3V3 Pin=DD1-37
Added Pin To Net: NetName=+3V3 Pin=DD1-42
Added Pin To Net: NetName=+3V3 Pin=DD1-55
Added Pin To Net: NetName=+3V3 Pin=DD1-73
Added Pin To Net: NetName=+3V3 Pin=DD1-84
Added Pin To Net: NetName=+3V3 Pin=DD1-109
Added Pin To Net: NetName=+3V3 Pin=DD1-127
Added Pin To Net: NetName=+3V3 Pin=DD1-141
Added Pin To Net: NetName=+3V3 Pin=G1-1
Added Pin To Net: NetName=+3V3 Pin=G1-4
Added Pin To Net: NetName=+3V3 Pin=SB1-2
Added Pin To Net: NetName=+3V3 Pin=SB2-2
Added Pin To Net: NetName=+3V3 Pin=SB3-2
Added Pin To Net: NetName=+3V3 Pin=SB4-2
Added Pin To Net: NetName=+3V3 Pin=SB5-2
Added Pin To Net: NetName=+3V3 Pin=SB6-2
Added Pin To Net: NetName=+3V3 Pin=SB7-2
Added Pin To Net: NetName=+3V3 Pin=SB8-2
Added Pin To Net: NetName=+3V3 Pin=XP2-2
Added Net: Name=+3V3
Added Pin To Net: NetName=GND Pin=C1-1
Added Pin To Net: NetName=GND Pin=C2-1
Added Pin To Net: NetName=GND Pin=C3-1
Added Pin To Net: NetName=GND Pin=C4-1
Added Pin To Net: NetName=GND Pin=C5-1
Added Pin To Net: NetName=GND Pin=C6-1
Added Pin To Net: NetName=GND Pin=C7-1
Added Pin To Net: NetName=GND Pin=C8-1
Added Pin To Net: NetName=GND Pin=C9-1
Added Pin To Net: NetName=GND Pin=C10-1
Added Pin To Net: NetName=GND Pin=C11-1
Added Pin To Net: NetName=GND Pin=C12-1
Added Pin To Net: NetName=GND Pin=C13-1
Added Pin To Net: NetName=GND Pin=C14-1
Added Pin To Net: NetName=GND Pin=C15-1
Added Pin To Net: NetName=GND Pin=DA1-1
Added Pin To Net: NetName=GND Pin=DD1-18
Added Pin To Net: NetName=GND Pin=DD1-29
Added Pin To Net: NetName=GND Pin=DD1-36
Added Pin To Net: NetName=GND Pin=DD1-47
Added Pin To Net: NetName=GND Pin=DD1-62
Added Pin To Net: NetName=GND Pin=DD1-72
Added Pin To Net: NetName=GND Pin=DD1-89
Added Pin To Net: NetName=GND Pin=DD1-90
Added Pin To Net: NetName=GND Pin=DD1-99
Added Pin To Net: NetName=GND Pin=DD1-108
Added Pin To Net: NetName=GND Pin=DD1-114
Added Pin To Net: NetName=GND Pin=DD1-123
Added Pin To Net: NetName=GND Pin=DD1-144
Added Pin To Net: NetName=GND Pin=G1-2
Added Pin To Net: NetName=GND Pin=R9-1
Added Pin To Net: NetName=GND Pin=R10-1
Added Pin To Net: NetName=GND Pin=R11-1
Added Pin To Net: NetName=GND Pin=R12-1
Added Pin To Net: NetName=GND Pin=R13-1
Added Pin To Net: NetName=GND Pin=R14-1
Added Pin To Net: NetName=GND Pin=R15-1
Added Pin To Net: NetName=GND Pin=R16-1
Added Pin To Net: NetName=GND Pin=R17-1
Added Pin To Net: NetName=GND Pin=R18-1
Added Pin To Net: NetName=GND Pin=R19-1
Added Pin To Net: NetName=GND Pin=XP1-2
Added Pin To Net: NetName=GND Pin=XP2-1
Added Pin To Net: NetName=GND Pin=XP2-3
Added Pin To Net: NetName=GND Pin=XP2-5
Added Pin To Net: NetName=GND Pin=XP2-7
Added Pin To Net: NetName=GND Pin=XP2-9
Added Pin To Net: NetName=GND Pin=XS1-5
Added Net: Name=GND
Added Pin To Net: NetName=NetC1_2 Pin=C1-2
Added Pin To Net: NetName=NetC1_2 Pin=C2-2
Added Pin To Net: NetName=NetC1_2 Pin=DA1-3
Added Pin To Net: NetName=NetC1_2 Pin=XS1-1
Added Net: Name=NetC1_2
Added Pin To Net: NetName=NetDD1_30 Pin=DD1-30
Added Pin To Net: NetName=NetDD1_30 Pin=G1-3
Added Net: Name=NetDD1_30
Added Pin To Net: NetName=NetDD1_63 Pin=DD1-63
Added Pin To Net: NetName=NetDD1_63 Pin=R16-2
Added Pin To Net: NetName=NetDD1_63 Pin=XP2-10
Added Net: Name=NetDD1_63
Added Pin To Net: NetName=NetDD1_65 Pin=DD1-65
Added Pin To Net: NetName=NetDD1_65 Pin=R19-2
Added Pin To Net: NetName=NetDD1_65 Pin=XP2-4
Added Net: Name=NetDD1_65
Added Pin To Net: NetName=NetDD1_67 Pin=DD1-67
Added Pin To Net: NetName=NetDD1_67 Pin=R18-2
Added Pin To Net: NetName=NetDD1_67 Pin=XP2-6
Added Net: Name=NetDD1_67
Added Pin To Net: NetName=NetDD1_122 Pin=DD1-122
Added Pin To Net: NetName=NetDD1_122 Pin=R17-2
Added Pin To Net: NetName=NetDD1_122 Pin=XP2-8
Added Net: Name=NetDD1_122
Added Pin To Net: NetName=NetHL1_A Pin=HL1-A
Added Pin To Net: NetName=NetHL1_A Pin=R1-1
Added Net: Name=NetHL1_A
Added Pin To Net: NetName=NetHL1_K Pin=HL1-K
Added Pin To Net: NetName=NetHL1_K Pin=HL2-K
Added Pin To Net: NetName=NetHL1_K Pin=HL3-K
Added Pin To Net: NetName=NetHL1_K Pin=HL4-K
Added Pin To Net: NetName=NetHL1_K Pin=HL5-K
Added Pin To Net: NetName=NetHL1_K Pin=HL6-K
Added Pin To Net: NetName=NetHL1_K Pin=HL7-K
Added Pin To Net: NetName=NetHL1_K Pin=HL8-K
Added Pin To Net: NetName=NetHL1_K Pin=XP1-1
Added Net: Name=NetHL1_K
Added Pin To Net: NetName=NetHL2_A Pin=HL2-A
Added Pin To Net: NetName=NetHL2_A Pin=R2-1
Added Net: Name=NetHL2_A
Added Pin To Net: NetName=NetHL3_A Pin=HL3-A
Added Pin To Net: NetName=NetHL3_A Pin=R3-1
Added Net: Name=NetHL3_A
Added Pin To Net: NetName=NetHL4_A Pin=HL4-A
Added Pin To Net: NetName=NetHL4_A Pin=R4-1
Added Net: Name=NetHL4_A
Added Pin To Net: NetName=NetHL5_A Pin=HL5-A
Added Pin To Net: NetName=NetHL5_A Pin=R5-1
Added Net: Name=NetHL5_A
Added Pin To Net: NetName=NetHL6_A Pin=HL6-A
Added Pin To Net: NetName=NetHL6_A Pin=R6-1
Added Net: Name=NetHL6_A
Added Pin To Net: NetName=NetHL7_A Pin=HL7-A
Added Pin To Net: NetName=NetHL7_A Pin=R7-1
Added Net: Name=NetHL7_A
Added Pin To Net: NetName=NetHL8_A Pin=HL8-A
Added Pin To Net: NetName=NetHL8_A Pin=R8-1
Added Net: Name=NetHL8_A
Added Pin To Net: NetName=NetR9_2 Pin=R9-2
Added Pin To Net: NetName=NetR9_2 Pin=SB1-1
Added Net: Name=NetR9_2
Added Pin To Net: NetName=NetR10_2 Pin=R10-2
Added Pin To Net: NetName=NetR10_2 Pin=SB2-1
Added Net: Name=NetR10_2
Added Pin To Net: NetName=NetR11_2 Pin=R11-2
Added Pin To Net: NetName=NetR11_2 Pin=SB4-1
Added Net: Name=NetR11_2
Added Pin To Net: NetName=NetR12_2 Pin=R12-2
Added Pin To Net: NetName=NetR12_2 Pin=SB5-1
Added Net: Name=NetR12_2
Added Pin To Net: NetName=NetR13_2 Pin=R13-2
Added Pin To Net: NetName=NetR13_2 Pin=SB6-1
Added Net: Name=NetR13_2
Added Pin To Net: NetName=NetR14_2 Pin=R14-2
Added Pin To Net: NetName=NetR14_2 Pin=SB7-1
Added Net: Name=NetR14_2
Added Pin To Net: NetName=NetR15_2 Pin=R15-2
Added Pin To Net: NetName=NetR15_2 Pin=SB8-1
Added Net: Name=NetR15_2
Added Class: Name=BRD_XC95144XL
Added Room: Name=BRD_XC95144XL
