Added Component: Designator=C?(CAPC1608(0603)N)
Add component (AddParameter): Name = "Digi-Key Part Number"; Value = "?"; VariantName = "[No Variations]"
Add component (AddParameter): Name = "HelpURL"; Value = "?"; VariantName = "[No Variations]"
Add component (AddParameter): Name = "Manufacturer Part Number"; Value = "?"; VariantName = "[No Variations]"
Add component (AddParameter): Name = "Note"; Value = "?"; VariantName = "[No Variations]"
Add component (AddParameter): Name = "Package"; Value = "?"; VariantName = "[No Variations]"
Add component (AddParameter): Name = "Part Number"; Value = "CAPC1608(0603)"; VariantName = "[No Variations]"
Add component (AddParameter): Name = "Price$"; Value = "?"; VariantName = "[No Variations]"
Added Component: Designator=C?(CAPC1608(0603)N)
Add component (AddParameter): Name = "Digi-Key Part Number"; Value = "?"; VariantName = "[No Variations]"
Add component (AddParameter): Name = "HelpURL"; Value = "?"; VariantName = "[No Variations]"
Add component (AddParameter): Name = "Manufacturer Part Number"; Value = "?"; VariantName = "[No Variations]"
Add component (AddParameter): Name = "Note"; Value = "?"; VariantName = "[No Variations]"
Add component (AddParameter): Name = "Package"; Value = "?"; VariantName = "[No Variations]"
Add component (AddParameter): Name = "Part Number"; Value = "CAPC1608(0603)"; VariantName = "[No Variations]"
Add component (AddParameter): Name = "Price$"; Value = "?"; VariantName = "[No Variations]"
Added Component: Designator=R?(RESC1608(0603)N)
Add component (AddParameter): Name = "Digi-Key Part Number"; Value = "???"; VariantName = "[No Variations]"
Add component (AddParameter): Name = "HelpURL"; Value = "???"; VariantName = "[No Variations]"
Add component (AddParameter): Name = "Manufacturer Part Number"; Value = "???"; VariantName = "[No Variations]"
Add component (AddParameter): Name = "Note"; Value = "???"; VariantName = "[No Variations]"
Add component (AddParameter): Name = "Package"; Value = "???"; VariantName = "[No Variations]"
Add component (AddParameter): Name = "Part Number"; Value = "RESC1608(0603)"; VariantName = "[No Variations]"
Add component (AddParameter): Name = "Price$"; Value = "???"; VariantName = "[No Variations]"
Added Component: Designator=R?(RESC1608(0603)N)
Add component (AddParameter): Name = "Digi-Key Part Number"; Value = "???"; VariantName = "[No Variations]"
Add component (AddParameter): Name = "HelpURL"; Value = "???"; VariantName = "[No Variations]"
Add component (AddParameter): Name = "Manufacturer Part Number"; Value = "???"; VariantName = "[No Variations]"
Add component (AddParameter): Name = "Note"; Value = "???"; VariantName = "[No Variations]"
Add component (AddParameter): Name = "Package"; Value = "???"; VariantName = "[No Variations]"
Add component (AddParameter): Name = "Part Number"; Value = "RESC1608(0603)"; VariantName = "[No Variations]"
Add component (AddParameter): Name = "Price$"; Value = "???"; VariantName = "[No Variations]"
Added Component: Designator=R?(RESC1608(0603)N)
Add component (AddParameter): Name = "Digi-Key Part Number"; Value = "???"; VariantName = "[No Variations]"
Add component (AddParameter): Name = "HelpURL"; Value = "???"; VariantName = "[No Variations]"
Add component (AddParameter): Name = "Manufacturer Part Number"; Value = "???"; VariantName = "[No Variations]"
Add component (AddParameter): Name = "Note"; Value = "???"; VariantName = "[No Variations]"
Add component (AddParameter): Name = "Package"; Value = "???"; VariantName = "[No Variations]"
Add component (AddParameter): Name = "Part Number"; Value = "RESC1608(0603)"; VariantName = "[No Variations]"
Add component (AddParameter): Name = "Price$"; Value = "???"; VariantName = "[No Variations]"
Added Component: Designator=R?(RESC1608(0603)N)
Add component (AddParameter): Name = "Digi-Key Part Number"; Value = "???"; VariantName = "[No Variations]"
Add component (AddParameter): Name = "HelpURL"; Value = "???"; VariantName = "[No Variations]"
Add component (AddParameter): Name = "Manufacturer Part Number"; Value = "???"; VariantName = "[No Variations]"
Add component (AddParameter): Name = "Note"; Value = "???"; VariantName = "[No Variations]"
Add component (AddParameter): Name = "Package"; Value = "???"; VariantName = "[No Variations]"
Add component (AddParameter): Name = "Part Number"; Value = "RESC1608(0603)"; VariantName = "[No Variations]"
Add component (AddParameter): Name = "Price$"; Value = "???"; VariantName = "[No Variations]"
Added Component: Designator=R?(RESC1608(0603)N)
Add component (AddParameter): Name = "Digi-Key Part Number"; Value = "???"; VariantName = "[No Variations]"
Add component (AddParameter): Name = "HelpURL"; Value = "???"; VariantName = "[No Variations]"
Add component (AddParameter): Name = "Manufacturer Part Number"; Value = "???"; VariantName = "[No Variations]"
Add component (AddParameter): Name = "Note"; Value = "???"; VariantName = "[No Variations]"
Add component (AddParameter): Name = "Package"; Value = "???"; VariantName = "[No Variations]"
Add component (AddParameter): Name = "Part Number"; Value = "RESC1608(0603)"; VariantName = "[No Variations]"
Add component (AddParameter): Name = "Price$"; Value = "???"; VariantName = "[No Variations]"
Added Component: Designator=S?(EN12-HS22AF30)
Add component (AddParameter): Name = "HelpURL"; Value = "https://www.digikey.com/product-detail/en/tt-electronics-bi/EN12-HS22AF30/987-1196-ND/2408774"; VariantName = "[No Variations]"
Add component (AddParameter): Name = "Manufacturer Part Number"; Value = "EN12-HS22AF30"; VariantName = "[No Variations]"
Add component (AddParameter): Name = "Part Number"; Value = "EN12-HS22AF30"; VariantName = "[No Variations]"
Add component (AddParameter): Name = "Price$"; Value = "0.608"; VariantName = "[No Variations]"
Added Pin To Net: NetName=GND Pin=C?-1
Added Pin To Net: NetName=GND Pin=C?-1
Added Pin To Net: NetName=+3V3 Pin=R?-1
Added Pin To Net: NetName=+3V3 Pin=R?-1
Added Pin To Net: NetName=+3V3 Pin=R?-1
Added Pin To Net: NetName=GND Pin=S?-c
Added Pin To Net: NetName=GND Pin=S?-e
Added Pin To Net: NetName=NetC?_2 Pin=C?-2
Added Pin To Net: NetName=NetC?_2 Pin=R?-1
Added Net: Name=NetC?_2
Added Pin To Net: NetName=NetR?_2 Pin=R?-2
Added Pin To Net: NetName=NetR?_2 Pin=R?-2
Added Pin To Net: NetName=NetR?_2 Pin=S?-a
Added Net: Name=NetR?_2
Added Member To Class: ClassName=BRD_XC95144XL Member=Component C? 100n
Added Member To Class: ClassName=BRD_XC95144XL Member=Component C? 100n
Added Member To Class: ClassName=BRD_XC95144XL Member=Component HL1 LED_Green
Added Member To Class: ClassName=BRD_XC95144XL Member=Component R? 10k
Added Member To Class: ClassName=BRD_XC95144XL Member=Component R? 10k
Added Member To Class: ClassName=BRD_XC95144XL Member=Component R? 10k
Added Member To Class: ClassName=BRD_XC95144XL Member=Component R? 10k
Added Member To Class: ClassName=BRD_XC95144XL Member=Component R? 10k
Added Member To Class: ClassName=BRD_XC95144XL Member=Component S? EN12-HS22AF30
