Removed Pin From Net: NetName=NetDD1_22 Pin=R17-1
Removed Pin From Net: NetName=NetC7_2 Pin=R17-2
Removed Pin From Net: NetName=NetDD1_8 Pin=R19-1
Removed Pin From Net: NetName=NetC7_2 Pin=R19-2
Removed Pin From Net: NetName=NetDD1_19 Pin=R23-1
Removed Pin From Net: NetName=NetC7_2 Pin=R23-2
Removed Pin From Net: NetName=NetDD1_18 Pin=R24-1
Removed Pin From Net: NetName=NetC7_2 Pin=R24-2
Added Member To Class: ClassName=Alt_BRD_PowerModules Member=Component C2 100n 25V
Added Member To Class: ClassName=Alt_BRD_PowerModules Member=Component C3 10nF
Added Member To Class: ClassName=Alt_BRD_PowerModules Member=Component C5 100n 25V
Added Member To Class: ClassName=Alt_BRD_PowerModules Member=Component C6 100n 25V
Added Member To Class: ClassName=Alt_BRD_PowerModules Member=Component C7 10u 6.3V 0402
Added Member To Class: ClassName=Alt_BRD_PowerModules Member=Component C8 150n
Added Member To Class: ClassName=Alt_BRD_PowerModules Member=Component C9 10u 6.3V 0402
Added Member To Class: ClassName=Alt_BRD_PowerModules Member=Component C10 1u 10V
Added Member To Class: ClassName=Alt_BRD_PowerModules Member=Component C11 1u 10V
Added Member To Class: ClassName=Alt_BRD_PowerModules Member=Component C12 100n 50V
Added Member To Class: ClassName=Alt_BRD_PowerModules Member=Component C14 47n 50V
Added Member To Class: ClassName=Alt_BRD_PowerModules Member=Component C15 4.7u 10v
Added Member To Class: ClassName=Alt_BRD_PowerModules Member=Component C16 10u 6.3V 0402
Added Member To Class: ClassName=Alt_BRD_PowerModules Member=Component C25 100n 16V
Added Member To Class: ClassName=Alt_BRD_PowerModules Member=Component C27 100n 25V
Added Member To Class: ClassName=Alt_BRD_PowerModules Member=Component C28 10u 6.3V 0402
Added Member To Class: ClassName=Alt_BRD_PowerModules Member=Component C30 100n 16V
Added Member To Class: ClassName=Alt_BRD_PowerModules Member=Component C31 100n 25V
Added Member To Class: ClassName=Alt_BRD_PowerModules Member=Component C32 100n 25V
Added Member To Class: ClassName=Alt_BRD_PowerModules Member=Component DA3 MCP73832T-2DFI/OT
Added Member To Class: ClassName=Alt_BRD_PowerModules Member=Component DD2 MAX17047G+T10
Added Member To Class: ClassName=Alt_BRD_PowerModules Member=Component DD3 FT230XQ-R
Added Member To Class: ClassName=Alt_BRD_PowerModules Member=Component DD5 LSM6DSMTR
Added Member To Class: ClassName=Alt_BRD_PowerModules Member=Component R1 10k
Added Member To Class: ClassName=Alt_BRD_PowerModules Member=Component R9 2.8k
Added Member To Class: ClassName=Alt_BRD_PowerModules Member=Component R10 10m 1% 50ppm
Added Member To Class: ClassName=Alt_BRD_PowerModules Member=Component R13 10k
Added Member To Class: ClassName=Alt_BRD_PowerModules Member=Component R15 10k
Added Member To Class: ClassName=Alt_BRD_PowerModules Member=Component R16 10k
Added Member To Class: ClassName=Alt_BRD_PowerModules Member=Component R21 2.2k
Added Member To Class: ClassName=Alt_BRD_PowerModules Member=Component R22 2.2k
Added Member To Class: ClassName=Alt_BRD_PowerModules Member=Component R25 680
Added Member To Class: ClassName=Alt_BRD_PowerModules Member=Component R26 680
Added Member To Class: ClassName=Alt_BRD_PowerModules Member=Component R27 12k
Added Member To Class: ClassName=Alt_BRD_PowerModules Member=Component R28 3k
Added Member To Class: ClassName=Alt_BRD_PowerModules Member=Component R29 680
Added Member To Class: ClassName=Alt_BRD_PowerModules Member=Component R30 680
Added Member To Class: ClassName=Alt_BRD_PowerModules Member=Component X2 X1-PLS-1
Added Member To Class: ClassName=Alt_BRD_PowerModules Member=Component X4 X1-PLS-1
Added Member To Class: ClassName=Alt_BRD_PowerModules Member=Component X5 X1-PLS-1
Added Member To Class: ClassName=Alt_BRD_PowerModules Member=Component X6 X1-PLS-1
Added Member To Class: ClassName=Alt_BRD_PowerModules Member=Component X7 X1-PLS-1
Added Member To Class: ClassName=Alt_BRD_PowerModules Member=Component X8 X1-PLS-1
Added Member To Class: ClassName=Alt_BRD_PowerModules Member=Component X9 X1-PLS-1
Added Member To Class: ClassName=Alt_BRD_PowerModules Member=Component X13 X1-PLS-1
Added Member To Class: ClassName=Alt_BRD_PowerModules Member=Component X15 X1-PLS-1
Added Member To Class: ClassName=Alt_BRD_PowerModules Member=Component X16 X1-PLS-1
Added Member To Class: ClassName=Alt_BRD_PowerModules Member=Component X18 X1-PLS-1
Added Member To Class: ClassName=Alt_BRD_PowerModules Member=Component X19 X1-PLS-1
Added Member To Class: ClassName=Alt_BRD_PowerModules Member=Component X20 X1-PLS-1
Added Member To Class: ClassName=Alt_BRD_PowerModules Member=Component X21 X1-PLS-1
Added Member To Class: ClassName=Alt_BRD_PowerModules Member=Component X22 X1-PLS-1
Added Member To Class: ClassName=Alt_BRD_PowerModules Member=Component X23 X1-PLS-1
Added Member To Class: ClassName=Alt_BRD_PowerModules Member=Component X24 X1-PLS-1
Added Member To Class: ClassName=Alt_BRD_PowerModules Member=Component X25 X1-PLS-1
Added Member To Class: ClassName=Alt_BRD_PowerModules Member=Component X26 X1-PLS-1
Added Member To Class: ClassName=Alt_BRD_PowerModules Member=Component X27 X1-PLS-1
Added Member To Class: ClassName=Alt_BRD_PowerModules Member=Component X28 X1-PLS-1
Added Member To Class: ClassName=Alt_BRD_PowerModules Member=Component X29 X1-PLS-1
Added Member To Class: ClassName=Alt_BRD_PowerModules Member=Component XP4 PLS-3
Added Member To Class: ClassName=Alt_BRD_PowerModules Member=Component XP7 PLS-2_Jump
Added Member To Class: ClassName=Alt_BRD_PowerModules Member=Component XP9 440055-2
Added Member To Class: ClassName=Alt_BRD_PowerModules Member=Component XP12 PLS-1
Added Member To Class: ClassName=Alt_BRD_PowerModules Member=Component XP14 PLS-1
Added Member To Class: ClassName=Alt_BRD_PowerModules Member=Component XP18 PLS-1
Added Member To Class: ClassName=Alt_BRD_PowerModules Member=Component XP19 PLS-1
Added Member To Class: ClassName=Alt_BRD_PowerModules Member=Component XP21 PLS-1
Added Member To Class: ClassName=Alt_BRD_PowerModules Member=Component XP23 PLS-1
Added Member To Class: ClassName=Alt_BRD_PowerModules Member=Component XP24 PLS-1
Added Member To Class: ClassName=Alt_BRD_PowerModules Member=Component XP25 PLS-1
Added Member To Class: ClassName=Alt_BRD_PowerModules Member=Component XP27 PLS-1
Added Member To Class: ClassName=Alt_BRD_PowerModules Member=Component XP28 PLS-1
Added Member To Class: ClassName=Alt_BRD_PowerModules Member=Component XP29 PLS-1
Added Member To Class: ClassName=Alt_BRD_PowerModules Member=Component XP30 PLS-1
Added Member To Class: ClassName=Alt_BRD_PowerModules Member=Component XP31 PLS-1
Added Member To Class: ClassName=Alt_BRD_PowerModules Member=Component XP32 PLS-1
Added Member To Class: ClassName=Alt_BRD_PowerModules Member=Component XP34 PLS-1
Added Member To Class: ClassName=Alt_BRD_PowerModules Member=Component XP36 PLS-1
Added Member To Class: ClassName=Alt_BRD_PowerModules Member=Component XP37 PLS-1
Added Member To Class: ClassName=Alt_BRD_PowerModules Member=Component XP39 PLS-1
Added Member To Class: ClassName=Alt_BRD_PowerModules Member=Component XS3 10118193-0001LF
PCB-ECO: Change Pad Pin/Pkg Length: Old=2.54mm New=0mm
PCB-ECO: Change Pad Pin/Pkg Length: Old=0mm New=2.54mm
