Change Component Designator: OldDesignator=C30 NewDesignator=C31
Change Component Designator: OldDesignator=C31 NewDesignator=C33
Change Component Designator: OldDesignator=C32 NewDesignator=C34
Change Component Designator: OldDesignator=C33 NewDesignator=C35
Change Component Designator: OldDesignator=C34 NewDesignator=C36
Change Component Designator: OldDesignator=C35 NewDesignator=C37
Change Component Designator: OldDesignator=C36 NewDesignator=C38
Change Component Designator: OldDesignator=C37 NewDesignator=C39
Change Component Designator: OldDesignator=C38 NewDesignator=C40
Change Component Designator: OldDesignator=C39 NewDesignator=C41
Change Component Designator: OldDesignator=C40 NewDesignator=C42
Change Component Designator: OldDesignator=C41 NewDesignator=C43
Change Component Designator: OldDesignator=C42 NewDesignator=C44
Change Component Designator: OldDesignator=C43 NewDesignator=C45
Change Component Designator: OldDesignator=C44 NewDesignator=C46
Change Component Designator: OldDesignator=C45 NewDesignator=C47
Change Component Designator: OldDesignator=C46 NewDesignator=C48
Change Component Designator: OldDesignator=C47 NewDesignator=C49
Change Component Designator: OldDesignator=C48 NewDesignator=C50
Change Component Designator: OldDesignator=C49 NewDesignator=C51
Change Component Designator: OldDesignator=C50 NewDesignator=C52
Change Component Designator: OldDesignator=C51 NewDesignator=C53
Change Component Designator: OldDesignator=C52 NewDesignator=C54
Change Component Designator: OldDesignator=C53 NewDesignator=C55
Change Component Designator: OldDesignator=C54 NewDesignator=C56
Change Component Designator: OldDesignator=C55 NewDesignator=C57
Change Component Designator: OldDesignator=DD4 NewDesignator=DD5
Change Component Designator: OldDesignator=DD5 NewDesignator=DD6
Change Component Designator: OldDesignator=DD6 NewDesignator=DD7
Change Component Designator: OldDesignator=DD7 NewDesignator=DD8
Change Component Designator: OldDesignator=R34 NewDesignator=R41
Change Component Designator: OldDesignator=R35 NewDesignator=R42
Change Component Designator: OldDesignator=R36 NewDesignator=R43
Change Component Designator: OldDesignator=R37 NewDesignator=R44
Change Component Designator: OldDesignator=R38 NewDesignator=R45
Change Component Designator: OldDesignator=R39 NewDesignator=R46
Change Component Designator: OldDesignator=R40 NewDesignator=R47
Change Component Designator: OldDesignator=R41 NewDesignator=R48
Change Component Designator: OldDesignator=R42 NewDesignator=R49
Change Component Designator: OldDesignator=R43 NewDesignator=R50
Change Component Designator: OldDesignator=R44 NewDesignator=R51
Change Component Designator: OldDesignator=R45 NewDesignator=R52
Change Component Designator: OldDesignator=R46 NewDesignator=R53
Change Component Designator: OldDesignator=R47 NewDesignator=R54
Change Component Designator: OldDesignator=R48 NewDesignator=R55
Change Component Designator: OldDesignator=X27 NewDesignator=X28
Change Component Designator: OldDesignator=X28 NewDesignator=X29
Change Component Designator: OldDesignator=X29 NewDesignator=X30
Change Component Designator: OldDesignator=X30 NewDesignator=X31
Change Component Designator: OldDesignator=X31 NewDesignator=X33
Change Component Designator: OldDesignator=X32 NewDesignator=X34
Change Component Designator: OldDesignator=X33 NewDesignator=X35
Change Component Designator: OldDesignator=X34 NewDesignator=X36
Change Component Designator: OldDesignator=X35 NewDesignator=X37
Change Component Designator: OldDesignator=X36 NewDesignator=X38
Change Component Designator: OldDesignator=X37 NewDesignator=X39
Change Component Designator: OldDesignator=X38 NewDesignator=X40
Change Component Designator: OldDesignator=X39 NewDesignator=X41
Change Component Designator: OldDesignator=XP10 NewDesignator=XP16
Change Component Designator: OldDesignator=XP11 NewDesignator=XP17
Change Component Designator: OldDesignator=XP12 NewDesignator=XP18
Change Component Designator: OldDesignator=XP13 NewDesignator=XP19
Change Component Designator: OldDesignator=XP14 NewDesignator=XP20
Change Component Designator: OldDesignator=XP15 NewDesignator=XP21
Change Component Designator: OldDesignator=XP16 NewDesignator=XP22
Change Component Designator: OldDesignator=XP17 NewDesignator=XP23
Change Component Designator: OldDesignator=XP18 NewDesignator=XP24
Change Component Designator: OldDesignator=XP19 NewDesignator=XP25
Change Component Designator: OldDesignator=XP20 NewDesignator=XP26
Change Component Designator: OldDesignator=XP21 NewDesignator=XP27
Change Component Designator: OldDesignator=XP22 NewDesignator=XP28
Change Component Designator: OldDesignator=XP23 NewDesignator=XP29
Change Component Designator: OldDesignator=XP24 NewDesignator=XP30
Change Component Designator: OldDesignator=XP25 NewDesignator=XP31
Change Component Designator: OldDesignator=XP26 NewDesignator=XP32
Change Component Designator: OldDesignator=XP27 NewDesignator=XP33
Change Component Designator: OldDesignator=XP28 NewDesignator=XP34
Change Component Designator: OldDesignator=XP29 NewDesignator=XP35
Change Component Designator: OldDesignator=XP30 NewDesignator=XP36
Change Component Designator: OldDesignator=XP31 NewDesignator=XP37
Change Component Designator: OldDesignator=XP32 NewDesignator=XP38
Change Component Designator: OldDesignator=XP33 NewDesignator=XP39
Change Component Designator: OldDesignator=XP34 NewDesignator=XP40
Change Component Designator: OldDesignator=XP35 NewDesignator=XP41
Change Component Designator: OldDesignator=XP36 NewDesignator=XP42
Change Component Designator: OldDesignator=XP37 NewDesignator=XP43
Change Component Designator: OldDesignator=XP38 NewDesignator=XP44
Change Component Designator: OldDesignator=XP39 NewDesignator=XP45
Change Component Designator: OldDesignator=XP40 NewDesignator=XP46
Change Component Designator: OldDesignator=ZL3 NewDesignator=ZL4
Change Component Designator: OldDesignator=ZL4 NewDesignator=ZL5
Added Component: Designator=C30(CapKemet1005(0402))
Add component (AddParameter): Name = "Digi-Key Part Number"; Value = "1276-6720-1-ND"; VariantName = "[No Variations]"
Add component (AddParameter): Name = "HelpURL"; Value = "https://www.digikey.com/en/products/detail/samsung-electro-mechanics/CL05B104KA5NNNC/5961204"; VariantName = "[No Variations]"
Add component (AddParameter): Name = "Manufacturer Part Number"; Value = "CL05B104KA5NNNC"; VariantName = "[No Variations]"
Add component (AddParameter): Name = "Package"; Value = "0402"; VariantName = "[No Variations]"
Add component (AddParameter): Name = "Part Number"; Value = "CL05B104KA5NNNC"; VariantName = "[No Variations]"
Add component (AddParameter): Name = "Price$"; Value = "0.00487"; VariantName = "[No Variations]"
Added Component: Designator=C32(CapKemet1005(0402))
Add component (AddParameter): Name = "Digi-Key Part Number"; Value = "1276-6720-1-ND"; VariantName = "[No Variations]"
Add component (AddParameter): Name = "HelpURL"; Value = "https://www.digikey.com/en/products/detail/samsung-electro-mechanics/CL05B104KA5NNNC/5961204"; VariantName = "[No Variations]"
Add component (AddParameter): Name = "Manufacturer Part Number"; Value = "CL05B104KA5NNNC"; VariantName = "[No Variations]"
Add component (AddParameter): Name = "Package"; Value = "0402"; VariantName = "[No Variations]"
Add component (AddParameter): Name = "Part Number"; Value = "CL05B104KA5NNNC"; VariantName = "[No Variations]"
Add component (AddParameter): Name = "Price$"; Value = "0.00487"; VariantName = "[No Variations]"
Added Component: Designator=DD4(LGA-14L_2P5X3X0P83_STM-M)
Add component (AddParameter): Name = "Built_By"; Value = "EMA_Cory"; VariantName = "[No Variations]"
Add component (AddParameter): Name = "Copyright"; Value = "Copyright (C) 2018 Accelerated Designs. All rights reserved"; VariantName = "[No Variations]"
Add component (AddParameter): Name = "Datasheet"; Value = "https://www.st.com/content/ccc/resource/technical/document/datasheet/76/27/cf/88/c5/03/42/6b/DM00218116.pdf/files/DM00218116.pdf/jcr:content/translations/en.DM00218116.pdf"; VariantName = "[No Variations]"
Add component (AddParameter): Name = "Digi-Key Part Number"; Value = "497-16696-1-ND"; VariantName = "[No Variations]"
Add component (AddParameter): Name = "HelpURL"; Value = "https://eu.mouser.com/ProductDetail/STMicroelectronics/LSM6DSMTR?qs=dTJS0cRn7ogKkf7uVmbVmg%3D%3D"; VariantName = "[No Variations]"
Add component (AddParameter): Name = "HelpURL2"; Value = "#https://www.digikey.com/product-detail/en/stmicroelectronics/LSM6DSMTR/497-16696-1-ND/6192778#"; VariantName = "[No Variations]"
Add component (AddParameter): Name = "Manufacturer Part Number"; Value = "LSM6DSMTR"; VariantName = "[No Variations]"
Add component (AddParameter): Name = "Manufacturer_Part_Number"; Value = "LSM6DSMTR"; VariantName = "[No Variations]"
Add component (AddParameter): Name = "Mouser Part Number"; Value = "511-LSM6DSMTR"; VariantName = "[No Variations]"
Add component (AddParameter): Name = "Part Number"; Value = "LSM6DSMTR"; VariantName = "[No Variations]"
Add component (AddParameter): Name = "Price$"; Value = "2.92"; VariantName = "[No Variations]"
Add component (AddParameter): Name = "RefDes"; Value = "RefDes"; VariantName = "[No Variations]"
Add component (AddParameter): Name = "SourceLibrary"; Value = "Updates_to_database_2020-11-03"; VariantName = "[No Variations]"
Add component (AddParameter): Name = "Type"; Value = "DEV"; VariantName = "[No Variations]"
Add component (AddParameter): Name = "Vendor"; Value = "STMicroelectronics"; VariantName = "[No Variations]"
Added Component: Designator=R34(REZKemet 0402)
Add component (AddParameter): Name = "HelpURL"; Value = "https://www.digikey.com/en/products/detail/stackpole-electronics-inc/RMCF0402ZT0R00/1756905"; VariantName = "[No Variations]"
Add component (AddParameter): Name = "Manufacturer Part Number"; Value = "RMCF0402ZT0R00"; VariantName = "[No Variations]"
Add component (AddParameter): Name = "Mouser Part Number"; Value = "RMCF0402ZT0R00CT-ND"; VariantName = "[No Variations]"
Add component (AddParameter): Name = "Package"; Value = "0402"; VariantName = "[No Variations]"
Add component (AddParameter): Name = "Part Number"; Value = "RMCF0402ZT0R00"; VariantName = "[No Variations]"
Add component (AddParameter): Name = "Price$"; Value = "0.00186"; VariantName = "[No Variations]"
Added Component: Designator=R35(REZKemet 0402)
Add component (AddParameter): Name = "HelpURL"; Value = "https://www.digikey.com/en/products/detail/stackpole-electronics-inc/RMCF0402ZT0R00/1756905"; VariantName = "[No Variations]"
Add component (AddParameter): Name = "Manufacturer Part Number"; Value = "RMCF0402ZT0R00"; VariantName = "[No Variations]"
Add component (AddParameter): Name = "Mouser Part Number"; Value = "RMCF0402ZT0R00CT-ND"; VariantName = "[No Variations]"
Add component (AddParameter): Name = "Package"; Value = "0402"; VariantName = "[No Variations]"
Add component (AddParameter): Name = "Part Number"; Value = "RMCF0402ZT0R00"; VariantName = "[No Variations]"
Add component (AddParameter): Name = "Price$"; Value = "0.00186"; VariantName = "[No Variations]"
Added Component: Designator=R36(REZKemet 0402)
Add component (AddParameter): Name = "HelpURL"; Value = "https://www.digikey.com/en/products/detail/stackpole-electronics-inc/RMCF0402ZT0R00/1756905"; VariantName = "[No Variations]"
Add component (AddParameter): Name = "Manufacturer Part Number"; Value = "RMCF0402ZT0R00"; VariantName = "[No Variations]"
Add component (AddParameter): Name = "Mouser Part Number"; Value = "RMCF0402ZT0R00CT-ND"; VariantName = "[No Variations]"
Add component (AddParameter): Name = "Package"; Value = "0402"; VariantName = "[No Variations]"
Add component (AddParameter): Name = "Part Number"; Value = "RMCF0402ZT0R00"; VariantName = "[No Variations]"
Add component (AddParameter): Name = "Price$"; Value = "0.00186"; VariantName = "[No Variations]"
Added Component: Designator=R37(REZKemet 0402)
Add component (AddParameter): Name = "HelpURL"; Value = "https://www.digikey.com/en/products/detail/stackpole-electronics-inc/RMCF0402ZT0R00/1756905"; VariantName = "[No Variations]"
Add component (AddParameter): Name = "Manufacturer Part Number"; Value = "RMCF0402ZT0R00"; VariantName = "[No Variations]"
Add component (AddParameter): Name = "Mouser Part Number"; Value = "RMCF0402ZT0R00CT-ND"; VariantName = "[No Variations]"
Add component (AddParameter): Name = "Package"; Value = "0402"; VariantName = "[No Variations]"
Add component (AddParameter): Name = "Part Number"; Value = "RMCF0402ZT0R00"; VariantName = "[No Variations]"
Add component (AddParameter): Name = "Price$"; Value = "0.00186"; VariantName = "[No Variations]"
Added Component: Designator=R38(REZKemet 0402)
Add component (AddParameter): Name = "HelpURL"; Value = "https://www.digikey.com/en/products/detail/stackpole-electronics-inc/RMCF0402ZT0R00/1756905"; VariantName = "[No Variations]"
Add component (AddParameter): Name = "Manufacturer Part Number"; Value = "RMCF0402ZT0R00"; VariantName = "[No Variations]"
Add component (AddParameter): Name = "Mouser Part Number"; Value = "RMCF0402ZT0R00CT-ND"; VariantName = "[No Variations]"
Add component (AddParameter): Name = "Package"; Value = "0402"; VariantName = "[No Variations]"
Add component (AddParameter): Name = "Part Number"; Value = "RMCF0402ZT0R00"; VariantName = "[No Variations]"
Add component (AddParameter): Name = "Price$"; Value = "0.00186"; VariantName = "[No Variations]"
Added Component: Designator=R39(REZKemet 0402)
Add component (AddParameter): Name = "HelpURL"; Value = "https://www.digikey.com/en/products/detail/stackpole-electronics-inc/RMCF0402ZT0R00/1756905"; VariantName = "[No Variations]"
Add component (AddParameter): Name = "Manufacturer Part Number"; Value = "RMCF0402ZT0R00"; VariantName = "[No Variations]"
Add component (AddParameter): Name = "Mouser Part Number"; Value = "RMCF0402ZT0R00CT-ND"; VariantName = "[No Variations]"
Add component (AddParameter): Name = "Package"; Value = "0402"; VariantName = "[No Variations]"
Add component (AddParameter): Name = "Part Number"; Value = "RMCF0402ZT0R00"; VariantName = "[No Variations]"
Add component (AddParameter): Name = "Price$"; Value = "0.00186"; VariantName = "[No Variations]"
Added Component: Designator=R40(REZKemet 0402)
Add component (AddParameter): Name = "HelpURL"; Value = "https://www.digikey.com/en/products/detail/stackpole-electronics-inc/RMCF0402ZT0R00/1756905"; VariantName = "[No Variations]"
Add component (AddParameter): Name = "Manufacturer Part Number"; Value = "RMCF0402ZT0R00"; VariantName = "[No Variations]"
Add component (AddParameter): Name = "Mouser Part Number"; Value = "RMCF0402ZT0R00CT-ND"; VariantName = "[No Variations]"
Add component (AddParameter): Name = "Package"; Value = "0402"; VariantName = "[No Variations]"
Add component (AddParameter): Name = "Part Number"; Value = "RMCF0402ZT0R00"; VariantName = "[No Variations]"
Add component (AddParameter): Name = "Price$"; Value = "0.00186"; VariantName = "[No Variations]"
Added Component: Designator=X27(PLLS1.27-1-TOP-R)
Add component (AddParameter): Name = "Part Number"; Value = "PLLS1.27-1-TOP-R"; VariantName = "[No Variations]"
Added Component: Designator=X32(PLLS1.27-1-TOP-R)
Add component (AddParameter): Name = "Part Number"; Value = "PLLS1.27-1-TOP-R"; VariantName = "[No Variations]"
Added Component: Designator=XP10(PLS-1-3D)
Add component (AddParameter): Name = "Digi-Key Part Number"; Value = "S1011EC-01-ND"; VariantName = "[No Variations]"
Add component (AddParameter): Name = "HelpURL"; Value = "https://www.digikey.com/product-detail/en/sullins-connector-solutions/PRPC001SAAN-RC/S1011EC-01-ND/2775253"; VariantName = "[No Variations]"
Add component (AddParameter): Name = "Manufacturer Part Number"; Value = "PRPC001SAAN-RC"; VariantName = "[No Variations]"
Add component (AddParameter): Name = "Part Number"; Value = "PLS-1"; VariantName = "[No Variations]"
Add component (AddParameter): Name = "Price$"; Value = "0.05"; VariantName = "[No Variations]"
Added Component: Designator=XP11(PLS-1-3D)
Add component (AddParameter): Name = "Digi-Key Part Number"; Value = "S1011EC-01-ND"; VariantName = "[No Variations]"
Add component (AddParameter): Name = "HelpURL"; Value = "https://www.digikey.com/product-detail/en/sullins-connector-solutions/PRPC001SAAN-RC/S1011EC-01-ND/2775253"; VariantName = "[No Variations]"
Add component (AddParameter): Name = "Manufacturer Part Number"; Value = "PRPC001SAAN-RC"; VariantName = "[No Variations]"
Add component (AddParameter): Name = "Part Number"; Value = "PLS-1"; VariantName = "[No Variations]"
Add component (AddParameter): Name = "Price$"; Value = "0.05"; VariantName = "[No Variations]"
Added Component: Designator=XP12(PLS-1-3D)
Add component (AddParameter): Name = "Digi-Key Part Number"; Value = "S1011EC-01-ND"; VariantName = "[No Variations]"
Add component (AddParameter): Name = "HelpURL"; Value = "https://www.digikey.com/product-detail/en/sullins-connector-solutions/PRPC001SAAN-RC/S1011EC-01-ND/2775253"; VariantName = "[No Variations]"
Add component (AddParameter): Name = "Manufacturer Part Number"; Value = "PRPC001SAAN-RC"; VariantName = "[No Variations]"
Add component (AddParameter): Name = "Part Number"; Value = "PLS-1"; VariantName = "[No Variations]"
Add component (AddParameter): Name = "Price$"; Value = "0.05"; VariantName = "[No Variations]"
Added Component: Designator=XP13(PLS-1-3D)
Add component (AddParameter): Name = "Digi-Key Part Number"; Value = "S1011EC-01-ND"; VariantName = "[No Variations]"
Add component (AddParameter): Name = "HelpURL"; Value = "https://www.digikey.com/product-detail/en/sullins-connector-solutions/PRPC001SAAN-RC/S1011EC-01-ND/2775253"; VariantName = "[No Variations]"
Add component (AddParameter): Name = "Manufacturer Part Number"; Value = "PRPC001SAAN-RC"; VariantName = "[No Variations]"
Add component (AddParameter): Name = "Part Number"; Value = "PLS-1"; VariantName = "[No Variations]"
Add component (AddParameter): Name = "Price$"; Value = "0.05"; VariantName = "[No Variations]"
Added Component: Designator=XP14(PLS-1-3D)
Add component (AddParameter): Name = "Digi-Key Part Number"; Value = "S1011EC-01-ND"; VariantName = "[No Variations]"
Add component (AddParameter): Name = "HelpURL"; Value = "https://www.digikey.com/product-detail/en/sullins-connector-solutions/PRPC001SAAN-RC/S1011EC-01-ND/2775253"; VariantName = "[No Variations]"
Add component (AddParameter): Name = "Manufacturer Part Number"; Value = "PRPC001SAAN-RC"; VariantName = "[No Variations]"
Add component (AddParameter): Name = "Part Number"; Value = "PLS-1"; VariantName = "[No Variations]"
Add component (AddParameter): Name = "Price$"; Value = "0.05"; VariantName = "[No Variations]"
Added Component: Designator=XP15(PLS-1-3D)
Add component (AddParameter): Name = "Digi-Key Part Number"; Value = "S1011EC-01-ND"; VariantName = "[No Variations]"
Add component (AddParameter): Name = "HelpURL"; Value = "https://www.digikey.com/product-detail/en/sullins-connector-solutions/PRPC001SAAN-RC/S1011EC-01-ND/2775253"; VariantName = "[No Variations]"
Add component (AddParameter): Name = "Manufacturer Part Number"; Value = "PRPC001SAAN-RC"; VariantName = "[No Variations]"
Add component (AddParameter): Name = "Part Number"; Value = "PLS-1"; VariantName = "[No Variations]"
Add component (AddParameter): Name = "Price$"; Value = "0.05"; VariantName = "[No Variations]"
Added Component: Designator=ZL3(Ferrite1005(0402))
Add component (AddParameter): Name = "Digi-Key Part Number"; Value = ""; VariantName = "[No Variations]"
Add component (AddParameter): Name = "HelpURL"; Value = "https://eu.mouser.com/ProductDetail/Murata-Electronics/BLM15PX471SN1D?qs=%2Fha2pyFadugFXr5biOyskwIVnWnam4MScgU55pluOIVbLGfRcJswjw%3D%3D"; VariantName = "[No Variations]"
Add component (AddParameter): Name = "Manufacturer Part Number"; Value = "BLM15PX471SN1D"; VariantName = "[No Variations]"
Add component (AddParameter): Name = "Mouser Part Number"; Value = "BLM15PX471SN1D"; VariantName = "[No Variations]"
Add component (AddParameter): Name = "Note"; Value = ""; VariantName = "[No Variations]"
Add component (AddParameter): Name = "Package"; Value = "0402"; VariantName = "[No Variations]"
Add component (AddParameter): Name = "Part Number"; Value = "Ferrite1005(0402)"; VariantName = "[No Variations]"
Add component (AddParameter): Name = "Price$"; Value = "0.14"; VariantName = "[No Variations]"
Added Pin To Net: NetName=GND Pin=C30-2
Added Pin To Net: NetName=GND Pin=C32-2
Added Pin To Net: NetName=GND Pin=DD4-6
Added Pin To Net: NetName=GND Pin=DD4-7
Added Pin To Net: NetName=3,3V Pin=R40-1
Change Net Name : Old Net Name=NetC30_2 New Net Name=NetC31_2
Change Net Name : Old Net Name=NetC31_2 New Net Name=NetC33_2
Change Net Name : Old Net Name=NetC32_2 New Net Name=NetC34_2
Change Net Name : Old Net Name=NetC33_2 New Net Name=NetC35_2
Change Net Name : Old Net Name=NetC35_2 New Net Name=NetC37_2
Change Net Name : Old Net Name=NetC36_2 New Net Name=NetC38_2
Change Net Name : Old Net Name=NetC37_2 New Net Name=NetC39_2
Change Net Name : Old Net Name=NetC39_2 New Net Name=NetC41_2
Change Net Name : Old Net Name=NetC40_2 New Net Name=NetC42_2
Change Net Name : Old Net Name=NetC43_2 New Net Name=NetC45_2
Change Net Name : Old Net Name=NetC46_2 New Net Name=NetC48_2
Change Net Name : Old Net Name=NetC49_2 New Net Name=NetC51_2
Change Net Name : Old Net Name=NetC50_2 New Net Name=NetC52_2
Change Net Name : Old Net Name=NetC53_1 New Net Name=NetC55_1
Change Net Name : Old Net Name=NetC55_1 New Net Name=NetC57_1
Change Net Name : Old Net Name=NetDD5_4 New Net Name=NetDD6_4
Change Net Name : Old Net Name=NetDD5_16 New Net Name=NetDD6_16
Change Net Name : Old Net Name=NetDD6_1 New Net Name=NetDD7_1
Change Net Name : Old Net Name=NetDD6_3 New Net Name=NetDD7_3
Change Net Name : Old Net Name=NetDD6_4 New Net Name=NetDD7_4
Change Net Name : Old Net Name=NetDD6_5 New Net Name=NetDD7_5
Change Net Name : Old Net Name=NetDD6_12 New Net Name=NetDD7_12
Change Net Name : Old Net Name=NetDD6_13 New Net Name=NetDD7_13
Change Net Name : Old Net Name=NetDD6_14 New Net Name=NetDD7_14
Change Net Name : Old Net Name=NetDD6_22 New Net Name=NetDD7_22
Change Net Name : Old Net Name=NetDD6_24 New Net Name=NetDD7_24
Change Net Name : Old Net Name=NetDD7_1 New Net Name=NetDD8_1
Change Net Name : Old Net Name=NetDD7_4 New Net Name=NetDD8_4
Change Net Name : Old Net Name=NetDD7_9 New Net Name=NetDD8_9
Change Net Name : Old Net Name=NetDD7_10 New Net Name=NetDD8_10
Change Net Name : Old Net Name=NetDD7_11 New Net Name=NetDD8_11
Change Net Name : Old Net Name=NetDD7_12 New Net Name=NetDD8_12
Change Net Name : Old Net Name=NetDD7_13 New Net Name=NetDD8_13
Change Net Name : Old Net Name=NetDD7_14 New Net Name=NetDD8_14
Added Pin To Net: NetName=NetC30_1 Pin=C30-1
Added Pin To Net: NetName=NetC30_1 Pin=DD4-2
Added Pin To Net: NetName=NetC30_1 Pin=DD4-3
Added Pin To Net: NetName=NetC30_1 Pin=DD4-5
Added Pin To Net: NetName=NetC30_1 Pin=R40-2
Added Pin To Net: NetName=NetC30_1 Pin=ZL3-1
Added Net: Name=NetC30_1
Added Pin To Net: NetName=NetC32_1 Pin=C32-1
Added Pin To Net: NetName=NetC32_1 Pin=DD4-8
Added Pin To Net: NetName=NetC32_1 Pin=ZL3-2
Added Net: Name=NetC32_1
Added Pin To Net: NetName=NetDD4_1 Pin=DD4-1
Added Pin To Net: NetName=NetDD4_1 Pin=R37-2
Added Net: Name=NetDD4_1
Added Pin To Net: NetName=NetDD4_4 Pin=DD4-4
Added Pin To Net: NetName=NetDD4_4 Pin=R35-2
Added Net: Name=NetDD4_4
Added Pin To Net: NetName=NetDD4_9 Pin=DD4-9
Added Pin To Net: NetName=NetDD4_9 Pin=R36-2
Added Net: Name=NetDD4_9
Added Pin To Net: NetName=NetDD4_10 Pin=DD4-10
Added Pin To Net: NetName=NetDD4_10 Pin=X27-1
Added Net: Name=NetDD4_10
Added Pin To Net: NetName=NetDD4_11 Pin=DD4-11
Added Pin To Net: NetName=NetDD4_11 Pin=X32-1
Added Net: Name=NetDD4_11
Added Pin To Net: NetName=NetDD4_12 Pin=DD4-12
Added Pin To Net: NetName=NetDD4_12 Pin=R34-2
Added Net: Name=NetDD4_12
Added Pin To Net: NetName=NetDD4_13 Pin=DD4-13
Added Pin To Net: NetName=NetDD4_13 Pin=R38-2
Added Net: Name=NetDD4_13
Added Pin To Net: NetName=NetDD4_14 Pin=DD4-14
Added Pin To Net: NetName=NetDD4_14 Pin=R39-2
Added Net: Name=NetDD4_14
Added Pin To Net: NetName=NetR34_1 Pin=R34-1
Added Pin To Net: NetName=NetR34_1 Pin=XP11-1
Added Net: Name=NetR34_1
Added Pin To Net: NetName=NetR35_1 Pin=R35-1
Added Pin To Net: NetName=NetR35_1 Pin=XP12-1
Added Net: Name=NetR35_1
Added Pin To Net: NetName=NetR36_1 Pin=R36-1
Added Pin To Net: NetName=NetR36_1 Pin=XP13-1
Added Net: Name=NetR36_1
Added Pin To Net: NetName=NetR37_1 Pin=R37-1
Added Pin To Net: NetName=NetR37_1 Pin=XP10-1
Added Net: Name=NetR37_1
Added Pin To Net: NetName=NetR38_1 Pin=R38-1
Added Pin To Net: NetName=NetR38_1 Pin=XP14-1
Added Net: Name=NetR38_1
Added Pin To Net: NetName=NetR39_1 Pin=R39-1
Added Pin To Net: NetName=NetR39_1 Pin=XP15-1
Added Net: Name=NetR39_1
Added Member To Class: ClassName=Alt_BRD_PowerModules Member=Component C56 47uF 6.3V
Added Member To Class: ClassName=Alt_BRD_PowerModules Member=Component C57 100n 25V
Added Member To Class: ClassName=Alt_BRD_PowerModules Member=Component DD8 LSM6DSMTR
Added Member To Class: ClassName=Alt_BRD_PowerModules Member=Component R49 0
Added Member To Class: ClassName=Alt_BRD_PowerModules Member=Component R50 0
Added Member To Class: ClassName=Alt_BRD_PowerModules Member=Component R51 0
Added Member To Class: ClassName=Alt_BRD_PowerModules Member=Component R52 0
Added Member To Class: ClassName=Alt_BRD_PowerModules Member=Component R53 0
Added Member To Class: ClassName=Alt_BRD_PowerModules Member=Component R54 620
Added Member To Class: ClassName=Alt_BRD_PowerModules Member=Component R55 5.1k
Added Member To Class: ClassName=Alt_BRD_PowerModules Member=Component X40 PLLS1.27-1-TOP-R
Added Member To Class: ClassName=Alt_BRD_PowerModules Member=Component X41 PLLS1.27-1-TOP-R
Added Member To Class: ClassName=Alt_BRD_PowerModules Member=Component XP41 PLS-1
Added Member To Class: ClassName=Alt_BRD_PowerModules Member=Component XP42 PLS-1
Added Member To Class: ClassName=Alt_BRD_PowerModules Member=Component XP43 PLS-1
Added Member To Class: ClassName=Alt_BRD_PowerModules Member=Component XP44 PLS-1
Added Member To Class: ClassName=Alt_BRD_PowerModules Member=Component XP45 PLS-1
Added Member To Class: ClassName=Alt_BRD_PowerModules Member=Component XP46 PLS-1
Added Member To Class: ClassName=Alt_BRD_PowerModules Member=Component ZL5 470Ohms@100MHz
PCB-ECO: Change Pad Pin/Pkg Length: Old=2.54mm New=0mm
PCB-ECO: Change Pad Pin/Pkg Length: Old=0mm New=2.54mm
