Added Pin To Net: NetName=NetC1_1 Pin=C1-1
Added Pin To Net: NetName=NetC1_2 Pin=C1-2
Added Pin To Net: NetName=NetC1_1 Pin=C2-1
Added Pin To Net: NetName=NetC2_2 Pin=C2-2
Added Pin To Net: NetName=NetC1_1 Pin=C3-1
Added Pin To Net: NetName=NetC3_2 Pin=C3-2
Added Pin To Net: NetName=NetC1_2 Pin=DD1-1
Added Pin To Net: NetName=NetC2_2 Pin=DD1-2
Added Pin To Net: NetName=NetDD1_3 Pin=DD1-3
Added Pin To Net: NetName=NetDD1_4 Pin=DD1-4
Added Pin To Net: NetName=GND Pin=DD1-5
Added Pin To Net: NetName=NetC1_1 Pin=DD1-6
Added Pin To Net: NetName=NetC3_2 Pin=DD1-7
Added Pin To Net: NetName=NetDD1_8 Pin=DD1-8
Added Pin To Net: NetName=NetDD1_9 Pin=DD1-9
Added Pin To Net: NetName=NetC1_2 Pin=DD1-10
Added Pin To Net: NetName=NetC1_1 Pin=DD1-11
Added Pin To Net: NetName=NetC2_2 Pin=R1-1
Added Pin To Net: NetName=NetDD1_9 Pin=R1-2
Added Pin To Net: NetName=NetC1_1 Pin=R2-1
Added Pin To Net: NetName=GND Pin=R2-2
Added Pin To Net: NetName=NetR3_1 Pin=R3-1
Added Pin To Net: NetName=NetDD1_4 Pin=R3-2
Added Pin To Net: NetName=NetR3_1 Pin=R4-1
Added Pin To Net: NetName=NetDD1_3 Pin=R4-2
Added Pin To Net: NetName=NetC2_2 Pin=X1-1
Added Pin To Net: NetName=NetC1_2 Pin=X2-1
Added Pin To Net: NetName=NetC1_1 Pin=X3-1
Added Pin To Net: NetName=NetC1_1 Pin=X4-1
Added Pin To Net: NetName=NetC1_2 Pin=X5-1
Added Pin To Net: NetName=NetR3_1 Pin=X6-1
Added Pin To Net: NetName=NetDD1_8 Pin=X7-1
Added Pin To Net: NetName=NetDD1_4 Pin=X8-1
Added Pin To Net: NetName=NetDD1_3 Pin=X9-1
Added Pin To Net: NetName=GND Pin=X10-1
Added Member To Class: ClassName=Alt_BRD_PowerModules Member=Component C1 100n 25V
Added Member To Class: ClassName=Alt_BRD_PowerModules Member=Component C2 10nF
Added Member To Class: ClassName=Alt_BRD_PowerModules Member=Component C3 100n 25V
Added Member To Class: ClassName=Alt_BRD_PowerModules Member=Component C4 4.7uF 10V
Added Member To Class: ClassName=Alt_BRD_PowerModules Member=Component C5 100n 25V
Added Member To Class: ClassName=Alt_BRD_PowerModules Member=Component C6 150n
Added Member To Class: ClassName=Alt_BRD_PowerModules Member=Component C7 1u 10V
Added Member To Class: ClassName=Alt_BRD_PowerModules Member=Component C9 1u 10V
Added Member To Class: ClassName=Alt_BRD_PowerModules Member=Component C10 100n 50V
Added Member To Class: ClassName=Alt_BRD_PowerModules Member=Component C11 47n 50V
Added Member To Class: ClassName=Alt_BRD_PowerModules Member=Component C13 10u 6.3V 0402
Added Member To Class: ClassName=Alt_BRD_PowerModules Member=Component C14 10u 6.3V 0402
Added Member To Class: ClassName=Alt_BRD_PowerModules Member=Component C15 10u 6.3V 0402
Added Member To Class: ClassName=Alt_BRD_PowerModules Member=Component C16 4.7uF 10V
Added Member To Class: ClassName=Alt_BRD_PowerModules Member=Component DD1 MAX17047G+T10
Added Member To Class: ClassName=Alt_BRD_PowerModules Member=Component DD2 MAX8903AETI+
Added Member To Class: ClassName=Alt_BRD_PowerModules Member=Component HL1 GR-0603
Added Member To Class: ClassName=Alt_BRD_PowerModules Member=Component HL2 GR-0603
Added Member To Class: ClassName=Alt_BRD_PowerModules Member=Component HL3 GR-0603
Added Member To Class: ClassName=Alt_BRD_PowerModules Member=Component HL4 GR-0603
Added Member To Class: ClassName=Alt_BRD_PowerModules Member=Component L1 4.7UH 5A 41 MOHM
Added Member To Class: ClassName=Alt_BRD_PowerModules Member=Component R1 10k
Added Member To Class: ClassName=Alt_BRD_PowerModules Member=Component R2 10m 1% 50ppm
Added Member To Class: ClassName=Alt_BRD_PowerModules Member=Component R3 10k
Added Member To Class: ClassName=Alt_BRD_PowerModules Member=Component R4 10k
Added Member To Class: ClassName=Alt_BRD_PowerModules Member=Component R5 10k
Added Member To Class: ClassName=Alt_BRD_PowerModules Member=Component R6 10k
Added Member To Class: ClassName=Alt_BRD_PowerModules Member=Component R7 620
Added Member To Class: ClassName=Alt_BRD_PowerModules Member=Component R8 158
Added Member To Class: ClassName=Alt_BRD_PowerModules Member=Component R9 1k
Added Member To Class: ClassName=Alt_BRD_PowerModules Member=Component R10 221
Added Member To Class: ClassName=Alt_BRD_PowerModules Member=Component R11 2.8k
Added Member To Class: ClassName=Alt_BRD_PowerModules Member=Component R12 2.2k
Added Member To Class: ClassName=Alt_BRD_PowerModules Member=Component VT1 N-CH  190m¿ 60V
Added Member To Class: ClassName=Alt_BRD_PowerModules Member=Component X1 X1-PLS-1
Added Member To Class: ClassName=Alt_BRD_PowerModules Member=Component X2 X1-PLS-1
Added Member To Class: ClassName=Alt_BRD_PowerModules Member=Component X3 X1-PLS-1
Added Member To Class: ClassName=Alt_BRD_PowerModules Member=Component X4 X1-PLS-1
Added Member To Class: ClassName=Alt_BRD_PowerModules Member=Component X5 X1-PLS-1
Added Member To Class: ClassName=Alt_BRD_PowerModules Member=Component X6 X1-PLS-1
Added Member To Class: ClassName=Alt_BRD_PowerModules Member=Component X7 X1-PLS-1
Added Member To Class: ClassName=Alt_BRD_PowerModules Member=Component X8 X1-PLS-1
Added Member To Class: ClassName=Alt_BRD_PowerModules Member=Component X9 X1-PLS-1
Added Member To Class: ClassName=Alt_BRD_PowerModules Member=Component X10 X1-PLS-1
Added Member To Class: ClassName=Alt_BRD_PowerModules Member=Component XP1 PLS-2_Jump
Added Member To Class: ClassName=Alt_BRD_PowerModules Member=Component XP2 PLS-2_Jump
Added Member To Class: ClassName=Alt_BRD_PowerModules Member=Component XP3 PLS-2_Jump
Added Member To Class: ClassName=Alt_BRD_PowerModules Member=Component XP4 PLS-2_Jump
Added Member To Class: ClassName=Alt_BRD_PowerModules Member=Component XP5 PLS-3
Added Member To Class: ClassName=Alt_BRD_PowerModules Member=Component XP6 440055-2
Added Member To Class: ClassName=Alt_BRD_PowerModules Member=Component XP9 PLS-3
Added Member To Class: ClassName=Alt_BRD_PowerModules Member=Component XS1 10118193-0001LF
PCB-ECO: Change Pad Pin/Pkg Length: Old=0mm New=2.54mm
