Removed Pin From Net: NetName=NetDD4_11 Pin=XP10-1
Removed Pin From Net: NetName=NetDD4_1 Pin=XP11-1
Removed Pin From Net: NetName=NetDD4_12 Pin=XP12-1
Removed Pin From Net: NetName=NetDD4_4 Pin=XP13-1
Removed Pin From Net: NetName=NetDD4_9 Pin=XP14-1
Removed Pin From Net: NetName=NetDD4_13 Pin=XP15-1
Removed Pin From Net: NetName=NetDD4_10 Pin=XP16-1
Removed Pin From Net: NetName=NetDD4_14 Pin=XP17-1
Removed Pin From Net: NetName=3,3V Pin=XP18-1
Removed Member From Class: ClassName=Alt_BRD_PowerModules Member=XP41
Removed Member From Class: ClassName=Alt_BRD_PowerModules Member=XP42
Removed Member From Class: ClassName=Alt_BRD_PowerModules Member=XP43
Removed Member From Class: ClassName=Alt_BRD_PowerModules Member=XP44
Removed Member From Class: ClassName=Alt_BRD_PowerModules Member=XP45
Removed Member From Class: ClassName=Alt_BRD_PowerModules Member=XP46
Removed Member From Class: ClassName=Alt_BRD_PowerModules Member=XP47
Removed Member From Class: ClassName=Alt_BRD_PowerModules Member=XP48
Removed Member From Class: ClassName=Alt_BRD_PowerModules Member=XP49
Change Component Designator: OldDesignator=R43 NewDesignator=R34
Change Component Designator: OldDesignator=R44 NewDesignator=R35
Change Component Designator: OldDesignator=R45 NewDesignator=R36
Change Component Designator: OldDesignator=R46 NewDesignator=R37
Change Component Designator: OldDesignator=R47 NewDesignator=R38
Change Component Designator: OldDesignator=R48 NewDesignator=R39
Change Component Designator: OldDesignator=R49 NewDesignator=R40
Change Component Designator: OldDesignator=R50 NewDesignator=R41
Change Component Designator: OldDesignator=R51 NewDesignator=R42
Change Component Designator: OldDesignator=R52 NewDesignator=R43
Change Component Designator: OldDesignator=R53 NewDesignator=R44
Change Component Designator: OldDesignator=R54 NewDesignator=R45
Change Component Designator: OldDesignator=R55 NewDesignator=R46
Change Component Designator: OldDesignator=R56 NewDesignator=R47
Change Component Designator: OldDesignator=R57 NewDesignator=R48
Change Component Designator: OldDesignator=X21 NewDesignator=X30
Change Component Designator: OldDesignator=X22 NewDesignator=X31
Change Component Designator: OldDesignator=X23 NewDesignator=X32
Change Component Designator: OldDesignator=X24 NewDesignator=X33
Change Component Designator: OldDesignator=X25 NewDesignator=X34
Change Component Designator: OldDesignator=X26 NewDesignator=X35
Change Component Designator: OldDesignator=X27 NewDesignator=X36
Change Component Designator: OldDesignator=X28 NewDesignator=X37
Change Component Designator: OldDesignator=X29 NewDesignator=X38
Change Component Designator: OldDesignator=X30 NewDesignator=X39
Change Component Designator: OldDesignator=X31 NewDesignator=X40
Change Component Designator: OldDesignator=X32 NewDesignator=X41
Change Component Designator: OldDesignator=X33 NewDesignator=X42
Change Component Designator: OldDesignator=X34 NewDesignator=X43
Change Component Designator: OldDesignator=X35 NewDesignator=X44
Change Component Designator: OldDesignator=X36 NewDesignator=X45
Change Component Designator: OldDesignator=X37 NewDesignator=X46
Change Component Designator: OldDesignator=X38 NewDesignator=X47
Change Component Designator: OldDesignator=X39 NewDesignator=X48
Change Component Designator: OldDesignator=XP19 NewDesignator=XP10
Change Component Designator: OldDesignator=XP20 NewDesignator=XP11
Change Component Designator: OldDesignator=XP21 NewDesignator=XP12
Change Component Designator: OldDesignator=XP22 NewDesignator=XP13
Change Component Designator: OldDesignator=XP23 NewDesignator=XP14
Change Component Designator: OldDesignator=XP24 NewDesignator=XP15
Change Component Designator: OldDesignator=XP25 NewDesignator=XP16
Change Component Designator: OldDesignator=XP26 NewDesignator=XP17
Change Component Designator: OldDesignator=XP27 NewDesignator=XP18
Change Component Designator: OldDesignator=XP28 NewDesignator=XP19
Change Component Designator: OldDesignator=XP29 NewDesignator=XP20
Change Component Designator: OldDesignator=XP30 NewDesignator=XP21
Change Component Designator: OldDesignator=XP31 NewDesignator=XP22
Change Component Designator: OldDesignator=XP32 NewDesignator=XP23
Change Component Designator: OldDesignator=XP33 NewDesignator=XP24
Change Component Designator: OldDesignator=XP34 NewDesignator=XP25
Change Component Designator: OldDesignator=XP35 NewDesignator=XP26
Change Component Designator: OldDesignator=XP36 NewDesignator=XP27
Change Component Designator: OldDesignator=XP37 NewDesignator=XP28
Change Component Designator: OldDesignator=XP38 NewDesignator=XP29
Change Component Designator: OldDesignator=XP39 NewDesignator=XP30
Change Component Designator: OldDesignator=XP40 NewDesignator=XP31
Change Component Designator: OldDesignator=XP41 NewDesignator=XP32
Change Component Designator: OldDesignator=XP42 NewDesignator=XP33
Change Component Designator: OldDesignator=XP43 NewDesignator=XP34
Change Component Designator: OldDesignator=XP44 NewDesignator=XP35
Change Component Designator: OldDesignator=XP45 NewDesignator=XP36
Change Component Designator: OldDesignator=XP46 NewDesignator=XP37
Change Component Designator: OldDesignator=XP47 NewDesignator=XP38
Change Component Designator: OldDesignator=XP48 NewDesignator=XP39
Change Component Designator: OldDesignator=XP49 NewDesignator=XP40
Added Component: Designator=X21(PLLS1.27-1-R)
Add component (AddParameter): Name = "Part Number"; Value = "PLLS1.27-1-R"; VariantName = "[No Variations]"
Added Component: Designator=X22(PLLS1.27-1-R)
Add component (AddParameter): Name = "Part Number"; Value = "PLLS1.27-1-R"; VariantName = "[No Variations]"
Added Component: Designator=X23(PLLS1.27-1-R)
Add component (AddParameter): Name = "Part Number"; Value = "PLLS1.27-1-R"; VariantName = "[No Variations]"
Added Component: Designator=X24(PLLS1.27-1-R)
Add component (AddParameter): Name = "Part Number"; Value = "PLLS1.27-1-R"; VariantName = "[No Variations]"
Added Component: Designator=X25(PLLS1.27-1-R)
Add component (AddParameter): Name = "Part Number"; Value = "PLLS1.27-1-R"; VariantName = "[No Variations]"
Added Component: Designator=X26(PLLS1.27-1-R)
Add component (AddParameter): Name = "Part Number"; Value = "PLLS1.27-1-R"; VariantName = "[No Variations]"
Added Component: Designator=X27(PLLS1.27-1-R)
Add component (AddParameter): Name = "Part Number"; Value = "PLLS1.27-1-R"; VariantName = "[No Variations]"
Added Component: Designator=X28(PLLS1.27-1-R)
Add component (AddParameter): Name = "Part Number"; Value = "PLLS1.27-1-R"; VariantName = "[No Variations]"
Added Component: Designator=X29(PLLS1.27-1-R)
Add component (AddParameter): Name = "Part Number"; Value = "PLLS1.27-1-R"; VariantName = "[No Variations]"
Added Pin To Net: NetName=NetDD4_11 Pin=X21-1
Added Pin To Net: NetName=NetDD4_1 Pin=X22-1
Added Pin To Net: NetName=NetDD4_12 Pin=X23-1
Added Pin To Net: NetName=NetDD4_4 Pin=X24-1
Added Pin To Net: NetName=NetDD4_9 Pin=X25-1
Added Pin To Net: NetName=NetDD4_13 Pin=X26-1
Added Pin To Net: NetName=NetDD4_10 Pin=X27-1
Added Pin To Net: NetName=NetDD4_14 Pin=X28-1
Added Pin To Net: NetName=3,3V Pin=X29-1
Added Member To Class: ClassName=Alt_BRD_PowerModules Member=Component X40 PLLS1.27-1-TOP-R
Added Member To Class: ClassName=Alt_BRD_PowerModules Member=Component X41 PLLS1.27-1-TOP-R
Added Member To Class: ClassName=Alt_BRD_PowerModules Member=Component X42 PLLS1.27-1-TOP-R
Added Member To Class: ClassName=Alt_BRD_PowerModules Member=Component X43 PLLS1.27-1-TOP-R
Added Member To Class: ClassName=Alt_BRD_PowerModules Member=Component X44 PLLS1.27-1-TOP-R
Added Member To Class: ClassName=Alt_BRD_PowerModules Member=Component X45 PLLS1.27-1-TOP-R
Added Member To Class: ClassName=Alt_BRD_PowerModules Member=Component X46 PLLS1.27-1-TOP-R
Added Member To Class: ClassName=Alt_BRD_PowerModules Member=Component X47 PLLS1.27-1-TOP-R
Added Member To Class: ClassName=Alt_BRD_PowerModules Member=Component X48 PLLS1.27-1-TOP-R
