Change Component Designator: Old Designator=C1 New Designator=C6
Change Component Designator: Old Designator=C2 New Designator=C3
Change Component Designator: Old Designator=C3 New Designator=C4
Change Component Designator: Old Designator=C3 New Designator=C5
Change Component Designator: Old Designator=C4 New Designator=C7
Change Component Designator: Old Designator=C4 New Designator=C11
Change Component Designator: Old Designator=C5 New Designator=C8
Change Component Designator: Old Designator=C5 New Designator=C10
Change Component Designator: Old Designator=C6 New Designator=C12
Change Component Designator: Old Designator=C6 New Designator=C15
Change Component Designator: Old Designator=C7 New Designator=C13
Change Component Designator: Old Designator=C7 New Designator=C16
Change Component Designator: Old Designator=C8 New Designator=C14
Change Component Designator: Old Designator=C8 New Designator=C17
Change Component Designator: Old Designator=C9 New Designator=C18
Change Component Designator: Old Designator=C9 New Designator=C19
Change Component Designator: Old Designator=C10 New Designator=C20
Change Component Designator: Old Designator=C10 New Designator=C21
Change Component Designator: Old Designator=C11 New Designator=C22
Change Component Designator: Old Designator=C11 New Designator=C25
Change Component Designator: Old Designator=C12 New Designator=C23
Change Component Designator: Old Designator=C12 New Designator=C26
Change Component Designator: Old Designator=C13 New Designator=C24
Change Component Designator: Old Designator=C13 New Designator=C27
Change Component Designator: Old Designator=C14 New Designator=C28
Change Component Designator: Old Designator=C14 New Designator=C31
Change Component Designator: Old Designator=C15 New Designator=C29
Change Component Designator: Old Designator=C15 New Designator=C32
Change Component Designator: Old Designator=C16 New Designator=C30
Change Component Designator: Old Designator=C16 New Designator=C35
Change Component Designator: Old Designator=C17 New Designator=C33
Change Component Designator: Old Designator=C17 New Designator=C36
Change Component Designator: Old Designator=C18 New Designator=C34
Change Component Designator: Old Designator=C18 New Designator=C37
Change Component Designator: Old Designator=C19 New Designator=C38
Change Component Designator: Old Designator=C19 New Designator=C39
Change Component Designator: Old Designator=C20 New Designator=C40
Change Component Designator: Old Designator=C20 New Designator=C41
Change Component Designator: Old Designator=C21 New Designator=C42
Change Component Designator: Old Designator=C22 New Designator=C43
Change Component Designator: Old Designator=C23 New Designator=C44
Change Component Designator: Old Designator=C24 New Designator=C45
Change Component Designator: Old Designator=C25 New Designator=C46
Change Component Designator: Old Designator=C26 New Designator=C47
Change Component Designator: Old Designator=C27 New Designator=C48
Change Component Designator: Old Designator=C28 New Designator=C49
Change Component Designator: Old Designator=C29 New Designator=C50
Change Component Designator: Old Designator=C30 New Designator=C51
Change Component Designator: Old Designator=C31 New Designator=C52
Change Component Designator: Old Designator=C32 New Designator=C53
Change Component Designator: Old Designator=C33 New Designator=C54
Change Component Designator: Old Designator=C34 New Designator=C55
Change Component Designator: Old Designator=C35 New Designator=C9
Change Component Designator: Old Designator=DA1 New Designator=DA2
Change Component Designator: Old Designator=DA2 New Designator=DA3
Change Component Designator: Old Designator=DA3 New Designator=DA4
Change Component Designator: Old Designator=DD1 New Designator=DD3
Change Component Designator: Old Designator=DD2 New Designator=DD4
Change Component Designator: Old Designator=DD3 New Designator=DD5
Change Component Designator: Old Designator=DD4 New Designator=DD6
Change Component Designator: Old Designator=DD5 New Designator=DD7
Change Component Designator: Old Designator=L1 New Designator=L3
Change Component Designator: Old Designator=L2 New Designator=L4
Change Component Designator: Old Designator=L3 New Designator=L5
Change Component Designator: Old Designator=R1 New Designator=R4
Change Component Designator: Old Designator=R2 New Designator=R3
Change Component Designator: Old Designator=R3 New Designator=R5
Change Component Designator: Old Designator=R3 New Designator=R20
Change Component Designator: Old Designator=R4 New Designator=R6
Change Component Designator: Old Designator=R4 New Designator=R10
Change Component Designator: Old Designator=R5 New Designator=R7
Change Component Designator: Old Designator=R5 New Designator=R34
Change Component Designator: Old Designator=R6 New Designator=R8
Change Component Designator: Old Designator=R6 New Designator=R36
Change Component Designator: Old Designator=R7 New Designator=R9
Change Component Designator: Old Designator=R7 New Designator=R16
Change Component Designator: Old Designator=R8 New Designator=R11
Change Component Designator: Old Designator=R9 New Designator=R12
Change Component Designator: Old Designator=R10 New Designator=R13
Change Component Designator: Old Designator=R11 New Designator=R14
Change Component Designator: Old Designator=R12 New Designator=R15
Change Component Designator: Old Designator=R13 New Designator=R17
Change Component Designator: Old Designator=R14 New Designator=R18
Change Component Designator: Old Designator=R15 New Designator=R19
Change Component Designator: Old Designator=R16 New Designator=R21
Change Component Designator: Old Designator=R18 New Designator=R22
Change Component Designator: Old Designator=R20 New Designator=R23
Change Component Designator: Old Designator=R21 New Designator=R24
Change Component Designator: Old Designator=R22 New Designator=R25
Change Component Designator: Old Designator=R25 New Designator=R26
Change Component Designator: Old Designator=R26 New Designator=R27
Change Component Designator: Old Designator=R27 New Designator=R28
Change Component Designator: Old Designator=R28 New Designator=R29
Change Component Designator: Old Designator=R29 New Designator=R30
Change Component Designator: Old Designator=R30 New Designator=R31
Change Component Designator: Old Designator=R31 New Designator=R32
Change Component Designator: Old Designator=R32 New Designator=R33
Change Component Designator: Old Designator=R33 New Designator=R35
Change Component Designator: Old Designator=R34 New Designator=R37
Change Component Designator: Old Designator=R35 New Designator=R38
Change Component Designator: Old Designator=R36 New Designator=R39
Change Component Designator: Old Designator=R37 New Designator=R40
Change Component Designator: Old Designator=R38 New Designator=R41
Change Component Designator: Old Designator=R39 New Designator=R42
Change Component Designator: Old Designator=R40 New Designator=R43
Change Component Designator: Old Designator=R41 New Designator=R44
Change Component Designator: Old Designator=R42 New Designator=R45
Change Component Designator: Old Designator=R43 New Designator=R46
Change Component Designator: Old Designator=R44 New Designator=R47
Change Component Designator: Old Designator=R45 New Designator=R48
Change Component Designator: Old Designator=SB1 New Designator=SB3
Change Component Designator: Old Designator=SB2 New Designator=SB4
Change Component Designator: Old Designator=X1 New Designator=X31
Change Component Designator: Old Designator=X2 New Designator=X32
Change Component Designator: Old Designator=X31 New Designator=X33
Change Component Designator: Old Designator=X32 New Designator=X34
Change Component Designator: Old Designator=X33 New Designator=X35
Change Component Designator: Old Designator=X34 New Designator=X36
Change Component Designator: Old Designator=X35 New Designator=X37
Change Component Designator: Old Designator=X36 New Designator=X38
Change Component Designator: Old Designator=X37 New Designator=X39
Change Component Designator: Old Designator=XP2 New Designator=XP6
Change Component Designator: Old Designator=XP6 New Designator=XP7
Change Component Designator: Old Designator=XP7 New Designator=XP8
Change Component Designator: Old Designator=XP8 New Designator=XP9
Change Component Designator: Old Designator=XP9 New Designator=XP10
Change Component Designator: Old Designator=XP10 New Designator=XP11
Change Component Designator: Old Designator=XP11 New Designator=XP12
Change Component Designator: Old Designator=XP12 New Designator=XP13
Change Component Designator: Old Designator=XP13 New Designator=XP14
Change Component Designator: Old Designator=XP14 New Designator=XP15
Change Component Designator: Old Designator=XP15 New Designator=XP16
Change Component Designator: Old Designator=XP16 New Designator=XP17
Change Component Designator: Old Designator=XP17 New Designator=XP18
Change Component Designator: Old Designator=XP18 New Designator=XP19
Change Component Designator: Old Designator=XP19 New Designator=XP20
Change Component Designator: Old Designator=XP20 New Designator=XP21
Change Component Designator: Old Designator=XP21 New Designator=XP22
Change Component Designator: Old Designator=XP22 New Designator=XP23
Change Component Designator: Old Designator=XP23 New Designator=XP24
Change Component Designator: Old Designator=XP24 New Designator=XP25
Change Component Designator: Old Designator=XP25 New Designator=XP26
Change Component Designator: Old Designator=XP26 New Designator=XP27
Change Component Designator: Old Designator=XP27 New Designator=XP28
Change Component Designator: Old Designator=XP28 New Designator=XP29
Change Component Designator: Old Designator=XP29 New Designator=XP30
Change Component Designator: Old Designator=XP30 New Designator=XP31
Change Component Designator: Old Designator=XP31 New Designator=XP32
Change Component Designator: Old Designator=XP32 New Designator=XP33
Change Component Designator: Old Designator=XP33 New Designator=XP34
Change Component Designator: Old Designator=XP34 New Designator=XP35
Change Component Designator: Old Designator=XP35 New Designator=XP36
Change Component Designator: Old Designator=XP36 New Designator=XP37
Change Component Designator: Old Designator=XP37 New Designator=XP38
Change Component Designator: Old Designator=XP38 New Designator=XP39
Change Component Designator: Old Designator=XP39 New Designator=XP40
Change Component Designator: Old Designator=XS1 New Designator=XS4
Change Component Designator: Old Designator=XS4 New Designator=XS5
Change Component Designator: Old Designator=ZL1 New Designator=ZL3
Change Component Designator: Old Designator=ZL2 New Designator=ZL4
