Change Component Designator: Old Designator=C1 New Designator=C2
Change Component Designator: Old Designator=C2 New Designator=C3
Change Component Designator: Old Designator=C3 New Designator=C5
Change Component Designator: Old Designator=C4 New Designator=C1
Change Component Designator: Old Designator=C5 New Designator=C6
Change Component Designator: Old Designator=C6 New Designator=C8
Change Component Designator: Old Designator=C7 New Designator=C10
Change Component Designator: Old Designator=C8 New Designator=C13
Change Component Designator: Old Designator=C9 New Designator=C11
Change Component Designator: Old Designator=C10 New Designator=C12
Change Component Designator: Old Designator=C11 New Designator=C14
Change Component Designator: Old Designator=C12 New Designator=C15
Change Component Designator: Old Designator=C13 New Designator=C7
Change Component Designator: Old Designator=C13 New Designator=C9
Change Component Designator: Old Designator=C13 New Designator=C16
Change Component Designator: Old Designator=C14 New Designator=C17
Change Component Designator: Old Designator=C15 New Designator=C18
Change Component Designator: Old Designator=C16 New Designator=C4
Change Component Designator: Old Designator=C17 New Designator=C25
Change Component Designator: Old Designator=C18 New Designator=C34
Change Component Designator: Old Designator=C25 New Designator=C26
Change Component Designator: Old Designator=C26 New Designator=C27
Change Component Designator: Old Designator=C27 New Designator=C28
Change Component Designator: Old Designator=C28 New Designator=C29
Change Component Designator: Old Designator=C29 New Designator=C30
Change Component Designator: Old Designator=C30 New Designator=C31
Change Component Designator: Old Designator=C31 New Designator=C32
Change Component Designator: Old Designator=C32 New Designator=C33
Change Component Designator: Old Designator=DA2 New Designator=DA3
Change Component Designator: Old Designator=DA3 New Designator=DA2
Change Component Designator: Old Designator=DD1 New Designator=DD2
Change Component Designator: Old Designator=DD2 New Designator=DD1
Change Component Designator: Old Designator=DD3 New Designator=DD5
Change Component Designator: Old Designator=DD4 New Designator=DD3
Change Component Designator: Old Designator=DD5 New Designator=DD4
Change Component Designator: Old Designator=R1 New Designator=R4
Change Component Designator: Old Designator=R2 New Designator=R10
Change Component Designator: Old Designator=R3 New Designator=R14
Change Component Designator: Old Designator=R4 New Designator=R16
Change Component Designator: Old Designator=R5 New Designator=R2
Change Component Designator: Old Designator=R6 New Designator=R1
Change Component Designator: Old Designator=R7 New Designator=R3
Change Component Designator: Old Designator=R8 New Designator=R6
Change Component Designator: Old Designator=R9 New Designator=R7
Change Component Designator: Old Designator=R10 New Designator=R8
Change Component Designator: Old Designator=R11 New Designator=R9
Change Component Designator: Old Designator=R12 New Designator=R21
Change Component Designator: Old Designator=R13 New Designator=R22
Change Component Designator: Old Designator=R14 New Designator=R15
Change Component Designator: Old Designator=R15 New Designator=R17
Change Component Designator: Old Designator=R16 New Designator=R19
Change Component Designator: Old Designator=R17 New Designator=R20
Change Component Designator: Old Designator=R18 New Designator=R23
Change Component Designator: Old Designator=R19 New Designator=R24
Change Component Designator: Old Designator=R20 New Designator=R25
Change Component Designator: Old Designator=R21 New Designator=R26
Change Component Designator: Old Designator=R22 New Designator=R27
Change Component Designator: Old Designator=R23 New Designator=R28
Change Component Designator: Old Designator=R24 New Designator=R29
Change Component Designator: Old Designator=R25 New Designator=R30
Change Component Designator: Old Designator=R26 New Designator=R31
Change Component Designator: Old Designator=R27 New Designator=R32
Change Component Designator: Old Designator=R28 New Designator=R33
Change Component Designator: Old Designator=R29 New Designator=R5
Change Component Designator: Old Designator=R30 New Designator=R11
Change Component Designator: Old Designator=R31 New Designator=R12
Change Component Designator: Old Designator=R32 New Designator=R13
Change Component Designator: Old Designator=R33 New Designator=R18
Change Component Designator: Old Designator=X1 New Designator=X5
Change Component Designator: Old Designator=X2 New Designator=X6
Change Component Designator: Old Designator=X3 New Designator=X7
Change Component Designator: Old Designator=X4 New Designator=X8
Change Component Designator: Old Designator=X5 New Designator=X13
Change Component Designator: Old Designator=X6 New Designator=X14
Change Component Designator: Old Designator=X7 New Designator=X15
Change Component Designator: Old Designator=X8 New Designator=X16
Change Component Designator: Old Designator=X9 New Designator=X17
Change Component Designator: Old Designator=X10 New Designator=X18
Change Component Designator: Old Designator=X11 New Designator=X3
Change Component Designator: Old Designator=X12 New Designator=X4
Change Component Designator: Old Designator=X13 New Designator=X9
Change Component Designator: Old Designator=X14 New Designator=X10
Change Component Designator: Old Designator=X15 New Designator=X11
Change Component Designator: Old Designator=X16 New Designator=X12
Change Component Designator: Old Designator=X17 New Designator=X19
Change Component Designator: Old Designator=X18 New Designator=X20
Change Component Designator: Old Designator=X19 New Designator=X21
Change Component Designator: Old Designator=X20 New Designator=X22
Change Component Designator: Old Designator=X21 New Designator=X23
Change Component Designator: Old Designator=X22 New Designator=X24
Change Component Designator: Old Designator=X23 New Designator=X25
Change Component Designator: Old Designator=X24 New Designator=X26
Change Component Designator: Old Designator=X25 New Designator=X27
Change Component Designator: Old Designator=X26 New Designator=X28
Change Component Designator: Old Designator=X27 New Designator=X29
Change Component Designator: Old Designator=X28 New Designator=X30
Change Component Designator: Old Designator=X29 New Designator=X1
Change Component Designator: Old Designator=X30 New Designator=X2
Change Component Designator: Old Designator=XP4 New Designator=XP5
Change Component Designator: Old Designator=XP5 New Designator=XP4
Change Component Designator: Old Designator=XP6 New Designator=XP9
Change Component Designator: Old Designator=XP7 New Designator=XP18
Change Component Designator: Old Designator=XP8 New Designator=XP19
Change Component Designator: Old Designator=XP9 New Designator=XP8
Change Component Designator: Old Designator=XP10 New Designator=XP21
Change Component Designator: Old Designator=XP11 New Designator=XP23
Change Component Designator: Old Designator=XP12 New Designator=XP24
Change Component Designator: Old Designator=XP13 New Designator=XP25
Change Component Designator: Old Designator=XP14 New Designator=XP26
Change Component Designator: Old Designator=XP15 New Designator=XP27
Change Component Designator: Old Designator=XP16 New Designator=XP28
Change Component Designator: Old Designator=XP17 New Designator=XP29
Change Component Designator: Old Designator=XP18 New Designator=XP30
Change Component Designator: Old Designator=XP19 New Designator=XP31
Change Component Designator: Old Designator=XP20 New Designator=XP35
Change Component Designator: Old Designator=XP21 New Designator=XP36
Change Component Designator: Old Designator=XP22 New Designator=XP37
Change Component Designator: Old Designator=XP23 New Designator=XP32
Change Component Designator: Old Designator=XP24 New Designator=XP22
Change Component Designator: Old Designator=XP25 New Designator=XP11
Change Component Designator: Old Designator=XP26 New Designator=XP12
Change Component Designator: Old Designator=XP27 New Designator=XP34
Change Component Designator: Old Designator=XP28 New Designator=XP33
Change Component Designator: Old Designator=XP29 New Designator=XP38
Change Component Designator: Old Designator=XP30 New Designator=XP39
Change Component Designator: Old Designator=XP31 New Designator=XP6
Change Component Designator: Old Designator=XP32 New Designator=XP7
Change Component Designator: Old Designator=XP33 New Designator=XP10
Change Component Designator: Old Designator=XP34 New Designator=XP13
Change Component Designator: Old Designator=XP35 New Designator=XP14
Change Component Designator: Old Designator=XP36 New Designator=XP15
Change Component Designator: Old Designator=XP37 New Designator=XP16
Change Component Designator: Old Designator=XP38 New Designator=XP17
Change Component Designator: Old Designator=XP39 New Designator=XP20
Change Component Designator: Old Designator=XS2 New Designator=XS3
Change Component Designator: Old Designator=XS3 New Designator=XS2
