Change Component Footprint: Designator=HL4 Old Footprint=LED-0603-BLUE New Footprint=LED-0603-GREEN
Change Component Footprint: Designator=HL5 Old Footprint=LED-0603-BLUE New Footprint=LED-0603-GREEN
Change Component Footprint: Designator=HL6 Old Footprint=LED-0603-BLUE New Footprint=LED-0603-GREEN
Change Component Footprint: Designator=HL7 Old Footprint=LED-0603-BLUE New Footprint=LED-0603-GREEN
Change Component Comment : Designator=HL4 Old Comment=Bl 0603 New Comment=GR-0603
Change Component Comment : Designator=HL5 Old Comment=Bl 0603 New Comment=GR-0603
Change Component Comment : Designator=HL6 Old Comment=Bl 0603 New Comment=GR-0603
Change Component Comment : Designator=HL7 Old Comment=Bl 0603 New Comment=GR-0603
Change component parameters: Designator = "HL4" ("HL4"); Footprint = "LED-0603-BLUE"; UniqueID = "\GIFUPJGQ" ("\GIFUPJGQ")
Change component parameters (AddParameter): Name = "Digi-Key Part Number"; Value = "732-12017-1-ND"; VariantName = "[No Variations]"
Change component parameters (AddParameter): Name = "HelpURL"; Value = "https://www.mouser.com/ProductDetail/Wurth-Elektronik/150060VS55040?qs=%2Fha2pyFaduhwKZlJ%252BauMPGbe2qb%2FJX%2FXBiS9WUTr3iltzze5OTUvag%3D%3D"; VariantName = "[No Variations]"
Change component parameters (AddParameter): Name = "Manufacturer Part Number"; Value = "150060VS55040"; VariantName = "[No Variations]"
Change component parameters (AddParameter): Name = "Mouser Part Number"; Value = "710-150060VS55040"; VariantName = "[No Variations]"
Change component parameters (AddParameter): Name = "Package"; Value = "0603"; VariantName = "[No Variations]"
Change component parameters (AddParameter): Name = "Part Number"; Value = "150060VS55040"; VariantName = "[No Variations]"
Change component parameters (AddParameter): Name = "Price$"; Value = "0.115"; VariantName = "[No Variations]"
Change component parameters: Designator = "HL5" ("HL5"); Footprint = "LED-0603-BLUE"; UniqueID = "\GAZHNKCK" ("\GAZHNKCK")
Change component parameters (AddParameter): Name = "Digi-Key Part Number"; Value = "732-12017-1-ND"; VariantName = "[No Variations]"
Change component parameters (AddParameter): Name = "HelpURL"; Value = "https://www.mouser.com/ProductDetail/Wurth-Elektronik/150060VS55040?qs=%2Fha2pyFaduhwKZlJ%252BauMPGbe2qb%2FJX%2FXBiS9WUTr3iltzze5OTUvag%3D%3D"; VariantName = "[No Variations]"
Change component parameters (AddParameter): Name = "Manufacturer Part Number"; Value = "150060VS55040"; VariantName = "[No Variations]"
Change component parameters (AddParameter): Name = "Mouser Part Number"; Value = "710-150060VS55040"; VariantName = "[No Variations]"
Change component parameters (AddParameter): Name = "Package"; Value = "0603"; VariantName = "[No Variations]"
Change component parameters (AddParameter): Name = "Part Number"; Value = "150060VS55040"; VariantName = "[No Variations]"
Change component parameters (AddParameter): Name = "Price$"; Value = "0.115"; VariantName = "[No Variations]"
Change component parameters: Designator = "HL6" ("HL6"); Footprint = "LED-0603-BLUE"; UniqueID = "\VTQUREHD" ("\VTQUREHD")
Change component parameters (AddParameter): Name = "Digi-Key Part Number"; Value = "732-12017-1-ND"; VariantName = "[No Variations]"
Change component parameters (AddParameter): Name = "HelpURL"; Value = "https://www.mouser.com/ProductDetail/Wurth-Elektronik/150060VS55040?qs=%2Fha2pyFaduhwKZlJ%252BauMPGbe2qb%2FJX%2FXBiS9WUTr3iltzze5OTUvag%3D%3D"; VariantName = "[No Variations]"
Change component parameters (AddParameter): Name = "Manufacturer Part Number"; Value = "150060VS55040"; VariantName = "[No Variations]"
Change component parameters (AddParameter): Name = "Mouser Part Number"; Value = "710-150060VS55040"; VariantName = "[No Variations]"
Change component parameters (AddParameter): Name = "Package"; Value = "0603"; VariantName = "[No Variations]"
Change component parameters (AddParameter): Name = "Part Number"; Value = "150060VS55040"; VariantName = "[No Variations]"
Change component parameters (AddParameter): Name = "Price$"; Value = "0.115"; VariantName = "[No Variations]"
Change component parameters: Designator = "HL7" ("HL7"); Footprint = "LED-0603-BLUE"; UniqueID = "\KFIVQPSD" ("\KFIVQPSD")
Change component parameters (AddParameter): Name = "Digi-Key Part Number"; Value = "732-12017-1-ND"; VariantName = "[No Variations]"
Change component parameters (AddParameter): Name = "HelpURL"; Value = "https://www.mouser.com/ProductDetail/Wurth-Elektronik/150060VS55040?qs=%2Fha2pyFaduhwKZlJ%252BauMPGbe2qb%2FJX%2FXBiS9WUTr3iltzze5OTUvag%3D%3D"; VariantName = "[No Variations]"
Change component parameters (AddParameter): Name = "Manufacturer Part Number"; Value = "150060VS55040"; VariantName = "[No Variations]"
Change component parameters (AddParameter): Name = "Mouser Part Number"; Value = "710-150060VS55040"; VariantName = "[No Variations]"
Change component parameters (AddParameter): Name = "Package"; Value = "0603"; VariantName = "[No Variations]"
Change component parameters (AddParameter): Name = "Part Number"; Value = "150060VS55040"; VariantName = "[No Variations]"
Change component parameters (AddParameter): Name = "Price$"; Value = "0.115"; VariantName = "[No Variations]"
Added Component: Designator=HL1(LED-0603-GREEN)
Add component (AddParameter): Name = "Digi-Key Part Number"; Value = "732-12017-1-ND"; VariantName = "[No Variations]"
Add component (AddParameter): Name = "HelpURL"; Value = "https://www.mouser.com/ProductDetail/Wurth-Elektronik/150060VS55040?qs=%2Fha2pyFaduhwKZlJ%252BauMPGbe2qb%2FJX%2FXBiS9WUTr3iltzze5OTUvag%3D%3D"; VariantName = "[No Variations]"
Add component (AddParameter): Name = "Manufacturer Part Number"; Value = "150060VS55040"; VariantName = "[No Variations]"
Add component (AddParameter): Name = "Mouser Part Number"; Value = "710-150060VS55040"; VariantName = "[No Variations]"
Add component (AddParameter): Name = "Package"; Value = "0603"; VariantName = "[No Variations]"
Add component (AddParameter): Name = "Part Number"; Value = "150060VS55040"; VariantName = "[No Variations]"
Add component (AddParameter): Name = "Price$"; Value = "0.115"; VariantName = "[No Variations]"
Added Component: Designator=HL2(LED-0603-GREEN)
Add component (AddParameter): Name = "Digi-Key Part Number"; Value = "732-12017-1-ND"; VariantName = "[No Variations]"
Add component (AddParameter): Name = "HelpURL"; Value = "https://www.mouser.com/ProductDetail/Wurth-Elektronik/150060VS55040?qs=%2Fha2pyFaduhwKZlJ%252BauMPGbe2qb%2FJX%2FXBiS9WUTr3iltzze5OTUvag%3D%3D"; VariantName = "[No Variations]"
Add component (AddParameter): Name = "Manufacturer Part Number"; Value = "150060VS55040"; VariantName = "[No Variations]"
Add component (AddParameter): Name = "Mouser Part Number"; Value = "710-150060VS55040"; VariantName = "[No Variations]"
Add component (AddParameter): Name = "Package"; Value = "0603"; VariantName = "[No Variations]"
Add component (AddParameter): Name = "Part Number"; Value = "150060VS55040"; VariantName = "[No Variations]"
Add component (AddParameter): Name = "Price$"; Value = "0.115"; VariantName = "[No Variations]"
Added Component: Designator=HL3(LED-0603-GREEN)
Add component (AddParameter): Name = "Digi-Key Part Number"; Value = "732-12017-1-ND"; VariantName = "[No Variations]"
Add component (AddParameter): Name = "HelpURL"; Value = "https://www.mouser.com/ProductDetail/Wurth-Elektronik/150060VS55040?qs=%2Fha2pyFaduhwKZlJ%252BauMPGbe2qb%2FJX%2FXBiS9WUTr3iltzze5OTUvag%3D%3D"; VariantName = "[No Variations]"
Add component (AddParameter): Name = "Manufacturer Part Number"; Value = "150060VS55040"; VariantName = "[No Variations]"
Add component (AddParameter): Name = "Mouser Part Number"; Value = "710-150060VS55040"; VariantName = "[No Variations]"
Add component (AddParameter): Name = "Package"; Value = "0603"; VariantName = "[No Variations]"
Add component (AddParameter): Name = "Part Number"; Value = "150060VS55040"; VariantName = "[No Variations]"
Add component (AddParameter): Name = "Price$"; Value = "0.115"; VariantName = "[No Variations]"
Added Pin To Net: NetName=NetHL1_A Pin=HL1-A
Added Pin To Net: NetName=GND Pin=HL1-K
Added Pin To Net: NetName=NetC13_2 Pin=HL2-A
Added Pin To Net: NetName=NetHL2_K Pin=HL2-K
Added Pin To Net: NetName=NetC13_2 Pin=HL3-A
Added Pin To Net: NetName=NetHL3_K Pin=HL3-K
Added Member To Class: ClassName=Alt_BRD_PowerModules Member=Component HL1 GR-0603
Added Member To Class: ClassName=Alt_BRD_PowerModules Member=Component HL2 GR-0603
Added Member To Class: ClassName=Alt_BRD_PowerModules Member=Component HL3 GR-0603
