Change Component Designator: OldDesignator=C1 NewDesignator=C2
Change Component Designator: OldDesignator=C2 NewDesignator=C3
Change Component Designator: OldDesignator=C3 NewDesignator=C5
Change Component Designator: OldDesignator=C4 NewDesignator=C1
Change Component Designator: OldDesignator=C5 NewDesignator=C6
Change Component Designator: OldDesignator=C6 NewDesignator=C8
Change Component Designator: OldDesignator=C7 NewDesignator=C10
Change Component Designator: OldDesignator=C8 NewDesignator=C13
Change Component Designator: OldDesignator=C9 NewDesignator=C11
Change Component Designator: OldDesignator=C10 NewDesignator=C12
Change Component Designator: OldDesignator=C11 NewDesignator=C14
Change Component Designator: OldDesignator=C12 NewDesignator=C15
Change Component Designator: OldDesignator=C13 NewDesignator=C16
Change Component Designator: OldDesignator=C14 NewDesignator=C17
Change Component Designator: OldDesignator=C15 NewDesignator=C18
Change Component Designator: OldDesignator=C16 NewDesignator=C4
Change Component Designator: OldDesignator=C17 NewDesignator=C25
Change Component Designator: OldDesignator=C18 NewDesignator=C34
Change Component Designator: OldDesignator=C25 NewDesignator=C26
Change Component Designator: OldDesignator=C26 NewDesignator=C27
Change Component Designator: OldDesignator=C27 NewDesignator=C28
Change Component Designator: OldDesignator=C28 NewDesignator=C29
Change Component Designator: OldDesignator=C29 NewDesignator=C30
Change Component Designator: OldDesignator=C30 NewDesignator=C31
Change Component Designator: OldDesignator=C31 NewDesignator=C32
Change Component Designator: OldDesignator=C32 NewDesignator=C33
Change Component Designator: OldDesignator=DA2 NewDesignator=DA3
Change Component Designator: OldDesignator=DA3 NewDesignator=DA2
Change Component Designator: OldDesignator=DD1 NewDesignator=DD2
Change Component Designator: OldDesignator=DD2 NewDesignator=DD1
Change Component Designator: OldDesignator=DD3 NewDesignator=DD5
Change Component Designator: OldDesignator=DD4 NewDesignator=DD3
Change Component Designator: OldDesignator=DD5 NewDesignator=DD4
Change Component Designator: OldDesignator=R1 NewDesignator=R4
Change Component Designator: OldDesignator=R2 NewDesignator=R10
Change Component Designator: OldDesignator=R3 NewDesignator=R14
Change Component Designator: OldDesignator=R4 NewDesignator=R16
Change Component Designator: OldDesignator=R5 NewDesignator=R2
Change Component Designator: OldDesignator=R6 NewDesignator=R1
Change Component Designator: OldDesignator=R7 NewDesignator=R3
Change Component Designator: OldDesignator=R8 NewDesignator=R6
Change Component Designator: OldDesignator=R9 NewDesignator=R7
Change Component Designator: OldDesignator=R10 NewDesignator=R8
Change Component Designator: OldDesignator=R11 NewDesignator=R9
Change Component Designator: OldDesignator=R12 NewDesignator=R21
Change Component Designator: OldDesignator=R13 NewDesignator=R22
Change Component Designator: OldDesignator=R14 NewDesignator=R15
Change Component Designator: OldDesignator=R15 NewDesignator=R17
Change Component Designator: OldDesignator=R16 NewDesignator=R19
Change Component Designator: OldDesignator=R17 NewDesignator=R20
Change Component Designator: OldDesignator=R18 NewDesignator=R23
Change Component Designator: OldDesignator=R19 NewDesignator=R24
Change Component Designator: OldDesignator=R20 NewDesignator=R25
Change Component Designator: OldDesignator=R21 NewDesignator=R26
Change Component Designator: OldDesignator=R22 NewDesignator=R27
Change Component Designator: OldDesignator=R23 NewDesignator=R28
Change Component Designator: OldDesignator=R24 NewDesignator=R29
Change Component Designator: OldDesignator=R25 NewDesignator=R30
Change Component Designator: OldDesignator=R26 NewDesignator=R31
Change Component Designator: OldDesignator=R27 NewDesignator=R32
Change Component Designator: OldDesignator=R28 NewDesignator=R33
Change Component Designator: OldDesignator=R29 NewDesignator=R5
Change Component Designator: OldDesignator=R30 NewDesignator=R11
Change Component Designator: OldDesignator=R31 NewDesignator=R12
Change Component Designator: OldDesignator=R32 NewDesignator=R13
Change Component Designator: OldDesignator=R33 NewDesignator=R18
Change Component Designator: OldDesignator=X1 NewDesignator=X5
Change Component Designator: OldDesignator=X2 NewDesignator=X6
Change Component Designator: OldDesignator=X3 NewDesignator=X7
Change Component Designator: OldDesignator=X4 NewDesignator=X8
Change Component Designator: OldDesignator=X5 NewDesignator=X13
Change Component Designator: OldDesignator=X6 NewDesignator=X14
Change Component Designator: OldDesignator=X7 NewDesignator=X15
Change Component Designator: OldDesignator=X8 NewDesignator=X16
Change Component Designator: OldDesignator=X9 NewDesignator=X17
Change Component Designator: OldDesignator=X10 NewDesignator=X18
Change Component Designator: OldDesignator=X11 NewDesignator=X3
Change Component Designator: OldDesignator=X12 NewDesignator=X4
Change Component Designator: OldDesignator=X13 NewDesignator=X9
Change Component Designator: OldDesignator=X14 NewDesignator=X10
Change Component Designator: OldDesignator=X15 NewDesignator=X11
Change Component Designator: OldDesignator=X16 NewDesignator=X12
Change Component Designator: OldDesignator=X17 NewDesignator=X19
Change Component Designator: OldDesignator=X18 NewDesignator=X20
Change Component Designator: OldDesignator=X19 NewDesignator=X21
Change Component Designator: OldDesignator=X20 NewDesignator=X22
Change Component Designator: OldDesignator=X21 NewDesignator=X23
Change Component Designator: OldDesignator=X22 NewDesignator=X24
Change Component Designator: OldDesignator=X23 NewDesignator=X25
Change Component Designator: OldDesignator=X24 NewDesignator=X26
Change Component Designator: OldDesignator=X25 NewDesignator=X27
Change Component Designator: OldDesignator=X26 NewDesignator=X28
Change Component Designator: OldDesignator=X27 NewDesignator=X29
Change Component Designator: OldDesignator=X28 NewDesignator=X30
Change Component Designator: OldDesignator=X29 NewDesignator=X1
Change Component Designator: OldDesignator=X30 NewDesignator=X2
Change Component Designator: OldDesignator=XP4 NewDesignator=XP5
Change Component Designator: OldDesignator=XP5 NewDesignator=XP4
Change Component Designator: OldDesignator=XP6 NewDesignator=XP9
Change Component Designator: OldDesignator=XP7 NewDesignator=XP18
Change Component Designator: OldDesignator=XP8 NewDesignator=XP19
Change Component Designator: OldDesignator=XP9 NewDesignator=XP8
Change Component Designator: OldDesignator=XP10 NewDesignator=XP21
Change Component Designator: OldDesignator=XP11 NewDesignator=XP23
Change Component Designator: OldDesignator=XP12 NewDesignator=XP24
Change Component Designator: OldDesignator=XP13 NewDesignator=XP25
Change Component Designator: OldDesignator=XP14 NewDesignator=XP26
Change Component Designator: OldDesignator=XP15 NewDesignator=XP27
Change Component Designator: OldDesignator=XP16 NewDesignator=XP28
Change Component Designator: OldDesignator=XP17 NewDesignator=XP29
Change Component Designator: OldDesignator=XP18 NewDesignator=XP30
Change Component Designator: OldDesignator=XP19 NewDesignator=XP31
Change Component Designator: OldDesignator=XP20 NewDesignator=XP35
Change Component Designator: OldDesignator=XP21 NewDesignator=XP36
Change Component Designator: OldDesignator=XP22 NewDesignator=XP37
Change Component Designator: OldDesignator=XP23 NewDesignator=XP32
Change Component Designator: OldDesignator=XP24 NewDesignator=XP22
Change Component Designator: OldDesignator=XP25 NewDesignator=XP11
Change Component Designator: OldDesignator=XP26 NewDesignator=XP12
Change Component Designator: OldDesignator=XP27 NewDesignator=XP34
Change Component Designator: OldDesignator=XP28 NewDesignator=XP33
Change Component Designator: OldDesignator=XP29 NewDesignator=XP38
Change Component Designator: OldDesignator=XP30 NewDesignator=XP39
Change Component Designator: OldDesignator=XP31 NewDesignator=XP6
Change Component Designator: OldDesignator=XP32 NewDesignator=XP7
Change Component Designator: OldDesignator=XP33 NewDesignator=XP10
Change Component Designator: OldDesignator=XP34 NewDesignator=XP13
Change Component Designator: OldDesignator=XP35 NewDesignator=XP14
Change Component Designator: OldDesignator=XP36 NewDesignator=XP15
Change Component Designator: OldDesignator=XP37 NewDesignator=XP16
Change Component Designator: OldDesignator=XP38 NewDesignator=XP17
Change Component Designator: OldDesignator=XP39 NewDesignator=XP20
Change Component Designator: OldDesignator=XS2 NewDesignator=XS3
Change Component Designator: OldDesignator=XS3 NewDesignator=XS2
Added Component: Designator=C7(CapKemet1005(0402))
Add component (AddParameter): Name = "Code_JEDEC"; Value = "0402"; VariantName = "[No Variations]"
Add component (AddParameter): Name = "Digi-Key Part Number"; Value = "490-13211-1-ND"; VariantName = "[No Variations]"
Add component (AddParameter): Name = "HelpURL"; Value = "https://www.digikey.com/product-detail/en/murata-electronics-north-america/GRJ155R60J106ME11D/490-13211-1-ND/5877419"; VariantName = "[No Variations]"
Add component (AddParameter): Name = "Manufacturer Part Number"; Value = "GRJ155R60J106ME11D"; VariantName = "[No Variations]"
Add component (AddParameter): Name = "Note"; Value = ""; VariantName = "[No Variations]"
Add component (AddParameter): Name = "Part Number"; Value = "CAPC1005(0402)N"; VariantName = "[No Variations]"
Add component (AddParameter): Name = "Price$"; Value = "0.24"; VariantName = "[No Variations]"
Added Component: Designator=C9(CapKemet1005(0402))
Add component (AddParameter): Name = "Code_JEDEC"; Value = "0402"; VariantName = "[No Variations]"
Add component (AddParameter): Name = "Digi-Key Part Number"; Value = "490-13211-1-ND"; VariantName = "[No Variations]"
Add component (AddParameter): Name = "HelpURL"; Value = "https://www.digikey.com/product-detail/en/murata-electronics-north-america/GRJ155R60J106ME11D/490-13211-1-ND/5877419"; VariantName = "[No Variations]"
Add component (AddParameter): Name = "Manufacturer Part Number"; Value = "GRJ155R60J106ME11D"; VariantName = "[No Variations]"
Add component (AddParameter): Name = "Note"; Value = ""; VariantName = "[No Variations]"
Add component (AddParameter): Name = "Part Number"; Value = "CAPC1005(0402)N"; VariantName = "[No Variations]"
Add component (AddParameter): Name = "Price$"; Value = "0.24"; VariantName = "[No Variations]"
Added Pin To Net: NetName=GND Pin=C7-1
Added Pin To Net: NetName=NetDD2_23 Pin=C7-2
Added Pin To Net: NetName=GND Pin=C9-1
Added Pin To Net: NetName=NetDD2_23 Pin=C9-2
Change Net Name : Old Net Name=NetC1_2 New Net Name=NetC2_2
Change Net Name : Old Net Name=NetC2_2 New Net Name=NetC3_2
Change Net Name : Old Net Name=NetC3_2 New Net Name=NetC5_2
Change Net Name : Old Net Name=NetC4_2 New Net Name=NetC1_2
Change Net Name : Old Net Name=NetC5_1 New Net Name=NetC6_1
Change Net Name : Old Net Name=NetC5_2 New Net Name=NetC6_2
Change Net Name : Old Net Name=NetC6_2 New Net Name=NetC8_2
Change Net Name : Old Net Name=NetC7_2 New Net Name=NetC10_2
Change Net Name : Old Net Name=NetC8_2 New Net Name=NetC13_2
Change Net Name : Old Net Name=NetC9_2 New Net Name=NetC11_2
Change Net Name : Old Net Name=NetC11_1 New Net Name=NetC14_1
Change Net Name : Old Net Name=NetC11_2 New Net Name=NetC14_2
Change Net Name : Old Net Name=NetC12_2 New Net Name=NetC15_2
Change Net Name : Old Net Name=NetC13_2 New Net Name=NetC16_2
Change Net Name : Old Net Name=NetC14_2 New Net Name=NetC17_2
Change Net Name : Old Net Name=NetC16_2 New Net Name=NetC4_2
Change Net Name : Old Net Name=NetC17_2 New Net Name=NetC25_2
Change Net Name : Old Net Name=NetC18_1 New Net Name=NetC34_1
Change Net Name : Old Net Name=NetC27_2 New Net Name=NetC28_2
Change Net Name : Old Net Name=NetC28_2 New Net Name=NetC29_2
Change Net Name : Old Net Name=NetC31_1 New Net Name=NetC32_1
Change Net Name : Old Net Name=NetDA2_1 New Net Name=NetDA3_1
Change Net Name : Old Net Name=NetDA2_5 New Net Name=NetDA3_5
Change Net Name : Old Net Name=NetDA3_2 New Net Name=NetDA2_2
Change Net Name : Old Net Name=NetDA3_4 New Net Name=NetDA2_4
Change Net Name : Old Net Name=NetDA3_10 New Net Name=NetDA2_10
Change Net Name : Old Net Name=NetDD1_3 New Net Name=NetDD2_3
Change Net Name : Old Net Name=NetDD1_4 New Net Name=NetDD2_4
Change Net Name : Old Net Name=NetDD1_5 New Net Name=NetDD2_5
Change Net Name : Old Net Name=NetDD1_8 New Net Name=NetDD2_8
Change Net Name : Old Net Name=NetDD1_9 New Net Name=NetDD2_9
Change Net Name : Old Net Name=NetDD2_5 New Net Name=NetDD1_5
Change Net Name : Old Net Name=NetDD2_7 New Net Name=NetDD1_7
Change Net Name : Old Net Name=NetDD2_8 New Net Name=NetDD1_8
Change Net Name : Old Net Name=NetDD2_11 New Net Name=NetDD1_11
Change Net Name : Old Net Name=NetDD2_13 New Net Name=NetDD1_13
Change Net Name : Old Net Name=NetDD2_14 New Net Name=NetDD1_14
Change Net Name : Old Net Name=NetDD2_15 New Net Name=NetDD1_15
Change Net Name : Old Net Name=NetDD2_16 New Net Name=NetDD1_16
Change Net Name : Old Net Name=NetDD2_18 New Net Name=NetDD1_18
Change Net Name : Old Net Name=NetDD2_19 New Net Name=NetDD1_19
Change Net Name : Old Net Name=NetDD2_20 New Net Name=NetDD1_20
Change Net Name : Old Net Name=NetDD2_22 New Net Name=NetDD1_22
Change Net Name : Old Net Name=NetDD2_23 New Net Name=NetC7_2
Change Net Name : Old Net Name=NetDD2_25 New Net Name=NetDD1_25
Change Net Name : Old Net Name=NetDD3_1 New Net Name=NetDD5_1
Change Net Name : Old Net Name=NetDD3_4 New Net Name=NetDD5_4
Change Net Name : Old Net Name=NetDD3_9 New Net Name=NetDD5_9
Change Net Name : Old Net Name=NetDD3_10 New Net Name=NetDD5_10
Change Net Name : Old Net Name=NetDD3_11 New Net Name=NetDD5_11
Change Net Name : Old Net Name=NetDD3_12 New Net Name=NetDD5_12
Change Net Name : Old Net Name=NetDD3_13 New Net Name=NetDD5_13
Change Net Name : Old Net Name=NetDD3_14 New Net Name=NetDD5_14
Change Net Name : Old Net Name=NetDD4_4 New Net Name=NetDD3_4
Change Net Name : Old Net Name=NetDD4_16 New Net Name=NetDD3_16
Change Net Name : Old Net Name=NetDD5_1 New Net Name=NetDD4_1
Change Net Name : Old Net Name=NetDD5_3 New Net Name=NetDD4_3
Change Net Name : Old Net Name=NetDD5_4 New Net Name=NetDD4_4
Change Net Name : Old Net Name=NetDD5_5 New Net Name=NetDD4_5
Change Net Name : Old Net Name=NetDD5_12 New Net Name=NetDD4_12
Change Net Name : Old Net Name=NetDD5_13 New Net Name=NetDD4_13
Change Net Name : Old Net Name=NetDD5_14 New Net Name=NetDD4_14
Change Net Name : Old Net Name=NetDD5_22 New Net Name=NetDD4_22
Change Net Name : Old Net Name=NetDD5_24 New Net Name=NetDD4_24
Change Net Name : Old Net Name=NetR3_1 New Net Name=NetR14_1
Change Net Name : Old Net Name=NetR5_2 New Net Name=NetR2_2
Change Net Name : Old Net Name=NetR6_2 New Net Name=NetR1_2
Change Net Name : Old Net Name=NetR8_1 New Net Name=NetR6_1
Change Net Name : Old Net Name=NetR10_1 New Net Name=NetR8_1
Change Net Name : Old Net Name=NetR22_1 New Net Name=NetR27_1
Change Net Name : Old Net Name=NetR23_2 New Net Name=NetR28_2
Change Net Name : Old Net Name=NetR26_2 New Net Name=NetR31_2
Change Net Name : Old Net Name=NetR30_2 New Net Name=NetR11_2
Change Net Name : Old Net Name=NetR33_1 New Net Name=NetR18_1
Change Net Name : Old Net Name=NetX13_1 New Net Name=NetX9_1
Change Net Name : Old Net Name=NetX29_1 New Net Name=NetX1_1
Added Member To Class: ClassName=Alt_BRD_PowerModules Member=Component C33 47uF 6.3V
Added Member To Class: ClassName=Alt_BRD_PowerModules Member=Component C34 100n 25V
PCB-ECO: Change Pad Pin/Pkg Length: Old=0mm New=2.54mm
PCB-ECO: Change Pad Pin/Pkg Length: Old=2.54mm New=0mm
