Change Component Designator: Old Designator=C30 New Designator=C31
Change Component Designator: Old Designator=C31 New Designator=C33
Change Component Designator: Old Designator=C32 New Designator=C34
Change Component Designator: Old Designator=C33 New Designator=C35
Change Component Designator: Old Designator=C34 New Designator=C36
Change Component Designator: Old Designator=C35 New Designator=C37
Change Component Designator: Old Designator=C36 New Designator=C38
Change Component Designator: Old Designator=C37 New Designator=C39
Change Component Designator: Old Designator=C38 New Designator=C40
Change Component Designator: Old Designator=C39 New Designator=C41
Change Component Designator: Old Designator=C40 New Designator=C42
Change Component Designator: Old Designator=C41 New Designator=C43
Change Component Designator: Old Designator=C42 New Designator=C44
Change Component Designator: Old Designator=C43 New Designator=C45
Change Component Designator: Old Designator=C44 New Designator=C46
Change Component Designator: Old Designator=C45 New Designator=C47
Change Component Designator: Old Designator=C46 New Designator=C48
Change Component Designator: Old Designator=C47 New Designator=C49
Change Component Designator: Old Designator=C48 New Designator=C50
Change Component Designator: Old Designator=C49 New Designator=C51
Change Component Designator: Old Designator=C50 New Designator=C52
Change Component Designator: Old Designator=C51 New Designator=C53
Change Component Designator: Old Designator=C52 New Designator=C54
Change Component Designator: Old Designator=C53 New Designator=C30
Change Component Designator: Old Designator=C53 New Designator=C55
Change Component Designator: Old Designator=C54 New Designator=C56
Change Component Designator: Old Designator=C55 New Designator=C32
Change Component Designator: Old Designator=C55 New Designator=C57
Change Component Designator: Old Designator=DD4 New Designator=DD5
Change Component Designator: Old Designator=DD5 New Designator=DD6
Change Component Designator: Old Designator=DD6 New Designator=DD7
Change Component Designator: Old Designator=DD7 New Designator=DD4
Change Component Designator: Old Designator=DD7 New Designator=DD8
Change Component Designator: Old Designator=R34 New Designator=R41
Change Component Designator: Old Designator=R35 New Designator=R42
Change Component Designator: Old Designator=R36 New Designator=R43
Change Component Designator: Old Designator=R37 New Designator=R44
Change Component Designator: Old Designator=R38 New Designator=R45
Change Component Designator: Old Designator=R39 New Designator=R46
Change Component Designator: Old Designator=R40 New Designator=R47
Change Component Designator: Old Designator=R41 New Designator=R48
Change Component Designator: Old Designator=R42 New Designator=R37
Change Component Designator: Old Designator=R42 New Designator=R49
Change Component Designator: Old Designator=R43 New Designator=R34
Change Component Designator: Old Designator=R43 New Designator=R35
Change Component Designator: Old Designator=R43 New Designator=R36
Change Component Designator: Old Designator=R43 New Designator=R50
Change Component Designator: Old Designator=R44 New Designator=R38
Change Component Designator: Old Designator=R44 New Designator=R51
Change Component Designator: Old Designator=R45 New Designator=R39
Change Component Designator: Old Designator=R45 New Designator=R52
Change Component Designator: Old Designator=R46 New Designator=R40
Change Component Designator: Old Designator=R46 New Designator=R53
Change Component Designator: Old Designator=R47 New Designator=R54
Change Component Designator: Old Designator=R48 New Designator=R55
Change Component Designator: Old Designator=X27 New Designator=X28
Change Component Designator: Old Designator=X28 New Designator=X29
Change Component Designator: Old Designator=X29 New Designator=X30
Change Component Designator: Old Designator=X30 New Designator=X31
Change Component Designator: Old Designator=X31 New Designator=X33
Change Component Designator: Old Designator=X32 New Designator=X34
Change Component Designator: Old Designator=X33 New Designator=X35
Change Component Designator: Old Designator=X34 New Designator=X36
Change Component Designator: Old Designator=X35 New Designator=X37
Change Component Designator: Old Designator=X36 New Designator=X38
Change Component Designator: Old Designator=X37 New Designator=X39
Change Component Designator: Old Designator=X38 New Designator=X27
Change Component Designator: Old Designator=X38 New Designator=X40
Change Component Designator: Old Designator=X39 New Designator=X32
Change Component Designator: Old Designator=X39 New Designator=X41
Change Component Designator: Old Designator=XP10 New Designator=XP16
Change Component Designator: Old Designator=XP11 New Designator=XP17
Change Component Designator: Old Designator=XP12 New Designator=XP18
Change Component Designator: Old Designator=XP13 New Designator=XP19
Change Component Designator: Old Designator=XP14 New Designator=XP20
Change Component Designator: Old Designator=XP15 New Designator=XP21
Change Component Designator: Old Designator=XP16 New Designator=XP22
Change Component Designator: Old Designator=XP17 New Designator=XP23
Change Component Designator: Old Designator=XP18 New Designator=XP24
Change Component Designator: Old Designator=XP19 New Designator=XP25
Change Component Designator: Old Designator=XP20 New Designator=XP26
Change Component Designator: Old Designator=XP21 New Designator=XP27
Change Component Designator: Old Designator=XP22 New Designator=XP28
Change Component Designator: Old Designator=XP23 New Designator=XP29
Change Component Designator: Old Designator=XP24 New Designator=XP30
Change Component Designator: Old Designator=XP25 New Designator=XP31
Change Component Designator: Old Designator=XP26 New Designator=XP32
Change Component Designator: Old Designator=XP27 New Designator=XP10
Change Component Designator: Old Designator=XP27 New Designator=XP11
Change Component Designator: Old Designator=XP27 New Designator=XP12
Change Component Designator: Old Designator=XP27 New Designator=XP13
Change Component Designator: Old Designator=XP27 New Designator=XP14
Change Component Designator: Old Designator=XP27 New Designator=XP15
Change Component Designator: Old Designator=XP27 New Designator=XP33
Change Component Designator: Old Designator=XP28 New Designator=XP34
Change Component Designator: Old Designator=XP29 New Designator=XP35
Change Component Designator: Old Designator=XP30 New Designator=XP36
Change Component Designator: Old Designator=XP31 New Designator=XP37
Change Component Designator: Old Designator=XP32 New Designator=XP38
Change Component Designator: Old Designator=XP33 New Designator=XP39
Change Component Designator: Old Designator=XP34 New Designator=XP40
Change Component Designator: Old Designator=XP35 New Designator=XP41
Change Component Designator: Old Designator=XP36 New Designator=XP42
Change Component Designator: Old Designator=XP37 New Designator=XP43
Change Component Designator: Old Designator=XP38 New Designator=XP44
Change Component Designator: Old Designator=XP39 New Designator=XP45
Change Component Designator: Old Designator=XP40 New Designator=XP46
Change Component Designator: Old Designator=ZL3 New Designator=ZL4
Change Component Designator: Old Designator=ZL4 New Designator=ZL3
Change Component Designator: Old Designator=ZL4 New Designator=ZL5
