Added Component: Designator=C4(CapKemet1005(0402))
Add component (AddParameter): Name = "Digi-Key Part Number"; Value = "490-14306-1-ND"; VariantName = "[No Variations]"
Add component (AddParameter): Name = "HelpURL"; Value = "https://www.digikey.com/product-detail/en/GRM155R61A475MEAAD/490-14306-1-ND/6234742/?itemSeq=332893833"; VariantName = "[No Variations]"
Add component (AddParameter): Name = "Manufacturer Part Number"; Value = "GRM155R61A475MEAAD"; VariantName = "[No Variations]"
Add component (AddParameter): Name = "Package"; Value = "0402"; VariantName = "[No Variations]"
Add component (AddParameter): Name = "Part Number"; Value = "GRM155R61A475MEAAD"; VariantName = "[No Variations]"
Add component (AddParameter): Name = "Price$"; Value = "0.04954"; VariantName = "[No Variations]"
Added Component: Designator=C16(CapKemet1005(0402))
Add component (AddParameter): Name = "Digi-Key Part Number"; Value = "490-14306-1-ND"; VariantName = "[No Variations]"
Add component (AddParameter): Name = "HelpURL"; Value = "https://www.digikey.com/product-detail/en/GRM155R61A475MEAAD/490-14306-1-ND/6234742/?itemSeq=332893833"; VariantName = "[No Variations]"
Add component (AddParameter): Name = "Manufacturer Part Number"; Value = "GRM155R61A475MEAAD"; VariantName = "[No Variations]"
Add component (AddParameter): Name = "Package"; Value = "0402"; VariantName = "[No Variations]"
Add component (AddParameter): Name = "Part Number"; Value = "GRM155R61A475MEAAD"; VariantName = "[No Variations]"
Add component (AddParameter): Name = "Price$"; Value = "0.04954"; VariantName = "[No Variations]"
Added Pin To Net: NetName=GND Pin=C4-1
Added Pin To Net: NetName=NetC16_2 Pin=C4-2
Added Pin To Net: NetName=GND Pin=C16-1
Added Pin To Net: NetName=NetC4_2 Pin=C16-2
Change Net Name : Old Net Name=NetC4_2 New Net Name=NetC16_2
Change Net Name : Old Net Name=NetC16_2 New Net Name=NetC4_2
Added Member To Class: ClassName=Alt_BRD_PowerModules Member=Component C4 4.7uF 10V
Added Member To Class: ClassName=Alt_BRD_PowerModules Member=Component C16 4.7uF 10V
