Added Component: Designator=C2(CapKemet1005(0402))
Add component (AddParameter): Name = "HelpURL"; Value = "https://eu.mouser.com/ProductDetail/Yageo/CC0402KRX7R9BB103?qs=%2Fha2pyFaduhfwZVzbL0cyr%2Fi%2F48Qij%2FpexQf186TfJSesVd37kSFIA%3D%3D"; VariantName = "[No Variations]"
Add component (AddParameter): Name = "Manufacturer Part Number"; Value = "CC0402KRX7R9BB103"; VariantName = "[No Variations]"
Add component (AddParameter): Name = "Mouser Part Number"; Value = "603-CC402KRX7R9BB103"; VariantName = "[No Variations]"
Add component (AddParameter): Name = "Package"; Value = "0402"; VariantName = "[No Variations]"
Add component (AddParameter): Name = "Part Number"; Value = "CC0402KRX7R9BB103"; VariantName = "[No Variations]"
Add component (AddParameter): Name = "Price$"; Value = "0.1"; VariantName = "[No Variations]"
Added Component: Designator=DD1(DFN10(3x3)_N)
Add component (AddParameter): Name = "Digi-Key Part Number"; Value = "MAX17047G+T10-ND"; VariantName = "[No Variations]"
Add component (AddParameter): Name = "HelpURL"; Value = "https://www.digikey.com/en/products/detail/maxim-integrated/MAX17047G-T10/3758920?s=N4IgTCBcDaILIEEAaBGA7ABgCxpAXQF8g"; VariantName = "[No Variations]"
Add component (AddParameter): Name = "Manufacturer Part Number"; Value = "MAX17047G+T10"; VariantName = "[No Variations]"
Add component (AddParameter): Name = "Package"; Value = "TDFN-10"; VariantName = "[No Variations]"
Add component (AddParameter): Name = "Part Number"; Value = "MAX17047G+T10"; VariantName = "[No Variations]"
Added Component: Designator=R1(REZKemet 0402)
Add component (AddParameter): Name = "Digi-Key Part Number"; Value = ""; VariantName = "[No Variations]"
Add component (AddParameter): Name = "HelpURL"; Value = "https://eu.mouser.com/ProductDetail/Vishay-Dale/CRCW040210K0FKEDC?qs=sGAEpiMZZMvdGkrng054t0DrEhLhGh8ghRTPC4LoFoV0V5heIyAs3Q%3D%3D"; VariantName = "[No Variations]"
Add component (AddParameter): Name = "Manufacturer Part Number"; Value = "CRCW040210K0FKEDC"; VariantName = "[No Variations]"
Add component (AddParameter): Name = "Mouser Part Number"; Value = "71-CRCW040210K0FKEDC"; VariantName = "[No Variations]"
Add component (AddParameter): Name = "Note"; Value = ""; VariantName = "[No Variations]"
Add component (AddParameter): Name = "Package"; Value = "0402"; VariantName = "[No Variations]"
Add component (AddParameter): Name = "Part Number"; Value = "RESC1005(0402)"; VariantName = "[No Variations]"
Add component (AddParameter): Name = "Price$"; Value = "0.1"; VariantName = "[No Variations]"
Added Component: Designator=R2(RESC2012(0805)N)
Add component (AddParameter): Name = "HelpURL"; Value = "https://www.digikey.com/en/products/detail/susumu/KRL1220E-M-R010-F-T5/3737970"; VariantName = "[No Variations]"
Add component (AddParameter): Name = "Manufacturer Part Number"; Value = "KRL1220E-M-R010-F-T5"; VariantName = "[No Variations]"
Add component (AddParameter): Name = "Mouser Part Number"; Value = "408-1544-1-ND"; VariantName = "[No Variations]"
Add component (AddParameter): Name = "Package"; Value = "0805"; VariantName = "[No Variations]"
Add component (AddParameter): Name = "Part Number"; Value = "KRL1220E-M-R010-F-T5"; VariantName = "[No Variations]"
Add component (AddParameter): Name = "Price$"; Value = "0.09440"; VariantName = "[No Variations]"
Added Component: Designator=R3(REZKemet 0402)
Add component (AddParameter): Name = "Digi-Key Part Number"; Value = ""; VariantName = "[No Variations]"
Add component (AddParameter): Name = "HelpURL"; Value = "https://eu.mouser.com/ProductDetail/Vishay-Dale/CRCW040210K0FKEDC?qs=sGAEpiMZZMvdGkrng054t0DrEhLhGh8ghRTPC4LoFoV0V5heIyAs3Q%3D%3D"; VariantName = "[No Variations]"
Add component (AddParameter): Name = "Manufacturer Part Number"; Value = "CRCW040210K0FKEDC"; VariantName = "[No Variations]"
Add component (AddParameter): Name = "Mouser Part Number"; Value = "71-CRCW040210K0FKEDC"; VariantName = "[No Variations]"
Add component (AddParameter): Name = "Note"; Value = ""; VariantName = "[No Variations]"
Add component (AddParameter): Name = "Package"; Value = "0402"; VariantName = "[No Variations]"
Add component (AddParameter): Name = "Part Number"; Value = "RESC1005(0402)"; VariantName = "[No Variations]"
Add component (AddParameter): Name = "Price$"; Value = "0.1"; VariantName = "[No Variations]"
Added Component: Designator=R4(REZKemet 0402)
Add component (AddParameter): Name = "Digi-Key Part Number"; Value = ""; VariantName = "[No Variations]"
Add component (AddParameter): Name = "HelpURL"; Value = "https://eu.mouser.com/ProductDetail/Vishay-Dale/CRCW040210K0FKEDC?qs=sGAEpiMZZMvdGkrng054t0DrEhLhGh8ghRTPC4LoFoV0V5heIyAs3Q%3D%3D"; VariantName = "[No Variations]"
Add component (AddParameter): Name = "Manufacturer Part Number"; Value = "CRCW040210K0FKEDC"; VariantName = "[No Variations]"
Add component (AddParameter): Name = "Mouser Part Number"; Value = "71-CRCW040210K0FKEDC"; VariantName = "[No Variations]"
Add component (AddParameter): Name = "Note"; Value = ""; VariantName = "[No Variations]"
Add component (AddParameter): Name = "Package"; Value = "0402"; VariantName = "[No Variations]"
Add component (AddParameter): Name = "Part Number"; Value = "RESC1005(0402)"; VariantName = "[No Variations]"
Add component (AddParameter): Name = "Price$"; Value = "0.1"; VariantName = "[No Variations]"
Added Component: Designator=X1(HoleSolderPLS-1)
Add component (AddParameter): Name = "Part Number"; Value = "X1-PLS-1"; VariantName = "[No Variations]"
Added Component: Designator=X2(HoleSolderPLS-1)
Add component (AddParameter): Name = "Part Number"; Value = "X1-PLS-1"; VariantName = "[No Variations]"
Added Component: Designator=X3(HoleSolderPLS-1)
Add component (AddParameter): Name = "Part Number"; Value = "X1-PLS-1"; VariantName = "[No Variations]"
Added Component: Designator=X4(HoleSolderPLS-1)
Add component (AddParameter): Name = "Part Number"; Value = "X1-PLS-1"; VariantName = "[No Variations]"
Added Component: Designator=X5(HoleSolderPLS-1)
Add component (AddParameter): Name = "Part Number"; Value = "X1-PLS-1"; VariantName = "[No Variations]"
Added Component: Designator=X6(HoleSolderPLS-1)
Add component (AddParameter): Name = "Part Number"; Value = "X1-PLS-1"; VariantName = "[No Variations]"
Added Component: Designator=X7(HoleSolderPLS-1)
Add component (AddParameter): Name = "Part Number"; Value = "X1-PLS-1"; VariantName = "[No Variations]"
Added Component: Designator=X8(HoleSolderPLS-1)
Add component (AddParameter): Name = "Part Number"; Value = "X1-PLS-1"; VariantName = "[No Variations]"
Added Component: Designator=X9(HoleSolderPLS-1)
Add component (AddParameter): Name = "Part Number"; Value = "X1-PLS-1"; VariantName = "[No Variations]"
Added Component: Designator=X10(HoleSolderPLS-1)
Add component (AddParameter): Name = "Part Number"; Value = "X1-PLS-1"; VariantName = "[No Variations]"
Added Pin To Net: NetName=GND Pin=DD1-5
Added Pin To Net: NetName=GND Pin=R2-2
Added Pin To Net: NetName=GND Pin=X10-1
Added Net: Name=GND
Added Pin To Net: NetName=NetC1_1 Pin=C2-1
Added Pin To Net: NetName=NetC1_1 Pin=DD1-6
Added Pin To Net: NetName=NetC1_1 Pin=DD1-11
Added Pin To Net: NetName=NetC1_1 Pin=R2-1
Added Pin To Net: NetName=NetC1_1 Pin=X3-1
Added Pin To Net: NetName=NetC1_1 Pin=X4-1
Added Net: Name=NetC1_1
Added Pin To Net: NetName=NetC1_2 Pin=DD1-1
Added Pin To Net: NetName=NetC1_2 Pin=DD1-10
Added Pin To Net: NetName=NetC1_2 Pin=X2-1
Added Pin To Net: NetName=NetC1_2 Pin=X5-1
Added Net: Name=NetC1_2
Added Pin To Net: NetName=NetC2_2 Pin=C2-2
Added Pin To Net: NetName=NetC2_2 Pin=DD1-2
Added Pin To Net: NetName=NetC2_2 Pin=R1-1
Added Pin To Net: NetName=NetC2_2 Pin=X1-1
Added Net: Name=NetC2_2
Added Pin To Net: NetName=NetC3_2 Pin=DD1-7
Added Net: Name=NetC3_2
Added Pin To Net: NetName=NetDD1_3 Pin=DD1-3
Added Pin To Net: NetName=NetDD1_3 Pin=R4-2
Added Pin To Net: NetName=NetDD1_3 Pin=X9-1
Added Net: Name=NetDD1_3
Added Pin To Net: NetName=NetDD1_4 Pin=DD1-4
Added Pin To Net: NetName=NetDD1_4 Pin=R3-2
Added Pin To Net: NetName=NetDD1_4 Pin=X8-1
Added Net: Name=NetDD1_4
Added Pin To Net: NetName=NetDD1_8 Pin=DD1-8
Added Pin To Net: NetName=NetDD1_8 Pin=X7-1
Added Net: Name=NetDD1_8
Added Pin To Net: NetName=NetDD1_9 Pin=DD1-9
Added Pin To Net: NetName=NetDD1_9 Pin=R1-2
Added Net: Name=NetDD1_9
Added Pin To Net: NetName=NetR3_1 Pin=R3-1
Added Pin To Net: NetName=NetR3_1 Pin=R4-1
Added Pin To Net: NetName=NetR3_1 Pin=X6-1
Added Net: Name=NetR3_1
Added Class: Name=Alt_BRD_PowerModules
