Change Component Designator: Old Designator=C? New Designator=C19
Change Component Designator: Old Designator=C? New Designator=C20
Change Component Designator: Old Designator=C? New Designator=C21
Change Component Designator: Old Designator=C? New Designator=C22
Change Component Designator: Old Designator=C? New Designator=C23
Change Component Designator: Old Designator=C? New Designator=C24
Change Component Designator: Old Designator=C? New Designator=C25
Change Component Designator: Old Designator=C? New Designator=C26
Change Component Designator: Old Designator=C? New Designator=C27
Change Component Designator: Old Designator=C? New Designator=C28
Change Component Designator: Old Designator=C? New Designator=C29
Change Component Designator: Old Designator=C? New Designator=C30
Change Component Designator: Old Designator=C? New Designator=C31
Change Component Designator: Old Designator=C? New Designator=C32
Change Component Designator: Old Designator=DD? New Designator=DD4
Change Component Designator: Old Designator=DD? New Designator=DD5
Change Component Designator: Old Designator=HL? New Designator=HL8
Change Component Designator: Old Designator=HL? New Designator=HL9
Change Component Designator: Old Designator=HL? New Designator=HL10
Change Component Designator: Old Designator=HL? New Designator=HL11
Change Component Designator: Old Designator=L? New Designator=L3
Change Component Designator: Old Designator=R? New Designator=R34
Change Component Designator: Old Designator=R? New Designator=R35
Change Component Designator: Old Designator=R? New Designator=R36
Change Component Designator: Old Designator=R? New Designator=R37
Change Component Designator: Old Designator=R? New Designator=R38
Change Component Designator: Old Designator=R? New Designator=R39
Change Component Designator: Old Designator=R? New Designator=R40
Change Component Designator: Old Designator=R? New Designator=R41
Change Component Designator: Old Designator=R? New Designator=R42
Change Component Designator: Old Designator=R? New Designator=R43
Change Component Designator: Old Designator=R? New Designator=R44
Change Component Designator: Old Designator=R? New Designator=R45
Change Component Designator: Old Designator=VT? New Designator=VT2
Change Component Designator: Old Designator=X? New Designator=X31
Change Component Designator: Old Designator=X? New Designator=X32
Change Component Designator: Old Designator=X? New Designator=X33
Change Component Designator: Old Designator=X? New Designator=X34
Change Component Designator: Old Designator=X? New Designator=X35
Change Component Designator: Old Designator=X? New Designator=X36
Change Component Designator: Old Designator=X? New Designator=X37
Change Component Designator: Old Designator=XP? New Designator=XP33
Change Component Designator: Old Designator=XP? New Designator=XP34
Change Component Designator: Old Designator=XP? New Designator=XP35
Change Component Designator: Old Designator=XP? New Designator=XP36
Change Component Designator: Old Designator=XP? New Designator=XP37
Change Component Designator: Old Designator=XP? New Designator=XP38
Change Component Designator: Old Designator=XP? New Designator=XP39
Change Component Designator: Old Designator=XS? New Designator=XS4
