Added Member To Class: ClassName=Alt_BRD_PowerModules Member=Component C1 4.7uF 10V
Added Member To Class: ClassName=Alt_BRD_PowerModules Member=Component C2 2.2u 10V
Added Member To Class: ClassName=Alt_BRD_PowerModules Member=Component C3 100n 25V
Added Member To Class: ClassName=Alt_BRD_PowerModules Member=Component C4 2.2u 10V
Added Member To Class: ClassName=Alt_BRD_PowerModules Member=Component C5 10nF
Added Member To Class: ClassName=Alt_BRD_PowerModules Member=Component C6 2.2u 10V
Added Member To Class: ClassName=Alt_BRD_PowerModules Member=Component C7 10u 6.3V 0402
Added Member To Class: ClassName=Alt_BRD_PowerModules Member=Component C8 100n 25V
Added Member To Class: ClassName=Alt_BRD_PowerModules Member=Component C10 2.2u 10V
Added Member To Class: ClassName=Alt_BRD_PowerModules Member=Component C11 100n 25V
Added Member To Class: ClassName=Alt_BRD_PowerModules Member=Component C12 10p 50V
Added Member To Class: ClassName=Alt_BRD_PowerModules Member=Component C13 100n 25V
Added Member To Class: ClassName=Alt_BRD_PowerModules Member=Component C15 100n 25V
Added Member To Class: ClassName=Alt_BRD_PowerModules Member=Component C16 10u 6.3V 0402
Added Member To Class: ClassName=Alt_BRD_PowerModules Member=Component C17 150n
Added Member To Class: ClassName=Alt_BRD_PowerModules Member=Component C18 10u 6.3V 0402
Added Member To Class: ClassName=Alt_BRD_PowerModules Member=Component C19 100n 25V
Added Member To Class: ClassName=Alt_BRD_PowerModules Member=Component C20 1u 10V
Added Member To Class: ClassName=Alt_BRD_PowerModules Member=Component C21 20pF ±5% 50V
Added Member To Class: ClassName=Alt_BRD_PowerModules Member=Component C22 20pF ±5% 50V
Added Member To Class: ClassName=Alt_BRD_PowerModules Member=Component C23 100n 25V
Added Member To Class: ClassName=Alt_BRD_PowerModules Member=Component C24 100n 25V
Added Member To Class: ClassName=Alt_BRD_PowerModules Member=Component C25 1u 10V
Added Member To Class: ClassName=Alt_BRD_PowerModules Member=Component C26 100n 50V
Added Member To Class: ClassName=Alt_BRD_PowerModules Member=Component C27 10u 6.3V 0402
Added Member To Class: ClassName=Alt_BRD_PowerModules Member=Component C28 47n 50V
Added Member To Class: ClassName=Alt_BRD_PowerModules Member=Component C29 4.7u 10v
Added Member To Class: ClassName=Alt_BRD_PowerModules Member=Component C30 10u 6.3V 0402
Added Member To Class: ClassName=Alt_BRD_PowerModules Member=Component C31 10p
Added Member To Class: ClassName=Alt_BRD_PowerModules Member=Component C33 10u 6.3V 0402
Added Member To Class: ClassName=Alt_BRD_PowerModules Member=Component C34 10u 6.3V 0402
Added Member To Class: ClassName=Alt_BRD_PowerModules Member=Component C35 DNP  NoBom
Added Member To Class: ClassName=Alt_BRD_PowerModules Member=Component DA1 MIC5317-3.3YM5-TR
Added Member To Class: ClassName=Alt_BRD_PowerModules Member=Component DA2 BQ25606RGER
Added Member To Class: ClassName=Alt_BRD_PowerModules Member=Component DA3 TPS63031DSKT
Added Member To Class: ClassName=Alt_BRD_PowerModules Member=Component DD1 MAX8903AETI+
Added Member To Class: ClassName=Alt_BRD_PowerModules Member=Component DD2 MAX17047G+T10
Added Member To Class: ClassName=Alt_BRD_PowerModules Member=Component DD4 MX25R4035FM1IL0 4Mb SPI
Added Member To Class: ClassName=Alt_BRD_PowerModules Member=Component DD5 FT230XQ-R
Added Member To Class: ClassName=Alt_BRD_PowerModules Member=Component L1 2.5UH 5A 27 MOHM
Added Member To Class: ClassName=Alt_BRD_PowerModules Member=Component L2 1u 3.2A 32.4mOhm
Added Member To Class: ClassName=Alt_BRD_PowerModules Member=Component L3 0 ohm NoBom
Added Member To Class: ClassName=Alt_BRD_PowerModules Member=Component R1 10k
Added Member To Class: ClassName=Alt_BRD_PowerModules Member=Component R2 0
Added Member To Class: ClassName=Alt_BRD_PowerModules Member=Component R3 10k
Added Member To Class: ClassName=Alt_BRD_PowerModules Member=Component R4 10k
Added Member To Class: ClassName=Alt_BRD_PowerModules Member=Component R5 620
Added Member To Class: ClassName=Alt_BRD_PowerModules Member=Component R6 10k
Added Member To Class: ClassName=Alt_BRD_PowerModules Member=Component R8 158
Added Member To Class: ClassName=Alt_BRD_PowerModules Member=Component R9 1k
Added Member To Class: ClassName=Alt_BRD_PowerModules Member=Component R11 221
Added Member To Class: ClassName=Alt_BRD_PowerModules Member=Component R12 2.8k
Added Member To Class: ClassName=Alt_BRD_PowerModules Member=Component R13 10m 1% 50ppm
Added Member To Class: ClassName=Alt_BRD_PowerModules Member=Component R16 10k
Added Member To Class: ClassName=Alt_BRD_PowerModules Member=Component R20 10k
Added Member To Class: ClassName=Alt_BRD_PowerModules Member=Component R21 10k
Added Member To Class: ClassName=Alt_BRD_PowerModules Member=Component R22 10k
Added Member To Class: ClassName=Alt_BRD_PowerModules Member=Component R26 680
Added Member To Class: ClassName=Alt_BRD_PowerModules Member=Component R27 680
Added Member To Class: ClassName=Alt_BRD_PowerModules Member=Component R28 12k
Added Member To Class: ClassName=Alt_BRD_PowerModules Member=Component R29 3k
Added Member To Class: ClassName=Alt_BRD_PowerModules Member=Component R31 680
Added Member To Class: ClassName=Alt_BRD_PowerModules Member=Component R32 600
Added Member To Class: ClassName=Alt_BRD_PowerModules Member=Component R33 5.23k
Added Member To Class: ClassName=Alt_BRD_PowerModules Member=Component R34 10M 5%
Added Member To Class: ClassName=Alt_BRD_PowerModules Member=Component R37 620
Added Member To Class: ClassName=Alt_BRD_PowerModules Member=Component R38 620
Added Member To Class: ClassName=Alt_BRD_PowerModules Member=Component R39 620
Added Member To Class: ClassName=Alt_BRD_PowerModules Member=Component R41 ?
Added Member To Class: ClassName=Alt_BRD_PowerModules Member=Component R43 0
Added Member To Class: ClassName=Alt_BRD_PowerModules Member=Component R44 0
Added Member To Class: ClassName=Alt_BRD_PowerModules Member=Component R45 0
Added Member To Class: ClassName=Alt_BRD_PowerModules Member=Component SB1 PTS525SM15SMTR2 LFS
Added Member To Class: ClassName=Alt_BRD_PowerModules Member=Component SB2 PTS525SM15SMTR2 LFS
Added Member To Class: ClassName=Alt_BRD_PowerModules Member=Component X1 X1-PLS-1
Added Member To Class: ClassName=Alt_BRD_PowerModules Member=Component X2 X1-PLS-1
Added Member To Class: ClassName=Alt_BRD_PowerModules Member=Component X31 PLLS1.27-1-TOP-R
Added Member To Class: ClassName=Alt_BRD_PowerModules Member=Component X32 PLLS1.27-1-TOP-R
Added Member To Class: ClassName=Alt_BRD_PowerModules Member=Component X33 PLLS1.27-1-TOP-R
Added Member To Class: ClassName=Alt_BRD_PowerModules Member=Component X34 PLLS1.27-1-TOP-R
Added Member To Class: ClassName=Alt_BRD_PowerModules Member=Component X35 PLLS1.27-1-TOP-R
Added Member To Class: ClassName=Alt_BRD_PowerModules Member=Component X36 PLLS1.27-1-TOP-R
Added Member To Class: ClassName=Alt_BRD_PowerModules Member=Component X37 PLLS1.27-1-TOP-R
Added Member To Class: ClassName=Alt_BRD_PowerModules Member=Component XP2 PLS-2_Jump
Added Member To Class: ClassName=Alt_BRD_PowerModules Member=Component XP6 PLS-3
Added Member To Class: ClassName=Alt_BRD_PowerModules Member=Component XP9 PLS-3
Added Member To Class: ClassName=Alt_BRD_PowerModules Member=Component XP10 440055-2
Added Member To Class: ClassName=Alt_BRD_PowerModules Member=Component XP11 3220-10-0100-00 edge
Added Member To Class: ClassName=Alt_BRD_PowerModules Member=Component XP13 PLS-1
Added Member To Class: ClassName=Alt_BRD_PowerModules Member=Component XP15 PLS-1
Added Member To Class: ClassName=Alt_BRD_PowerModules Member=Component XP16 PLS-1
Added Member To Class: ClassName=Alt_BRD_PowerModules Member=Component XP18 PLS-1
Added Member To Class: ClassName=Alt_BRD_PowerModules Member=Component XP20 PLS-1
Added Member To Class: ClassName=Alt_BRD_PowerModules Member=Component XP22 PLS-1
Added Member To Class: ClassName=Alt_BRD_PowerModules Member=Component XP24 PLS-1
Added Member To Class: ClassName=Alt_BRD_PowerModules Member=Component XP26 PLS-1
Added Member To Class: ClassName=Alt_BRD_PowerModules Member=Component XP28 PLS-1
Added Member To Class: ClassName=Alt_BRD_PowerModules Member=Component XP30 PLS-1
Added Member To Class: ClassName=Alt_BRD_PowerModules Member=Component XP32 PLS-1
Added Member To Class: ClassName=Alt_BRD_PowerModules Member=Component XP33 PLS-1
Added Member To Class: ClassName=Alt_BRD_PowerModules Member=Component XP34 PLS-1
Added Member To Class: ClassName=Alt_BRD_PowerModules Member=Component XP35 PLS-1
Added Member To Class: ClassName=Alt_BRD_PowerModules Member=Component XP37 PLS-1
Added Member To Class: ClassName=Alt_BRD_PowerModules Member=Component XP38 PLS-1
Added Member To Class: ClassName=Alt_BRD_PowerModules Member=Component XP39 PLS-1
Added Member To Class: ClassName=Alt_BRD_PowerModules Member=Component XS1 10118193-0001LF
Added Member To Class: ClassName=Alt_BRD_PowerModules Member=Component XS4 PBS-7
Added Member To Class: ClassName=Alt_BRD_PowerModules Member=Component ZL1 600Ohms@100MHz
Added Member To Class: ClassName=Alt_BRD_PowerModules Member=Component ZL2 600Ohms@100MHz
PCB-ECO: Change Pad Pin/Pkg Length: Old=0mm New=2.54mm
