Added Pin To Net: NetName=GND Pin=C2-1
Added Pin To Net: NetName=NetC2_2 Pin=C2-2
Added Pin To Net: NetName=GND Pin=C4-1
Added Pin To Net: NetName=NetC4_2 Pin=C4-2
Added Pin To Net: NetName=GND Pin=C6-1
Added Pin To Net: NetName=+5V Pin=C6-2
Added Pin To Net: NetName=GND Pin=C10-1
Added Pin To Net: NetName=NetC10_2 Pin=C10-2
Added Pin To Net: NetName=GND Pin=C11-1
Added Pin To Net: NetName=+5V Pin=C11-2
Added Pin To Net: NetName=GND Pin=C12-1
Added Pin To Net: NetName=NetC10_2 Pin=C12-2
Added Pin To Net: NetName=GND Pin=C13-1
Added Pin To Net: NetName=NetC10_2 Pin=C13-2
Added Pin To Net: NetName=GND Pin=C14-1
Added Pin To Net: NetName=NetC10_2 Pin=C14-2
Added Pin To Net: NetName=GND Pin=C19-1
Added Pin To Net: NetName=NetC2_2 Pin=C19-2
Added Pin To Net: NetName=GND Pin=C21-1
Added Pin To Net: NetName=NetC21_2 Pin=C21-2
Added Pin To Net: NetName=GND Pin=C22-1
Added Pin To Net: NetName=NetC22_2 Pin=C22-2
Added Pin To Net: NetName=GND Pin=C23-1
Added Pin To Net: NetName=NetC2_2 Pin=C23-2
Added Pin To Net: NetName=GND Pin=C24-1
Added Pin To Net: NetName=NetC24_2 Pin=C24-2
Added Pin To Net: NetName=GND Pin=C31-1
Added Pin To Net: NetName=NetC31_2 Pin=C31-2
Added Pin To Net: NetName=GND Pin=C32-1
Added Pin To Net: NetName=NetC32_2 Pin=C32-2
Added Pin To Net: NetName=GND Pin=C35-1
Added Pin To Net: NetName=NetC35_2 Pin=C35-2
Added Pin To Net: NetName=GND Pin=C36-1
Added Pin To Net: NetName=NetC36_2 Pin=C36-2
Added Pin To Net: NetName=GND Pin=C37-1
Added Pin To Net: NetName=NetC37_2 Pin=C37-2
Added Pin To Net: NetName=GND Pin=C38-1
Added Pin To Net: NetName=NetC36_2 Pin=C38-2
Added Pin To Net: NetName=GND Pin=C40-1
Added Pin To Net: NetName=NetC40_2 Pin=C40-2
Added Pin To Net: NetName=+5V Pin=DA1-1
Added Pin To Net: NetName=GND Pin=DA1-2
Added Pin To Net: NetName=NetDA1_3 Pin=DA1-3
Added Pin To Net: NetName=+3.3V Pin=DA1-5
Added Pin To Net: NetName=NetC32_2 Pin=DD3-1
Added Pin To Net: NetName=NetC2_2 Pin=DD3-2
Added Pin To Net: NetName=NetC4_2 Pin=DD3-3
Added Pin To Net: NetName=NetC10_2 Pin=DD3-4
Added Pin To Net: NetName=NetC10_2 Pin=DD3-5
Added Pin To Net: NetName=NetC35_2 Pin=DD3-6
Added Pin To Net: NetName=NetC10_2 Pin=DD3-7
Added Pin To Net: NetName=NetC10_2 Pin=DD3-8
Added Pin To Net: NetName=NetC21_2 Pin=DD3-9
Added Pin To Net: NetName=NetC22_2 Pin=DD3-10
Added Pin To Net: NetName=NetC24_2 Pin=DD3-11
Added Pin To Net: NetName=BlueHCI_RX Pin=DD3-12
Added Pin To Net: NetName=BlueHCI_TX Pin=DD3-13
Added Pin To Net: NetName=NetC2_2 Pin=DD3-14
Added Pin To Net: NetName=BlueHCI_Recovery Pin=DD3-15
Added Pin To Net: NetName=NetDD3_16 Pin=DD3-16
Added Pin To Net: NetName=GND Pin=DD3-17
Added Pin To Net: NetName=BlueHCI_nReset Pin=DD3-18
Added Pin To Net: NetName=Blue_PUART_RX Pin=DD3-19
Added Pin To Net: NetName=SPI_MiSo/PUART_RTS Pin=DD3-20
Added Pin To Net: NetName=SPI_SCLK/PUART_CTS Pin=DD3-21
Added Pin To Net: NetName=Blue_PUART_TX Pin=DD3-23
Added Pin To Net: NetName=NetDD3_24 Pin=DD3-24
Added Pin To Net: NetName=NetDD3_25 Pin=DD3-25
Added Pin To Net: NetName=NetC2_2 Pin=DD3-28
Added Pin To Net: NetName=NetC31_2 Pin=DD3-32
Added Pin To Net: NetName=GND Pin=DD3-33
Added Pin To Net: NetName=NetDD3_24 Pin=DD4-1
Added Pin To Net: NetName=NetDD3_25 Pin=DD4-2
Added Pin To Net: NetName=GND Pin=DD4-4
Added Pin To Net: NetName=BlueHCI_Recovery Pin=DD4-5
Added Pin To Net: NetName=NetDD3_16 Pin=DD4-6
Added Pin To Net: NetName=NetC37_2 Pin=DD4-8
Added Pin To Net: NetName=NetC21_2 Pin=G1-1
Added Pin To Net: NetName=GND Pin=G1-2
Added Pin To Net: NetName=NetC22_2 Pin=G1-3
Added Pin To Net: NetName=GND Pin=G1-4
Added Pin To Net: NetName=NetC32_2 Pin=G2-1
Added Pin To Net: NetName=NetC31_2 Pin=G2-2
Added Pin To Net: NetName=NetC35_2 Pin=L3-1
Added Pin To Net: NetName=NetC36_2 Pin=L3-2
Added Pin To Net: NetName=NetC36_2 Pin=L4-1
Added Pin To Net: NetName=NetC40_2 Pin=L4-2
Added Pin To Net: NetName=NetC2_2 Pin=R2-1
Added Pin To Net: NetName=+3.3V Pin=R2-2
Added Pin To Net: NetName=NetDA1_3 Pin=R4-1
Added Pin To Net: NetName=+5V Pin=R4-2
Added Pin To Net: NetName=GND Pin=R10-1
Added Pin To Net: NetName=BlueHCI_RX Pin=R10-2
Added Pin To Net: NetName=NetR16_1 Pin=R16-1
Added Pin To Net: NetName=GND Pin=R16-2
Added Pin To Net: NetName=BlueHCI_nReset Pin=R20-1
Added Pin To Net: NetName=+3.3V Pin=R20-2
Added Pin To Net: NetName=NetC32_2 Pin=R34-1
Added Pin To Net: NetName=NetC31_2 Pin=R34-2
Added Pin To Net: NetName=+3.3V Pin=R36-1
Added Pin To Net: NetName=NetC37_2 Pin=R36-2
Added Pin To Net: NetName=GND Pin=SB1-1
Added Pin To Net: NetName=GND Pin=SB1-1
Added Pin To Net: NetName=BlueHCI_Recovery Pin=SB1-2
Added Pin To Net: NetName=BlueHCI_Recovery Pin=SB1-2
Added Pin To Net: NetName=NetR16_1 Pin=SB2-1
Added Pin To Net: NetName=NetR16_1 Pin=SB2-1
Added Pin To Net: NetName=BlueHCI_nReset Pin=SB2-2
Added Pin To Net: NetName=BlueHCI_nReset Pin=SB2-2
Added Pin To Net: NetName=NetC40_2 Pin=WA1-1
Added Pin To Net: NetName=GND Pin=WA1-2
Added Pin To Net: NetName=SPI_MiSo/PUART_RTS Pin=X31-1
Added Pin To Net: NetName=SPI_SCLK/PUART_CTS Pin=X32-1
Added Pin To Net: NetName=GND Pin=XP6-1
Added Pin To Net: NetName=BlueHCI_TX Pin=XP6-2
Added Pin To Net: NetName=BlueHCI_RX Pin=XP6-3
Added Pin To Net: NetName=NetDA1_3 Pin=XS4-1
Added Pin To Net: NetName=+5V Pin=XS4-2
Added Pin To Net: NetName=GND Pin=XS4-3
Added Pin To Net: NetName=SPI_MiSo/PUART_RTS Pin=XS4-4
Added Pin To Net: NetName=SPI_SCLK/PUART_CTS Pin=XS4-5
Added Pin To Net: NetName=Blue_PUART_RX Pin=XS4-6
Added Pin To Net: NetName=Blue_PUART_TX Pin=XS4-7
Added Pin To Net: NetName=NetC4_2 Pin=ZL1-1
Added Pin To Net: NetName=NetC24_2 Pin=ZL1-2
Added Pin To Net: NetName=NetC4_2 Pin=ZL2-1
Added Pin To Net: NetName=NetC10_2 Pin=ZL2-2
Added Member To Class: ClassName=Alt_BRD_PowerModules Member=Component C2 2.2u 10V
Added Member To Class: ClassName=Alt_BRD_PowerModules Member=Component C4 2.2u 10V
Added Member To Class: ClassName=Alt_BRD_PowerModules Member=Component C6 2.2u 10V
Added Member To Class: ClassName=Alt_BRD_PowerModules Member=Component C10 2.2u 10V
Added Member To Class: ClassName=Alt_BRD_PowerModules Member=Component C11 100n 25V
Added Member To Class: ClassName=Alt_BRD_PowerModules Member=Component C12 10p 50V
Added Member To Class: ClassName=Alt_BRD_PowerModules Member=Component C13 100n 25V
Added Member To Class: ClassName=Alt_BRD_PowerModules Member=Component C14 10n 50V
Added Member To Class: ClassName=Alt_BRD_PowerModules Member=Component C19 100n 25V
Added Member To Class: ClassName=Alt_BRD_PowerModules Member=Component C21 20pF ±5% 50V
Added Member To Class: ClassName=Alt_BRD_PowerModules Member=Component C22 20pF ±5% 50V
Added Member To Class: ClassName=Alt_BRD_PowerModules Member=Component C23 100n 25V
Added Member To Class: ClassName=Alt_BRD_PowerModules Member=Component C24 100n 25V
Added Member To Class: ClassName=Alt_BRD_PowerModules Member=Component C31 10p
Added Member To Class: ClassName=Alt_BRD_PowerModules Member=Component C32 10p
Added Member To Class: ClassName=Alt_BRD_PowerModules Member=Component C35 DNP  NoBom
Added Member To Class: ClassName=Alt_BRD_PowerModules Member=Component C36 DNP  NoBom
Added Member To Class: ClassName=Alt_BRD_PowerModules Member=Component C37 100n 25V
Added Member To Class: ClassName=Alt_BRD_PowerModules Member=Component C38 1.5p 50V
Added Member To Class: ClassName=Alt_BRD_PowerModules Member=Component C40 DNP  NoBom
Added Member To Class: ClassName=Alt_BRD_PowerModules Member=Component DA1 MIC5317-3.3YM5-TR
Added Member To Class: ClassName=Alt_BRD_PowerModules Member=Component DD3 CYW20737A1KML2G
Added Member To Class: ClassName=Alt_BRD_PowerModules Member=Component DD4 MX25R4035FM1IL0 4Mb SPI
Added Member To Class: ClassName=Alt_BRD_PowerModules Member=Component G1 24.0000MHZ 10ppM
Added Member To Class: ClassName=Alt_BRD_PowerModules Member=Component G2 32.768kHz ±20ppm
Added Member To Class: ClassName=Alt_BRD_PowerModules Member=Component L3 0 ohm NoBom
Added Member To Class: ClassName=Alt_BRD_PowerModules Member=Component L4 0 ohm NoBom
Added Member To Class: ClassName=Alt_BRD_PowerModules Member=Component R2 0
Added Member To Class: ClassName=Alt_BRD_PowerModules Member=Component R4 10k
Added Member To Class: ClassName=Alt_BRD_PowerModules Member=Component R10 10k
Added Member To Class: ClassName=Alt_BRD_PowerModules Member=Component R16 10k
Added Member To Class: ClassName=Alt_BRD_PowerModules Member=Component R20 10k
Added Member To Class: ClassName=Alt_BRD_PowerModules Member=Component R34 10M 5%
Added Member To Class: ClassName=Alt_BRD_PowerModules Member=Component R36 0
Added Member To Class: ClassName=Alt_BRD_PowerModules Member=Component SB1 PTS525SM15SMTR2 LFS
Added Member To Class: ClassName=Alt_BRD_PowerModules Member=Component SB2 PTS525SM15SMTR2 LFS
Added Member To Class: ClassName=Alt_BRD_PowerModules Member=Component WA1 INVERTED-F ANTENNA-MIFA  2,4Ghz
Added Member To Class: ClassName=Alt_BRD_PowerModules Member=Component X31 PLLS1.27-1-TOP-R
Added Member To Class: ClassName=Alt_BRD_PowerModules Member=Component X32 PLLS1.27-1-TOP-R
Added Member To Class: ClassName=Alt_BRD_PowerModules Member=Component XP6 PLS-3
Added Member To Class: ClassName=Alt_BRD_PowerModules Member=Component XS4 PBS-7
Added Member To Class: ClassName=Alt_BRD_PowerModules Member=Component ZL1 600Ohms@100MHz
Added Member To Class: ClassName=Alt_BRD_PowerModules Member=Component ZL2 600Ohms@100MHz
