Change Component Designator: OldDesignator=C1 NewDesignator=C23
Change Component Designator: OldDesignator=C2 NewDesignator=C19
Change Component Designator: OldDesignator=C3 NewDesignator=C20
Change Component Designator: OldDesignator=C4 NewDesignator=C25
Change Component Designator: OldDesignator=C5 NewDesignator=C21
Change Component Designator: OldDesignator=C6 NewDesignator=C26
Change Component Designator: OldDesignator=C7 NewDesignator=C27
Change Component Designator: OldDesignator=C9 NewDesignator=C29
Change Component Designator: OldDesignator=C10 NewDesignator=C28
Change Component Designator: OldDesignator=C11 NewDesignator=C30
Change Component Designator: OldDesignator=C13 NewDesignator=C31
Change Component Designator: OldDesignator=C14 NewDesignator=C32
Change Component Designator: OldDesignator=C15 NewDesignator=C22
Change Component Designator: OldDesignator=C16 NewDesignator=C24
Change Component Designator: OldDesignator=DD1 NewDesignator=DD4
Change Component Designator: OldDesignator=DD2 NewDesignator=DD5
Change Component Designator: OldDesignator=HL1 NewDesignator=HL11
Change Component Designator: OldDesignator=HL2 NewDesignator=HL8
Change Component Designator: OldDesignator=HL3 NewDesignator=HL9
Change Component Designator: OldDesignator=HL4 NewDesignator=HL10
Change Component Designator: OldDesignator=L1 NewDesignator=L3
Change Component Designator: OldDesignator=R1 NewDesignator=R36
Change Component Designator: OldDesignator=R2 NewDesignator=R34
Change Component Designator: OldDesignator=R3 NewDesignator=R35
Change Component Designator: OldDesignator=R4 NewDesignator=R43
Change Component Designator: OldDesignator=R5 NewDesignator=R45
Change Component Designator: OldDesignator=R6 NewDesignator=R37
Change Component Designator: OldDesignator=R7 NewDesignator=R38
Change Component Designator: OldDesignator=R8 NewDesignator=R39
Change Component Designator: OldDesignator=R9 NewDesignator=R40
Change Component Designator: OldDesignator=R10 NewDesignator=R41
Change Component Designator: OldDesignator=R11 NewDesignator=R42
Change Component Designator: OldDesignator=R12 NewDesignator=R44
Change Component Designator: OldDesignator=VT1 NewDesignator=VT2
Change Component Designator: OldDesignator=X1 NewDesignator=X33
Change Component Designator: OldDesignator=X2 NewDesignator=X34
Change Component Designator: OldDesignator=X3 NewDesignator=X35
Change Component Designator: OldDesignator=X4 NewDesignator=X36
Change Component Designator: OldDesignator=X5 NewDesignator=X37
Change Component Designator: OldDesignator=X6 NewDesignator=X31
Change Component Designator: OldDesignator=X7 NewDesignator=X32
Change Component Designator: OldDesignator=XP1 NewDesignator=XP33
Change Component Designator: OldDesignator=XP2 NewDesignator=XP35
Change Component Designator: OldDesignator=XP3 NewDesignator=XP34
Change Component Designator: OldDesignator=XP4 NewDesignator=XP36
Change Component Designator: OldDesignator=XP5 NewDesignator=XP37
Change Component Designator: OldDesignator=XP6 NewDesignator=XP38
Change Component Designator: OldDesignator=XP9 NewDesignator=XP39
Change Component Designator: OldDesignator=XS1 NewDesignator=XS4
Change Net Name : Old Net Name=NetC10_2 New Net Name=NetC28_2
Change Net Name : Old Net Name=NetC13_1 New Net Name=NetC31_1
Change Net Name : Old Net Name=NetC15_2 New Net Name=NetC22_2
Change Net Name : Old Net Name=NetDD1_16 New Net Name=NetDD4_16
Change Net Name : Old Net Name=NetDD2_1 New Net Name=NetDD5_1
Change Net Name : Old Net Name=NetDD2_3 New Net Name=NetDD5_3
Change Net Name : Old Net Name=NetDD2_4 New Net Name=NetDD5_4
Change Net Name : Old Net Name=NetDD2_12 New Net Name=NetDD5_12
Change Net Name : Old Net Name=NetDD2_24 New Net Name=NetDD5_24
Added Pin To Net: NetName=NetC19_2 Pin=C19-2
Added Pin To Net: NetName=NetC19_2 Pin=C20-2
Added Pin To Net: NetName=NetC19_2 Pin=DD4-1
Added Pin To Net: NetName=NetC19_2 Pin=DD4-8
Added Pin To Net: NetName=NetC19_2 Pin=DD4-9
Added Net: Name=NetC19_2
Added Pin To Net: NetName=NetC27_2 Pin=C27-2
Added Pin To Net: NetName=NetC27_2 Pin=DD5-8
Added Pin To Net: NetName=NetC27_2 Pin=ZL1-2
Added Net: Name=NetC27_2
Added Pin To Net: NetName=NetDD4_4 Pin=DD4-4
Added Pin To Net: NetName=NetDD4_4 Pin=X32-1
Added Net: Name=NetDD4_4
Added Pin To Net: NetName=NetDD5_5 Pin=DD5-5
Added Pin To Net: NetName=NetDD5_5 Pin=XP8-1
Added Net: Name=NetDD5_5
Added Pin To Net: NetName=NetDD5_13 Pin=DD5-13
Added Pin To Net: NetName=NetDD5_13 Pin=XP19-1
Added Net: Name=NetDD5_13
Added Pin To Net: NetName=NetDD5_14 Pin=DD5-14
Added Pin To Net: NetName=NetDD5_14 Pin=XP18-1
Added Net: Name=NetDD5_14
Added Pin To Net: NetName=NetDD5_22 Pin=DD5-22
Added Pin To Net: NetName=NetDD5_22 Pin=X33-1
Added Net: Name=NetDD5_22
Added Pin To Net: NetName=NetHL8_K Pin=HL8-K
Added Pin To Net: NetName=NetHL8_K Pin=R34-1
Added Net: Name=NetHL8_K
Added Pin To Net: NetName=NetHL9_K Pin=HL9-K
Added Pin To Net: NetName=NetHL9_K Pin=R35-1
Added Net: Name=NetHL9_K
Added Pin To Net: NetName=NetHL10_A Pin=HL10-A
Added Pin To Net: NetName=NetHL10_A Pin=R36-1
Added Net: Name=NetHL10_A
Added Pin To Net: NetName=NetHL11_A Pin=HL11-A
Added Pin To Net: NetName=NetHL11_A Pin=R44-1
Added Net: Name=NetHL11_A
Added Member To Class: ClassName=Alt_BRD_PowerModules Member=Component C19 1u 10V
Added Member To Class: ClassName=Alt_BRD_PowerModules Member=Component C20 100n 16V
Added Member To Class: ClassName=Alt_BRD_PowerModules Member=Component C21 100n 16V
Added Member To Class: ClassName=Alt_BRD_PowerModules Member=Component C22 47uF 6.3V
Added Member To Class: ClassName=Alt_BRD_PowerModules Member=Component C23 47uF 6.3V
Added Member To Class: ClassName=Alt_BRD_PowerModules Member=Component C24 100n 16V
Added Member To Class: ClassName=Alt_BRD_PowerModules Member=Component C25 10u 6.3V 0402
Added Member To Class: ClassName=Alt_BRD_PowerModules Member=Component C26 100n 25V
Added Member To Class: ClassName=Alt_BRD_PowerModules Member=Component C27 10u 6.3V 0402
Added Member To Class: ClassName=Alt_BRD_PowerModules Member=Component C28 10u 6.3V 0402
Added Member To Class: ClassName=Alt_BRD_PowerModules Member=Component C29 100n 16V
Added Member To Class: ClassName=Alt_BRD_PowerModules Member=Component C30 100n 25V
Added Member To Class: ClassName=Alt_BRD_PowerModules Member=Component C31 100n 25V
Added Member To Class: ClassName=Alt_BRD_PowerModules Member=Component C32 47uF 6.3V
Added Member To Class: ClassName=Alt_BRD_PowerModules Member=Component DD4 FT230XQ-R
Added Member To Class: ClassName=Alt_BRD_PowerModules Member=Component DD5 ATSAML10D16A-MUT
Added Member To Class: ClassName=Alt_BRD_PowerModules Member=Component HL8 Bl 0603
Added Member To Class: ClassName=Alt_BRD_PowerModules Member=Component HL9 Bl 0603
Added Member To Class: ClassName=Alt_BRD_PowerModules Member=Component HL10 Bl 0603
Added Member To Class: ClassName=Alt_BRD_PowerModules Member=Component HL11 Bl 0603
Added Member To Class: ClassName=Alt_BRD_PowerModules Member=Component L3 2.2UH 1.3
Added Member To Class: ClassName=Alt_BRD_PowerModules Member=Component R34 620
Added Member To Class: ClassName=Alt_BRD_PowerModules Member=Component R35 620
Added Member To Class: ClassName=Alt_BRD_PowerModules Member=Component R36 620
Added Member To Class: ClassName=Alt_BRD_PowerModules Member=Component R37 ?
Added Member To Class: ClassName=Alt_BRD_PowerModules Member=Component R38 ?
Added Member To Class: ClassName=Alt_BRD_PowerModules Member=Component R39 0
Added Member To Class: ClassName=Alt_BRD_PowerModules Member=Component R40 0
Added Member To Class: ClassName=Alt_BRD_PowerModules Member=Component R41 0
Added Member To Class: ClassName=Alt_BRD_PowerModules Member=Component R42 0
Added Member To Class: ClassName=Alt_BRD_PowerModules Member=Component R43 0
Added Member To Class: ClassName=Alt_BRD_PowerModules Member=Component R44 620
Added Member To Class: ClassName=Alt_BRD_PowerModules Member=Component R45 5.1k
Added Member To Class: ClassName=Alt_BRD_PowerModules Member=Component VT2 IRLML6401PbF
Added Member To Class: ClassName=Alt_BRD_PowerModules Member=Component X31 PLLS1.27-1-TOP-R
Added Member To Class: ClassName=Alt_BRD_PowerModules Member=Component X32 PLLS1.27-1-TOP-R
Added Member To Class: ClassName=Alt_BRD_PowerModules Member=Component X33 PLLS1.27-1-TOP-R
Added Member To Class: ClassName=Alt_BRD_PowerModules Member=Component X34 PLLS1.27-1-TOP-R
Added Member To Class: ClassName=Alt_BRD_PowerModules Member=Component X35 PLLS1.27-1-TOP-R
Added Member To Class: ClassName=Alt_BRD_PowerModules Member=Component X36 PLLS1.27-1-TOP-R
Added Member To Class: ClassName=Alt_BRD_PowerModules Member=Component X37 PLLS1.27-1-TOP-R
Added Member To Class: ClassName=Alt_BRD_PowerModules Member=Component XP33 3220-10-0100-00 edge
Added Member To Class: ClassName=Alt_BRD_PowerModules Member=Component XP34 PLS-1
Added Member To Class: ClassName=Alt_BRD_PowerModules Member=Component XP35 PLS-1
Added Member To Class: ClassName=Alt_BRD_PowerModules Member=Component XP36 PLS-1
Added Member To Class: ClassName=Alt_BRD_PowerModules Member=Component XP37 PLS-1
Added Member To Class: ClassName=Alt_BRD_PowerModules Member=Component XP38 PLS-1
Added Member To Class: ClassName=Alt_BRD_PowerModules Member=Component XP39 PLS-1
Added Member To Class: ClassName=Alt_BRD_PowerModules Member=Component XS4 10118194-0001LF
PCB-ECO: Change Pad Pin/Pkg Length: Old=2.54mm New=0mm
